
          -------------------------------------------------------
          Amber 20 PMEMD                              2020
          -------------------------------------------------------

| PMEMD implementation of SANDER, Release 18

|  Compiled date/time: Fri Dec  3 18:13:40 2021
| Run on 12/01/2023 at 21:26:25

|   Executable path: pmemd.cuda
| Working directory: /home/web_service/b-zacharias-website/scripts/rsremd/s100pmatch3_86da2013-a1ea-4cd4-a297-6b678e927cac
|          Hostname: Unknown
  [-O]verwriting output

File Assignments:
|   MDIN: ../min.in                                                             
|  MDOUT: min.out                                                               
| INPCRD: myprotein.rst                                                         
|   PARM: myprotein_hrpt.prmtop                                                 
| RESTRT: min.rst                                                               
|   REFC: refc                                                                  
|  MDVEL: mdvel                                                                 
|   MDEN: mden                                                                  
|  MDCRD: min.nc                                                                
| MDINFO: mdinfo                                                                
|  MDFRC: mdfrc                                                                 


 Here is the input file:

# Energy Minimization                                                          
 &cntrl                                                                        
	! GENERAL FLAGS DESCRIBING THE CALCULATION                                    
  	imin=1, 	! Flag to run minimzation (=1 perform energy minimizatin)          
	                                                                              
	                                                                              
	! NATURE AND FORMAT OF THE INPUT                                              
	ntx=1,		! Flag to read the coordinates and velocities from an ASCII coordinate
	irest=0,	! Flag to restart the simulations with velocities and step counter fr
	                                                                              
	! NATURE AND FORMAT OF THE OUTPUT	                                            
	ntpr=100,	! Num of Timesteps to Print Readable energy information             
	ntwx=0,		! freq of writing coordinates to the mdcrd file                      
                                                                               
	! ENERGY MINIMIZATION                                                         
	maxcyc=2000,	! max number of cycles of minimization; default = 1              
	ncyc=1000,	! ntmin=1(default), method of minimization will be swicthed from st
                                                                               
	! POTENTIAL FUNCTION PARAMETERS                                               
	cut=8.0,	! Flag that specifies the nonbonded cutoff in Angstrom               
 &end                                                                          


Note: ig = -1. Setting random seed to   461840 based on wallclock time in 
      microseconds.
| irandom = 1, using AMBER's internal random number generator (default).
 
|--------------------- INFORMATION ----------------------
| GPU (CUDA) Version of PMEMD in use: NVIDIA GPU IN USE.
|                    Version 18.0.0
| 
|                      03/25/2018
| 
| Implementation by:
|                    Ross C. Walker     (SDSC)
|                    Scott Le Grand     (nVIDIA)
| 
| Version 18 performance extensions by:
|                    David Cerutti     (Rutgers)
| 
| Precision model in use:
|      [SPFP] - Single Precision Forces, 64-bit Fixed Point
|               Accumulation. (Default)
| 
|--------------------------------------------------------
 
|----------------- CITATION INFORMATION -----------------
|
|    When publishing work that utilized the CUDA version
|    of AMBER, please cite the following in addition to
|    the regular AMBER citations:
|
|  - Romelia Salomon-Ferrer; Andreas W. Goetz; Duncan
|    Poole; Scott Le Grand; Ross C. Walker "Routine
|    microsecond molecular dynamics simulations with
|    AMBER - Part II: Particle Mesh Ewald", J. Chem.
|    Theory Comput., 2013, 9 (9), pp3878-3888,
|    DOI: 10.1021/ct400314y.
|
|  - Andreas W. Goetz; Mark J. Williamson; Dong Xu;
|    Duncan Poole; Scott Le Grand; Ross C. Walker
|    "Routine microsecond molecular dynamics simulations
|    with AMBER - Part I: Generalized Born", J. Chem.
|    Theory Comput., 2012, 8 (5), pp1542-1555.
|
|  - Scott Le Grand; Andreas W. Goetz; Ross C. Walker
|    "SPFP: Speed without compromise - a mixed precision
|    model for GPU accelerated molecular dynamics
|    simulations.", Comp. Phys. Comm., 2013, 184
|    pp374-380, DOI: 10.1016/j.cpc.2012.09.022
|
|--------------------------------------------------------
 
|------------------- GPU DEVICE INFO --------------------
|
|            CUDA_VISIBLE_DEVICES: not set
|   CUDA Capable Devices Detected:      1
|           CUDA Device ID in use:      0
|                CUDA Device Name: NVIDIA GeForce RTX 3070
|     CUDA Device Global Mem Size:   7965 MB
| CUDA Device Num Multiprocessors:     46
|           CUDA Device Core Freq:   1.75 GHz
|
|--------------------------------------------------------
 
 
| Conditional Compilation Defines Used:
| PUBFFT
| BINTRAJ
| CUDA
| EMIL

| Largest sphere to fit in unit cell has radius =    27.569

| New format PARM file being parsed.
| Version =    1.000 Date = 12/01/23 Time = 21:26:16

| Note: 1-4 EEL scale factors are being read from the topology file.

| Note: 1-4 VDW scale factors are being read from the topology file.
| Duplicated    0 dihedrals

| Duplicated    0 dihedrals

--------------------------------------------------------------------------------
   1.  RESOURCE   USE: 
--------------------------------------------------------------------------------

 getting new box info from bottom of inpcrd
 NATOM  =   26538 NTYPES =      19 NBONH =   19446 MBONA  =    7080
 NTHETH =    2012 MTHETA =    1194 NPHIH =    3991 MPHIA  =    3764
 NHPARM =       0 NPARM  =       0 NNB   =   53013 NRES   =    6325
 NBONA  =    7080 NTHETA =    1194 NPHIA =    3764 NUMBND =      69
 NUMANG =     156 NPTRA  =     206 NATYP =      38 NPHB   =       1
 IFBOX  =       2 NMXRS  =      26 IFCAP =       0 NEXTRA =    6188
 NCOPY  =       0

| Coordinate Index Table dimensions:    13   13   13
| Direct force subcell size =     5.1946    5.1946    5.1946

     BOX TYPE: TRUNCATED OCTAHEDRON

--------------------------------------------------------------------------------
   2.  CONTROL  DATA  FOR  THE  RUN
--------------------------------------------------------------------------------

default_name                                                                    

General flags:
     imin    =       1, nmropt  =       0

Nature and format of input:
     ntx     =       1, irest   =       0, ntrx    =       1

Nature and format of output:
     ntxo    =       2, ntpr    =     100, ntrx    =       1, ntwr    =       1
     iwrap   =       0, ntwx    =       0, ntwv    =       0, ntwe    =       0
     ioutfm  =       1, ntwprt  =       0, idecomp =       0, rbornstat=      0

Potential function:
     ntf     =       1, ntb     =       1, igb     =       0, nsnb    =      25
     ipol    =       0, gbsa    =       0, iesp    =       0
     dielc   =   1.00000, cut     =   8.00000, intdiel =   1.00000

Frozen or restrained atoms:
     ibelly  =       0, ntr     =       0

Energy minimization:
     maxcyc  =    2000, ncyc    =    1000, ntmin   =       1
     dx0     =   0.01000, drms    =   0.00010

| Intermolecular bonds treatment:
|     no_intermolecular_bonds =       1

| Energy averages sample interval:
|     ene_avg_sampling =       1

Extra-points options:
     frameon =       1, chngmask=       1

Ewald parameters:
     verbose =       0, ew_type =       0, nbflag  =       1, use_pme =       1
     vdwmeth =       1, eedmeth =       1, netfrc  =       0
     Box X =   67.530   Box Y =   67.530   Box Z =   67.530
     Alpha =  109.471   Beta  =  109.471   Gamma =  109.471
     NFFT1 =   64       NFFT2 =   64       NFFT3 =   64
     Cutoff=    8.000   Tol   =0.100E-04
     Ewald Coefficient =  0.34864
     Interpolation order =    4
|      EXTRA_PTS, trim_bonds: num bonds BEFORE trim = 19446     0
|      EXTRA_PTS, trim_bonds: num bonds AFTER  trim = 19446     0
|      EXTRA_PTS, trim_bonds: num bonds BEFORE trim =  7080     0
|      EXTRA_PTS, trim_bonds: num bonds AFTER  trim =   892     0
|      EXTRA_PTS, trim_theta: num angle BEFORE trim =  2012     0
|      EXTRA_PTS, trim_theta: num angle AFTER  trim =  2012     0
|      EXTRA_PTS, trim_theta: num angle BEFORE trim =  1194     0
|      EXTRA_PTS, trim_theta: num angle AFTER  trim =  1194     0
|      EXTRA_PTS, trim_phi:  num diheds BEFORE trim =  3991     0
|      EXTRA_PTS, trim_phi:  num diheds AFTER  trim =  3991     0
|      EXTRA_PTS, trim_phi:  num diheds BEFORE trim =  3764     0
|      EXTRA_PTS, trim_phi:  num diheds AFTER  trim =  3764     0

--------------------------------------------------------------------------------
   3.  ATOMIC COORDINATES AND VELOCITIES
--------------------------------------------------------------------------------

default_name                                                                    
 begin time read from input coords =     0.000 ps

 
 Number of triangulated 3-point waters found:     6188

     Sum of charges from parm topology file =   0.00003388
     Forcing neutrality...

| Dynamic Memory, Types Used:
| Reals              746838
| Integers          1625493

| Nonbonded Pairs Initial Allocation:     4432509

| GPU memory information (estimate):
| KB of GPU memory in use:     80858
| KB of CPU memory in use:     44570

--------------------------------------------------------------------------------
   4.  RESULTS
--------------------------------------------------------------------------------



   NSTEP       ENERGY          RMS            GMAX         NAME    NUMBER
      1       2.0736E+07     2.0527E+02     2.1624E+04     HG3      1741

 BOND    =       39.5749  ANGLE   =      125.8021  DIHED      =     1297.8390
 VDWAALS = 20816241.2672  EEL     =   -87654.2429  HBOND      =        0.0000
 1-4 VDW =      547.9341  1-4 EEL =     5253.5199  RESTRAINT  =        0.0000


   NSTEP       ENERGY          RMS            GMAX         NAME    NUMBER
    100      -9.6200E+04     3.9080E+00     5.9310E+02     C        1435

 BOND    =    13974.0475  ANGLE   =      210.4580  DIHED      =     1330.7273
 VDWAALS =    10994.8745  EEL     =  -128140.9688  HBOND      =        0.0000
 1-4 VDW =      412.3540  1-4 EEL =     5018.2237  RESTRAINT  =        0.0000


   NSTEP       ENERGY          RMS            GMAX         NAME    NUMBER
    200      -9.9389E+04     8.3331E-01     8.3621E+01     C        1435

 BOND    =    15019.2885  ANGLE   =      197.4555  DIHED      =     1318.9392
 VDWAALS =    13115.1492  EEL     =  -134405.0810  HBOND      =        0.0000
 1-4 VDW =      385.1959  1-4 EEL =     4980.0237  RESTRAINT  =        0.0000


   NSTEP       ENERGY          RMS            GMAX         NAME    NUMBER
    300      -1.0115E+05     6.4273E-01     5.3488E+01     C         657

 BOND    =    15831.0650  ANGLE   =      198.1865  DIHED      =     1306.6113
 VDWAALS =    14726.7228  EEL     =  -138550.7675  HBOND      =        0.0000
 1-4 VDW =      374.5685  1-4 EEL =     4965.9168  RESTRAINT  =        0.0000


   NSTEP       ENERGY          RMS            GMAX         NAME    NUMBER
    400      -1.0241E+05     9.0125E-01     8.4883E+01     C         677

 BOND    =    16523.1376  ANGLE   =      201.1432  DIHED      =     1299.3954
 VDWAALS =    15966.0371  EEL     =  -141721.8855  HBOND      =        0.0000
 1-4 VDW =      369.1021  1-4 EEL =     4957.5993  RESTRAINT  =        0.0000


   NSTEP       ENERGY          RMS            GMAX         NAME    NUMBER
    500      -1.0336E+05     7.6776E-01     6.4529E+01     C         677

 BOND    =    16972.8240  ANGLE   =      200.4048  DIHED      =     1293.4717
 VDWAALS =    16940.8577  EEL     =  -144081.0886  HBOND      =        0.0000
 1-4 VDW =      365.5475  1-4 EEL =     4952.2542  RESTRAINT  =        0.0000


   NSTEP       ENERGY          RMS            GMAX         NAME    NUMBER
    600      -1.0406E+05     6.1729E-01     3.9760E+01     C         677

 BOND    =    17474.8326  ANGLE   =      201.5383  DIHED      =     1287.5201
 VDWAALS =    17749.6889  EEL     =  -146088.0805  HBOND      =        0.0000
 1-4 VDW =      362.9818  1-4 EEL =     4947.0351  RESTRAINT  =        0.0000


   NSTEP       ENERGY          RMS            GMAX         NAME    NUMBER
    700      -1.0462E+05     4.8028E-01     2.6890E+01     CE2       673

 BOND    =    17771.5472  ANGLE   =      202.5210  DIHED      =     1281.6648
 VDWAALS =    18405.4169  EEL     =  -147586.2454  HBOND      =        0.0000
 1-4 VDW =      361.1024  1-4 EEL =     4943.3779  RESTRAINT  =        0.0000


   NSTEP       ENERGY          RMS            GMAX         NAME    NUMBER
    800      -1.0507E+05     2.8494E-01     9.9566E+00     CD1       667

 BOND    =    18039.9759  ANGLE   =      202.2273  DIHED      =     1277.4146
 VDWAALS =    18910.6799  EEL     =  -148805.3722  HBOND      =        0.0000
 1-4 VDW =      360.0100  1-4 EEL =     4940.2719  RESTRAINT  =        0.0000


   NSTEP       ENERGY          RMS            GMAX         NAME    NUMBER
    900      -1.0547E+05     3.0683E-01     1.6308E+01     CE2       673

 BOND    =    18272.6727  ANGLE   =      202.6841  DIHED      =     1273.9192
 VDWAALS =    19336.8293  EEL     =  -149854.1216  HBOND      =        0.0000
 1-4 VDW =      359.2328  1-4 EEL =     4937.6090  RESTRAINT  =        0.0000


   NSTEP       ENERGY          RMS            GMAX         NAME    NUMBER
   1000      -1.0581E+05     8.3555E-01     7.2387E+01     CE2       673

 BOND    =    18475.9340  ANGLE   =      203.8358  DIHED      =     1271.2332
 VDWAALS =    19688.2063  EEL     =  -150742.2894  HBOND      =        0.0000
 1-4 VDW =      358.6196  1-4 EEL =     4935.1519  RESTRAINT  =        0.0000


   NSTEP       ENERGY          RMS            GMAX         NAME    NUMBER
   1100      -1.0724E+05     7.2917E-01     2.8229E+01     H2      23477

 BOND    =    19318.7770  ANGLE   =      204.0950  DIHED      =     1260.0114
 VDWAALS =    21272.3877  EEL     =  -154578.6751  HBOND      =        0.0000
 1-4 VDW =      356.9485  1-4 EEL =     4924.5064  RESTRAINT  =        0.0000


   NSTEP       ENERGY          RMS            GMAX         NAME    NUMBER
   1200      -1.0778E+05     5.0615E-01     2.4367E+01     CZ       1639

 BOND    =    19560.3138  ANGLE   =      203.4448  DIHED      =     1259.2751
 VDWAALS =    21618.7862  EEL     =  -155699.3805  HBOND      =        0.0000
 1-4 VDW =      356.1422  1-4 EEL =     4925.2251  RESTRAINT  =        0.0000


   NSTEP       ENERGY          RMS            GMAX         NAME    NUMBER
   1300      -1.0828E+05     4.2146E-01     1.8379E+01     CZ       1639

 BOND    =    19808.4363  ANGLE   =      202.9696  DIHED      =     1257.7129
 VDWAALS =    22103.0118  EEL     =  -156933.5121  HBOND      =        0.0000
 1-4 VDW =      355.1835  1-4 EEL =     4923.6723  RESTRAINT  =        0.0000


   NSTEP       ENERGY          RMS            GMAX         NAME    NUMBER
   1400      -1.0862E+05     3.3276E-01     2.7475E+01     CD        469

 BOND    =    19978.5841  ANGLE   =      202.2715  DIHED      =     1255.9675
 VDWAALS =    22428.6976  EEL     =  -157759.7702  HBOND      =        0.0000
 1-4 VDW =      355.1745  1-4 EEL =     4921.8862  RESTRAINT  =        0.0000


   NSTEP       ENERGY          RMS            GMAX         NAME    NUMBER
   1500      -1.0882E+05     2.9764E-01     1.2023E+01     CD        469

 BOND    =    20093.7164  ANGLE   =      201.7819  DIHED      =     1255.4367
 VDWAALS =    22634.9466  EEL     =  -158285.0490  HBOND      =        0.0000
 1-4 VDW =      354.7772  1-4 EEL =     4920.7749  RESTRAINT  =        0.0000


   NSTEP       ENERGY          RMS            GMAX         NAME    NUMBER
   1600      -1.0904E+05     2.8781E-01     1.6500E+01     CZ       1639

 BOND    =    20226.1252  ANGLE   =      201.4596  DIHED      =     1255.4057
 VDWAALS =    22867.5372  EEL     =  -158866.7894  HBOND      =        0.0000
 1-4 VDW =      354.3766  1-4 EEL =     4919.7522  RESTRAINT  =        0.0000


   NSTEP       ENERGY          RMS            GMAX         NAME    NUMBER
   1700      -1.0922E+05     2.5104E-01     1.5095E+01     CZ       1639

 BOND    =    20316.7799  ANGLE   =      201.8270  DIHED      =     1255.2244
 VDWAALS =    23026.7328  EEL     =  -159291.1049  HBOND      =        0.0000
 1-4 VDW =      353.8949  1-4 EEL =     4917.8729  RESTRAINT  =        0.0000


   NSTEP       ENERGY          RMS            GMAX         NAME    NUMBER
   1800      -1.0946E+05     2.4009E-01     1.2502E+01     O        4595

 BOND    =    20404.5751  ANGLE   =      201.0761  DIHED      =     1251.9496
 VDWAALS =    23223.0232  EEL     =  -159808.6418  HBOND      =        0.0000
 1-4 VDW =      353.6965  1-4 EEL =     4917.3732  RESTRAINT  =        0.0000


   NSTEP       ENERGY          RMS            GMAX         NAME    NUMBER
   1900      -1.0959E+05     1.8564E-01     9.5955E+00     CD        577

 BOND    =    20468.5106  ANGLE   =      201.0931  DIHED      =     1250.7335
 VDWAALS =    23309.1279  EEL     =  -160085.6605  HBOND      =        0.0000
 1-4 VDW =      353.5313  1-4 EEL =     4916.7579  RESTRAINT  =        0.0000


   NSTEP       ENERGY          RMS            GMAX         NAME    NUMBER
   2000      -1.0970E+05     1.6728E-01     1.1027E+01     CD        577

 BOND    =    20515.4657  ANGLE   =      201.7826  DIHED      =     1249.8783
 VDWAALS =    23402.2991  EEL     =  -160339.7295  HBOND      =        0.0000
 1-4 VDW =      353.2209  1-4 EEL =     4914.9222  RESTRAINT  =        0.0000


  Maximum number of minimization cycles reached.


                    FINAL RESULTS



   NSTEP       ENERGY          RMS            GMAX         NAME    NUMBER
   2000      -1.0970E+05     1.6728E-01     1.1027E+01     CD        577

 BOND    =    20515.4657  ANGLE   =      201.7826  DIHED      =     1249.8783
 VDWAALS =    23402.2991  EEL     =  -160339.7295  HBOND      =        0.0000
 1-4 VDW =      353.2209  1-4 EEL =     4914.9222  RESTRAINT  =        0.0000
--------------------------------------------------------------------------------
   5.  TIMINGS
--------------------------------------------------------------------------------

|  NonSetup CPU Time in Major Routines:
|
|     Routine           Sec        %
|     ------------------------------
|     Nonbond           0.99   45.45
|     Bond              0.00    0.00
|     Angle             0.00    0.00
|     Dihedral          0.00    0.00
|     Shake             0.00    0.00
|     Other             1.19   54.55
|     ------------------------------
|     Total             2.17

|  PME Nonbond Pairlist CPU Time:
|
|     Routine              Sec        %
|     ---------------------------------
|     Set Up Cit           0.00    0.00
|     Build List           0.00    0.00
|     ---------------------------------
|     Total                0.00    0.00

|  PME Direct Force CPU Time:
|
|     Routine              Sec        %
|     ---------------------------------
|     NonBonded Calc       0.00    0.00
|     Exclude Masked       0.00    0.00
|     Other                0.00    0.04
|     ---------------------------------
|     Total                0.00    0.04

|  PME Reciprocal Force CPU Time:
|
|     Routine              Sec        %
|     ---------------------------------
|     1D bspline           0.00    0.00
|     Grid Charges         0.00    0.00
|     Scalar Sum           0.00    0.00
|     Gradient Sum         0.00    0.00
|     FFT                  0.00    0.00
|     ---------------------------------
|     Total                0.00    0.00

|  Setup CPU time:            0.84 seconds
|  NonSetup CPU time:         2.17 seconds
|  Total CPU time:            3.01 seconds     0.00 hours

|  Setup wall time:           1    seconds
|  NonSetup wall time:        3    seconds
|  Total wall time:           4    seconds     0.00 hours
