
          -------------------------------------------------------
          Amber 20 PMEMD                              2020
          -------------------------------------------------------

| PMEMD implementation of SANDER, Release 18

|  Compiled date/time: Fri Dec  3 18:13:40 2021
| Run on 12/01/2023 at 21:27:07

|   Executable path: pmemd.cuda_SPFP.MPI
| Working directory: /home/web_service/b-zacharias-website/scripts/rsremd/s100pmatch3_86da2013-a1ea-4cd4-a297-6b678e927cac
|          Hostname: Unknown
  [-O]verwriting output

File Assignments:
|   MDIN: ../remd.in                                                            
|  MDOUT: remd_8.out                                                            
| INPCRD: mdwat6.rst                                                            
|   PARM: syst_8.top                                                            
| RESTRT: remd_8.rst                                                            
|   REFC: refc                                                                  
|  MDVEL: mdvel.007                                                             
|   MDEN: mden.007                                                              
|  MDCRD: remd_8.nc                                                             
| MDINFO: mdinfo.008                                                            
|LOGFILE: logfile.008                                                           
|  MDFRC: mdfrc.007                                                             


 Here is the input file:

                                                                               
# MD input for pull simulation & Umbrella Sampling                             
 &cntrl                                                                        
	! GENERAL FLAGS DESCRIBING THE CALCULATION                                    
	! NATURE AND FORMAT OF THE INPUT                                              
	ntx=5,		! Flag to read the coordinates and velocities from an ASCII coordinate
	irest=1,	! Flag to restart the simulations with velocities and step counter fr
                                                                               
	! NATURE AND FORMAT OF THE OUTPUT	                                            
	ntxo=2, 	! Format of final coordinates, here NetCDF file                      
	ntpr=10000,	! Num of Timesteps to Print Readable energy information           
	ntwr=10000,	! Number of timesteps to write out a backup restrt file           
	iwrap=0,	! Coordinates written to the restart and trajectory files will be "wr
	ntwx=10000,	! Freq of writing coordinates to the mdcrd file                   
	ioutfm=1,       ! Format of coordinate and velocity trajectory files; =1 means
                                                                               
	! FROZEN OR RESTRAINT ATOMS                                                   
	ntr=0, 		! Restraining specific atoms; =0 means no restraints                 
                                                                               
	! MOLECULAR DYNAMICS                                                          
	nstlim=250,	! Number of MD steps to be performed between exchange attempts (he
	nscm=0,         ! Removal of translational and rotational center-of-mass motio
	dt=0.004,	! Time step in ps, 0.002 works by repartitioning the H-weights      
	numexchg=5000, ! Number of exchange attempts, total simulation length will be 
                                                                               
	! TEMPERATURE REGULATION                                                      
	ntt=3,		! Flag for the coupling algorithm; ntt=1 means weak coupling          
	temp0=300.0,	! Reference temperature to be kept by the system                 
	tautp=5.0, 	! Time constant, in ps, for heat bath coupling for the system     
	gamma_ln=2.0, 	! Collision frequency when ntt=3                               
                                                                               
	! PRESSURE REGULATION                                                         
	ntp=0,		! Flag for pressure coupling; 1 means weak coupling but NVT should be 
                                                                               
	! SHAKE BOND LENGTH CONSTRAINTS                                               
	ntc=2,		! Specifies SHAKE constraints; only H-bonds in this case              
                                                                               
	! POTENTIAL FUNCTION PARAMETERS                                               
	ntf=2,		! Manipulates the force evaluation; 2 means no H-Bond evaluation      
	ntb=1,		! Periodic Boundary Conditions, =1 means constant volume              
	cut=9.0,	! Flag that specifies the nonbonded cutoff in Angstrom               
                                                                               
	! GB/SA INPUT PARAMETERS                                                      
  	igb=0, 		! Explicit water                                                   
/                                                                              
&end                                                                           
eof                                                                            


Note: ig = -1. Setting random seed to   804368 based on wallclock time in
      microseconds and disabling the synchronization of random numbers 
      between tasks to improve performance.
| irandom = 1, using AMBER's internal random number generator (default).
 
|--------------------- INFORMATION ----------------------
| GPU (CUDA) Version of PMEMD in use: NVIDIA GPU IN USE.
|                    Version 18.0.0
| 
|                      03/25/2018
| 
| Implementation by:
|                    Ross C. Walker     (SDSC)
|                    Scott Le Grand     (nVIDIA)
| 
| Version 18 performance extensions by:
|                    David Cerutti     (Rutgers)
| 
| Precision model in use:
|      [SPFP] - Single Precision Forces, 64-bit Fixed Point
|               Accumulation. (Default)
| 
|--------------------------------------------------------
 
|----------------- CITATION INFORMATION -----------------
|
|    When publishing work that utilized the CUDA version
|    of AMBER, please cite the following in addition to
|    the regular AMBER citations:
|
|  - Romelia Salomon-Ferrer; Andreas W. Goetz; Duncan
|    Poole; Scott Le Grand; Ross C. Walker "Routine
|    microsecond molecular dynamics simulations with
|    AMBER - Part II: Particle Mesh Ewald", J. Chem.
|    Theory Comput., 2013, 9 (9), pp3878-3888,
|    DOI: 10.1021/ct400314y.
|
|  - Andreas W. Goetz; Mark J. Williamson; Dong Xu;
|    Duncan Poole; Scott Le Grand; Ross C. Walker
|    "Routine microsecond molecular dynamics simulations
|    with AMBER - Part I: Generalized Born", J. Chem.
|    Theory Comput., 2012, 8 (5), pp1542-1555.
|
|  - Scott Le Grand; Andreas W. Goetz; Ross C. Walker
|    "SPFP: Speed without compromise - a mixed precision
|    model for GPU accelerated molecular dynamics
|    simulations.", Comp. Phys. Comm., 2013, 184
|    pp374-380, DOI: 10.1016/j.cpc.2012.09.022
|
|--------------------------------------------------------
 
|------------------- GPU DEVICE INFO --------------------
|
|                         Task ID:      0
|            CUDA_VISIBLE_DEVICES: not set
|   CUDA Capable Devices Detected:      1
|           CUDA Device ID in use:      0
|                CUDA Device Name: NVIDIA GeForce RTX 3070
|     CUDA Device Global Mem Size:   7965 MB
| CUDA Device Num Multiprocessors:     46
|           CUDA Device Core Freq:   1.75 GHz
|
|--------------------------------------------------------
 
|---------------- GPU PEER TO PEER INFO -----------------
|
|   Peer to Peer support: ENABLED
|
|   NCCL support: DISABLED
|
|--------------------------------------------------------
 
 
| Conditional Compilation Defines Used:
| MPI
| PUBFFT
| BINTRAJ
| CUDA
| EMIL

| Largest sphere to fit in unit cell has radius =    26.141

| New format PARM file being parsed.
| Version =    1.000 Date = 12/01/23 Time = 21:26:25

| Note: 1-4 EEL scale factors are being read from the topology file.

| Note: 1-4 VDW scale factors are being read from the topology file.
| INFO: Off Diagonal (NBFIX) LJ terms found in prmtop file.
|       The prmtop file has been modified to support atom
|       type based pairwise Lennard-Jones terms.
| Duplicated    0 dihedrals

| Duplicated    0 dihedrals

--------------------------------------------------------------------------------
   1.  RESOURCE   USE: 
--------------------------------------------------------------------------------

 getting box info from netcdf restart file
 NATOM  =   26538 NTYPES =      32 NBONH =   19446 MBONA  =    7080
 NTHETH =    2012 MTHETA =    1194 NPHIH =    3991 MPHIA  =    3764
 NHPARM =       0 NPARM  =       0 NNB   =   53013 NRES   =    6325
 NBONA  =    7080 NTHETA =    1194 NPHIA =    3764 NUMBND =      69
 NUMANG =     156 NPTRA  =     206 NATYP =      38 NPHB   =       1
 IFBOX  =       2 NMXRS  =      26 IFCAP =       0 NEXTRA =    6188
 NCOPY  =       0

| Coordinate Index Table dimensions:    10   10   10
| Direct force subcell size =     6.4033    6.4033    6.4033

     BOX TYPE: TRUNCATED OCTAHEDRON

--------------------------------------------------------------------------------
   2.  CONTROL  DATA  FOR  THE  RUN
--------------------------------------------------------------------------------

default_name                                                                    

General flags:
     imin    =       0, nmropt  =       0

Replica exchange
     numexchg=    5000, rem=       3

Nature and format of input:
     ntx     =       5, irest   =       1, ntrx    =       1

Nature and format of output:
     ntxo    =       2, ntpr    =   10000, ntrx    =       1, ntwr    =   10000
     iwrap   =       0, ntwx    =   10000, ntwv    =       0, ntwe    =       0
     ioutfm  =       1, ntwprt  =       0, idecomp =       0, rbornstat=      0

Potential function:
     ntf     =       2, ntb     =       1, igb     =       0, nsnb    =      25
     ipol    =       0, gbsa    =       0, iesp    =       0
     dielc   =   1.00000, cut     =   9.00000, intdiel =   1.00000

Frozen or restrained atoms:
     ibelly  =       0, ntr     =       0

Molecular dynamics:
     nstlim  =       250, nscm    =         0, nrespa  =         1
     t       =   0.00000, dt      =   0.00400, vlimit  =  -1.00000

Langevin dynamics temperature regulation:
     ig      =  804368
     temp0   = 300.00000, tempi   =   0.00000, gamma_ln=   2.00000

SHAKE:
     ntc     =       2, jfastw  =       0
     tol     =   0.00001

| Intermolecular bonds treatment:
|     no_intermolecular_bonds =       1

| Energy averages sample interval:
|     ene_avg_sampling =   10000

Extra-points options:
     frameon =       1, chngmask=       1

Ewald parameters:
     verbose =       0, ew_type =       0, nbflag  =       1, use_pme =       1
     vdwmeth =       1, eedmeth =       1, netfrc  =       1
     Box X =   64.033   Box Y =   64.033   Box Z =   64.033
     Alpha =  109.471   Beta  =  109.471   Gamma =  109.471
     NFFT1 =   64       NFFT2 =   64       NFFT3 =   64
     Cutoff=    9.000   Tol   =0.100E-04
     Ewald Coefficient =  0.30768
     Interpolation order =    4

| PMEMD ewald parallel performance parameters:
|     block_fft =    0
|     fft_blk_y_divisor =    2
|     excl_recip =    0
|     excl_master =    0
|     atm_redist_freq =  320
|      EXTRA_PTS, trim_bonds: num bonds BEFORE trim = 19446     0
|      EXTRA_PTS, trim_bonds: num bonds AFTER  trim = 19446     0
|      EXTRA_PTS, trim_bonds: num bonds BEFORE trim =  7080     0
|      EXTRA_PTS, trim_bonds: num bonds AFTER  trim =   892     0
|      EXTRA_PTS, trim_theta: num angle BEFORE trim =  2012     0
|      EXTRA_PTS, trim_theta: num angle AFTER  trim =  2012     0
|      EXTRA_PTS, trim_theta: num angle BEFORE trim =  1194     0
|      EXTRA_PTS, trim_theta: num angle AFTER  trim =  1194     0
|      EXTRA_PTS, trim_phi:  num diheds BEFORE trim =  3991     0
|      EXTRA_PTS, trim_phi:  num diheds AFTER  trim =  3991     0
|      EXTRA_PTS, trim_phi:  num diheds BEFORE trim =  3764     0
|      EXTRA_PTS, trim_phi:  num diheds AFTER  trim =  3764     0

--------------------------------------------------------------------------------
   3.  ATOMIC COORDINATES AND VELOCITIES
--------------------------------------------------------------------------------

default_name                                                                    
 begin time read from input coords =   180.000 ps

 
 Number of triangulated 3-point waters found:     6188

     Sum of charges from parm topology file =   0.00003388
     Forcing neutrality...

| Dynamic Memory, Types Used:
| Reals             1156404
| Integers          1985795

| Nonbonded Pairs Initial Allocation:     8027081

| GPU memory information (estimate):
| KB of GPU memory in use:    247693
| KB of CPU memory in use:     54445

| Running AMBER/MPI version on    1 MPI task

 
--------------------------------------------------------------------------------
   4.  RESULTS
--------------------------------------------------------------------------------


 NSTEP =    10000   TIME(PS) =     220.000  TEMP(K) =   300.54  PRESS =     0.0
 Etot   =    -68398.6968  EKtot   =     12423.5107  EPtot      =    -80822.2076
 BOND   =       372.1448  ANGLE   =       895.8451  DIHED      =      1398.0303
 1-4 NB =       411.8920  1-4 EEL =      4915.7868  VDWAALS    =      9930.8214
 EELEC  =    -98746.7279  EHBOND  =         0.0000  RESTRAINT  =         0.0000
 TEMP0  =       300.0000  REPNUM  =              8  EXCHANGE#  =             40
 ------------------------------------------------------------------------------


 NSTEP =    20000   TIME(PS) =     260.000  TEMP(K) =   297.20  PRESS =     0.0
 Etot   =    -68652.5336  EKtot   =     12285.4668  EPtot      =    -80938.0004
 BOND   =       383.2414  ANGLE   =       930.2631  DIHED      =      1393.8027
 1-4 NB =       402.9194  1-4 EEL =      4958.3349  VDWAALS    =      9878.0096
 EELEC  =    -98884.5714  EHBOND  =         0.0000  RESTRAINT  =         0.0000
 TEMP0  =       300.0000  REPNUM  =              8  EXCHANGE#  =             80
 ------------------------------------------------------------------------------


 NSTEP =    30000   TIME(PS) =     300.000  TEMP(K) =   301.29  PRESS =     0.0
 Etot   =    -68348.1277  EKtot   =     12454.7891  EPtot      =    -80802.9167
 BOND   =       406.6935  ANGLE   =       940.7044  DIHED      =      1395.1719
 1-4 NB =       391.7884  1-4 EEL =      4890.6550  VDWAALS    =      9959.5998
 EELEC  =    -98787.5298  EHBOND  =         0.0000  RESTRAINT  =         0.0000
 TEMP0  =       300.0000  REPNUM  =              8  EXCHANGE#  =            120
 ------------------------------------------------------------------------------


 NSTEP =    40000   TIME(PS) =     340.000  TEMP(K) =   296.83  PRESS =     0.0
 Etot   =    -68274.1352  EKtot   =     12270.2422  EPtot      =    -80544.3774
 BOND   =       423.8121  ANGLE   =       946.0319  DIHED      =      1364.1050
 1-4 NB =       409.0070  1-4 EEL =      4906.9676  VDWAALS    =      9719.4810
 EELEC  =    -98313.7821  EHBOND  =         0.0000  RESTRAINT  =         0.0000
 TEMP0  =       300.0000  REPNUM  =              8  EXCHANGE#  =            160
 ------------------------------------------------------------------------------


 NSTEP =    50000   TIME(PS) =     380.000  TEMP(K) =   302.26  PRESS =     0.0
 Etot   =    -68545.5515  EKtot   =     12494.5762  EPtot      =    -81040.1277
 BOND   =       426.0558  ANGLE   =       931.2757  DIHED      =      1393.3759
 1-4 NB =       400.1902  1-4 EEL =      4851.0273  VDWAALS    =      9918.5904
 EELEC  =    -98960.6431  EHBOND  =         0.0000  RESTRAINT  =         0.0000
 TEMP0  =       300.0000  REPNUM  =              8  EXCHANGE#  =            200
 ------------------------------------------------------------------------------


 NSTEP =    60000   TIME(PS) =     420.000  TEMP(K) =   298.76  PRESS =     0.0
 Etot   =    -68380.7160  EKtot   =     12349.9756  EPtot      =    -80730.6916
 BOND   =       414.0601  ANGLE   =       943.6340  DIHED      =      1388.3653
 1-4 NB =       397.6710  1-4 EEL =      4862.7133  VDWAALS    =      9901.4411
 EELEC  =    -98638.5763  EHBOND  =         0.0000  RESTRAINT  =         0.0000
 TEMP0  =       300.0000  REPNUM  =              8  EXCHANGE#  =            240
 ------------------------------------------------------------------------------


 NSTEP =    70000   TIME(PS) =     460.000  TEMP(K) =   304.19  PRESS =     0.0
 Etot   =    -68408.9507  EKtot   =     12574.5078  EPtot      =    -80983.4585
 BOND   =       416.0334  ANGLE   =       911.3049  DIHED      =      1377.9670
 1-4 NB =       402.8398  1-4 EEL =      4876.4591  VDWAALS    =      9683.3355
 EELEC  =    -98651.3982  EHBOND  =         0.0000  RESTRAINT  =         0.0000
 TEMP0  =       300.0000  REPNUM  =              8  EXCHANGE#  =            280
 ------------------------------------------------------------------------------


 NSTEP =    80000   TIME(PS) =     500.000  TEMP(K) =   296.44  PRESS =     0.0
 Etot   =    -68846.3442  EKtot   =     12254.1025  EPtot      =    -81100.4467
 BOND   =       421.5036  ANGLE   =       932.1552  DIHED      =      1377.3883
 1-4 NB =       412.5391  1-4 EEL =      4867.0148  VDWAALS    =      9826.5081
 EELEC  =    -98937.5559  EHBOND  =         0.0000  RESTRAINT  =         0.0000
 TEMP0  =       300.0000  REPNUM  =              8  EXCHANGE#  =            320
 ------------------------------------------------------------------------------


 NSTEP =    90000   TIME(PS) =     540.000  TEMP(K) =   300.17  PRESS =     0.0
 Etot   =    -68462.4391  EKtot   =     12408.0947  EPtot      =    -80870.5338
 BOND   =       423.0637  ANGLE   =       935.9289  DIHED      =      1379.5966
 1-4 NB =       416.2687  1-4 EEL =      4850.7558  VDWAALS    =      9687.8370
 EELEC  =    -98563.9845  EHBOND  =         0.0000  RESTRAINT  =         0.0000
 TEMP0  =       300.0000  REPNUM  =              8  EXCHANGE#  =            360
 ------------------------------------------------------------------------------


 NSTEP =   100000   TIME(PS) =     580.000  TEMP(K) =   301.01  PRESS =     0.0
 Etot   =    -68344.6582  EKtot   =     12443.2158  EPtot      =    -80787.8741
 BOND   =       391.7838  ANGLE   =       921.1372  DIHED      =      1375.5527
 1-4 NB =       400.4171  1-4 EEL =      4831.0501  VDWAALS    =      9705.7251
 EELEC  =    -98413.5401  EHBOND  =         0.0000  RESTRAINT  =         0.0000
 TEMP0  =       300.0000  REPNUM  =              8  EXCHANGE#  =            400
 ------------------------------------------------------------------------------


 NSTEP =   110000   TIME(PS) =     620.000  TEMP(K) =   299.43  PRESS =     0.0
 Etot   =    -68625.0310  EKtot   =     12377.8213  EPtot      =    -81002.8523
 BOND   =       365.6532  ANGLE   =       922.1284  DIHED      =      1397.6843
 1-4 NB =       416.0450  1-4 EEL =      4875.7954  VDWAALS    =      9992.1803
 EELEC  =    -98972.3389  EHBOND  =         0.0000  RESTRAINT  =         0.0000
 TEMP0  =       300.0000  REPNUM  =              8  EXCHANGE#  =            440
 ------------------------------------------------------------------------------


 NSTEP =   120000   TIME(PS) =     660.000  TEMP(K) =   300.12  PRESS =     0.0
 Etot   =    -68679.7772  EKtot   =     12406.4287  EPtot      =    -81086.2059
 BOND   =       382.3419  ANGLE   =       951.3771  DIHED      =      1385.5993
 1-4 NB =       390.4251  1-4 EEL =      4856.2247  VDWAALS    =     10079.7921
 EELEC  =    -99131.9661  EHBOND  =         0.0000  RESTRAINT  =         0.0000
 TEMP0  =       300.0000  REPNUM  =              8  EXCHANGE#  =            480
 ------------------------------------------------------------------------------


 NSTEP =   130000   TIME(PS) =     700.000  TEMP(K) =   303.77  PRESS =     0.0
 Etot   =    -68102.2650  EKtot   =     12557.0107  EPtot      =    -80659.2758
 BOND   =       440.8203  ANGLE   =       947.0235  DIHED      =      1370.5737
 1-4 NB =       414.0034  1-4 EEL =      4853.1156  VDWAALS    =      9868.2557
 EELEC  =    -98553.0680  EHBOND  =         0.0000  RESTRAINT  =         0.0000
 TEMP0  =       300.0000  REPNUM  =              8  EXCHANGE#  =            520
 ------------------------------------------------------------------------------


 NSTEP =   140000   TIME(PS) =     740.000  TEMP(K) =   299.09  PRESS =     0.0
 Etot   =    -68458.3272  EKtot   =     12363.5713  EPtot      =    -80821.8985
 BOND   =       405.1329  ANGLE   =       964.7938  DIHED      =      1344.6167
 1-4 NB =       411.1433  1-4 EEL =      4851.3603  VDWAALS    =      9803.3408
 EELEC  =    -98602.2863  EHBOND  =         0.0000  RESTRAINT  =         0.0000
 TEMP0  =       300.0000  REPNUM  =              8  EXCHANGE#  =            560
 ------------------------------------------------------------------------------


 NSTEP =   150000   TIME(PS) =     780.000  TEMP(K) =   299.25  PRESS =     0.0
 Etot   =    -68639.9516  EKtot   =     12370.4160  EPtot      =    -81010.3676
 BOND   =       428.7508  ANGLE   =       969.7799  DIHED      =      1369.5262
 1-4 NB =       396.9622  1-4 EEL =      4790.7946  VDWAALS    =      9874.7672
 EELEC  =    -98840.9485  EHBOND  =         0.0000  RESTRAINT  =         0.0000
 TEMP0  =       300.0000  REPNUM  =              8  EXCHANGE#  =            600
 ------------------------------------------------------------------------------


 NSTEP =   160000   TIME(PS) =     820.000  TEMP(K) =   301.21  PRESS =     0.0
 Etot   =    -68204.3652  EKtot   =     12451.1807  EPtot      =    -80655.5459
 BOND   =       381.1352  ANGLE   =       946.0922  DIHED      =      1377.9722
 1-4 NB =       412.4177  1-4 EEL =      4922.9903  VDWAALS    =      9807.8315
 EELEC  =    -98503.9850  EHBOND  =         0.0000  RESTRAINT  =         0.0000
 TEMP0  =       300.0000  REPNUM  =              8  EXCHANGE#  =            640
 ------------------------------------------------------------------------------


 NSTEP =   170000   TIME(PS) =     860.000  TEMP(K) =   299.93  PRESS =     0.0
 Etot   =    -68596.9161  EKtot   =     12398.4170  EPtot      =    -80995.3331
 BOND   =       432.4522  ANGLE   =       942.6699  DIHED      =      1371.5335
 1-4 NB =       382.7949  1-4 EEL =      4800.4613  VDWAALS    =      9874.5204
 EELEC  =    -98799.7653  EHBOND  =         0.0000  RESTRAINT  =         0.0000
 TEMP0  =       300.0000  REPNUM  =              8  EXCHANGE#  =            680
 ------------------------------------------------------------------------------


 NSTEP =   180000   TIME(PS) =     900.000  TEMP(K) =   304.62  PRESS =     0.0
 Etot   =    -68443.7475  EKtot   =     12592.2959  EPtot      =    -81036.0434
 BOND   =       387.9347  ANGLE   =       940.0679  DIHED      =      1384.2493
 1-4 NB =       418.1514  1-4 EEL =      4801.2477  VDWAALS    =      9735.4190
 EELEC  =    -98703.1133  EHBOND  =         0.0000  RESTRAINT  =         0.0000
 TEMP0  =       300.0000  REPNUM  =              8  EXCHANGE#  =            720
 ------------------------------------------------------------------------------


 NSTEP =   190000   TIME(PS) =     940.000  TEMP(K) =   298.70  PRESS =     0.0
 Etot   =    -68649.9957  EKtot   =     12347.5762  EPtot      =    -80997.5719
 BOND   =       412.9711  ANGLE   =       954.9577  DIHED      =      1376.1194
 1-4 NB =       395.2490  1-4 EEL =      4884.1362  VDWAALS    =      9948.4657
 EELEC  =    -98969.4709  EHBOND  =         0.0000  RESTRAINT  =         0.0000
 TEMP0  =       300.0000  REPNUM  =              8  EXCHANGE#  =            760
 ------------------------------------------------------------------------------


 NSTEP =   200000   TIME(PS) =     980.000  TEMP(K) =   299.99  PRESS =     0.0
 Etot   =    -68603.4118  EKtot   =     12400.8711  EPtot      =    -81004.2829
 BOND   =       406.4619  ANGLE   =       952.9141  DIHED      =      1357.1512
 1-4 NB =       410.2522  1-4 EEL =      4849.6180  VDWAALS    =      9755.9889
 EELEC  =    -98736.6691  EHBOND  =         0.0000  RESTRAINT  =         0.0000
 TEMP0  =       300.0000  REPNUM  =              8  EXCHANGE#  =            800
 ------------------------------------------------------------------------------


 NSTEP =   210000   TIME(PS) =    1020.000  TEMP(K) =   301.72  PRESS =     0.0
 Etot   =    -68617.4747  EKtot   =     12472.2324  EPtot      =    -81089.7071
 BOND   =       416.5525  ANGLE   =       915.2292  DIHED      =      1353.2010
 1-4 NB =       389.3136  1-4 EEL =      4798.3061  VDWAALS    =     10161.7679
 EELEC  =    -99124.0775  EHBOND  =         0.0000  RESTRAINT  =         0.0000
 TEMP0  =       300.0000  REPNUM  =              8  EXCHANGE#  =            840
 ------------------------------------------------------------------------------


 NSTEP =   220000   TIME(PS) =    1060.000  TEMP(K) =   298.17  PRESS =     0.0
 Etot   =    -68473.7300  EKtot   =     12325.8232  EPtot      =    -80799.5532
 BOND   =       412.0927  ANGLE   =       954.1013  DIHED      =      1368.8496
 1-4 NB =       414.4759  1-4 EEL =      4809.1903  VDWAALS    =      9529.1749
 EELEC  =    -98287.4378  EHBOND  =         0.0000  RESTRAINT  =         0.0000
 TEMP0  =       300.0000  REPNUM  =              8  EXCHANGE#  =            880
 ------------------------------------------------------------------------------


 NSTEP =   230000   TIME(PS) =    1100.000  TEMP(K) =   300.72  PRESS =     0.0
 Etot   =    -68530.8174  EKtot   =     12431.0889  EPtot      =    -80961.9063
 BOND   =       410.8200  ANGLE   =       901.2270  DIHED      =      1367.2578
 1-4 NB =       384.6366  1-4 EEL =      4754.3344  VDWAALS    =      9918.9515
 EELEC  =    -98699.1337  EHBOND  =         0.0000  RESTRAINT  =         0.0000
 TEMP0  =       300.0000  REPNUM  =              8  EXCHANGE#  =            920
 ------------------------------------------------------------------------------


 NSTEP =   240000   TIME(PS) =    1140.000  TEMP(K) =   297.81  PRESS =     0.0
 Etot   =    -68451.0606  EKtot   =     12310.6426  EPtot      =    -80761.7032
 BOND   =       438.1001  ANGLE   =       919.6515  DIHED      =      1383.2890
 1-4 NB =       405.9980  1-4 EEL =      4776.1165  VDWAALS    =      9819.1740
 EELEC  =    -98504.0323  EHBOND  =         0.0000  RESTRAINT  =         0.0000
 TEMP0  =       300.0000  REPNUM  =              8  EXCHANGE#  =            960
 ------------------------------------------------------------------------------


 NSTEP =   250000   TIME(PS) =    1180.000  TEMP(K) =   297.50  PRESS =     0.0
 Etot   =    -68565.6221  EKtot   =     12297.8008  EPtot      =    -80863.4229
 BOND   =       437.3755  ANGLE   =       885.9659  DIHED      =      1361.9731
 1-4 NB =       392.6358  1-4 EEL =      4864.7449  VDWAALS    =      9757.8858
 EELEC  =    -98564.0040  EHBOND  =         0.0000  RESTRAINT  =         0.0000
 TEMP0  =       300.0000  REPNUM  =              8  EXCHANGE#  =           1000
 ------------------------------------------------------------------------------


 NSTEP =   260000   TIME(PS) =    1220.000  TEMP(K) =   299.70  PRESS =     0.0
 Etot   =    -68574.4060  EKtot   =     12389.0107  EPtot      =    -80963.4167
 BOND   =       381.9799  ANGLE   =       933.4090  DIHED      =      1385.4610
 1-4 NB =       406.1536  1-4 EEL =      4844.5864  VDWAALS    =      9486.7603
 EELEC  =    -98401.7669  EHBOND  =         0.0000  RESTRAINT  =         0.0000
 TEMP0  =       300.0000  REPNUM  =              8  EXCHANGE#  =           1040
 ------------------------------------------------------------------------------


 NSTEP =   270000   TIME(PS) =    1260.000  TEMP(K) =   303.76  PRESS =     0.0
 Etot   =    -68320.8386  EKtot   =     12556.6260  EPtot      =    -80877.4646
 BOND   =       382.5457  ANGLE   =       933.2265  DIHED      =      1351.7881
 1-4 NB =       408.9595  1-4 EEL =      4818.4197  VDWAALS    =      9888.7430
 EELEC  =    -98661.1471  EHBOND  =         0.0000  RESTRAINT  =         0.0000
 TEMP0  =       300.0000  REPNUM  =              8  EXCHANGE#  =           1080
 ------------------------------------------------------------------------------


 NSTEP =   280000   TIME(PS) =    1300.000  TEMP(K) =   302.51  PRESS =     0.0
 Etot   =    -68567.0279  EKtot   =     12504.8857  EPtot      =    -81071.9136
 BOND   =       441.6047  ANGLE   =       893.9506  DIHED      =      1356.2132
 1-4 NB =       407.1772  1-4 EEL =      4824.5102  VDWAALS    =      9954.0406
 EELEC  =    -98949.4101  EHBOND  =         0.0000  RESTRAINT  =         0.0000
 TEMP0  =       300.0000  REPNUM  =              8  EXCHANGE#  =           1120
 ------------------------------------------------------------------------------


 NSTEP =   290000   TIME(PS) =    1340.000  TEMP(K) =   301.07  PRESS =     0.0
 Etot   =    -68258.9769  EKtot   =     12445.6035  EPtot      =    -80704.5805
 BOND   =       414.8353  ANGLE   =       928.1463  DIHED      =      1380.8839
 1-4 NB =       403.4997  1-4 EEL =      4782.4802  VDWAALS    =      9661.2440
 EELEC  =    -98275.6698  EHBOND  =         0.0000  RESTRAINT  =         0.0000
 TEMP0  =       300.0000  REPNUM  =              8  EXCHANGE#  =           1160
 ------------------------------------------------------------------------------


 NSTEP =   300000   TIME(PS) =    1380.000  TEMP(K) =   299.36  PRESS =     0.0
 Etot   =    -68474.4446  EKtot   =     12374.9521  EPtot      =    -80849.3967
 BOND   =       435.4239  ANGLE   =       940.8506  DIHED      =      1370.5573
 1-4 NB =       406.2537  1-4 EEL =      4813.6429  VDWAALS    =      9968.9847
 EELEC  =    -98785.1098  EHBOND  =         0.0000  RESTRAINT  =         0.0000
 TEMP0  =       300.0000  REPNUM  =              8  EXCHANGE#  =           1200
 ------------------------------------------------------------------------------


 NSTEP =   310000   TIME(PS) =    1420.000  TEMP(K) =   301.55  PRESS =     0.0
 Etot   =    -68556.4050  EKtot   =     12465.4697  EPtot      =    -81021.8747
 BOND   =       427.2225  ANGLE   =       948.7345  DIHED      =      1384.6243
 1-4 NB =       412.7412  1-4 EEL =      4784.7054  VDWAALS    =      9886.9741
 EELEC  =    -98866.8766  EHBOND  =         0.0000  RESTRAINT  =         0.0000
 TEMP0  =       300.0000  REPNUM  =              8  EXCHANGE#  =           1240
 ------------------------------------------------------------------------------


 NSTEP =   320000   TIME(PS) =    1460.000  TEMP(K) =   301.10  PRESS =     0.0
 Etot   =    -68680.2759  EKtot   =     12446.8223  EPtot      =    -81127.0981
 BOND   =       386.0174  ANGLE   =       953.3040  DIHED      =      1397.6898
 1-4 NB =       385.6716  1-4 EEL =      4835.1555  VDWAALS    =      9845.4172
 EELEC  =    -98930.3536  EHBOND  =         0.0000  RESTRAINT  =         0.0000
 TEMP0  =       300.0000  REPNUM  =              8  EXCHANGE#  =           1280
 ------------------------------------------------------------------------------


 NSTEP =   330000   TIME(PS) =    1500.000  TEMP(K) =   300.95  PRESS =     0.0
 Etot   =    -68491.1072  EKtot   =     12440.6846  EPtot      =    -80931.7917
 BOND   =       403.6837  ANGLE   =       915.6885  DIHED      =      1378.0902
 1-4 NB =       398.1823  1-4 EEL =      4897.6130  VDWAALS    =      9622.7756
 EELEC  =    -98547.8250  EHBOND  =         0.0000  RESTRAINT  =         0.0000
 TEMP0  =       300.0000  REPNUM  =              8  EXCHANGE#  =           1320
 ------------------------------------------------------------------------------


 NSTEP =   340000   TIME(PS) =    1540.000  TEMP(K) =   301.96  PRESS =     0.0
 Etot   =    -68391.6385  EKtot   =     12482.3027  EPtot      =    -80873.9412
 BOND   =       413.5614  ANGLE   =       914.1134  DIHED      =      1366.3132
 1-4 NB =       392.2558  1-4 EEL =      4818.7280  VDWAALS    =      9805.6927
 EELEC  =    -98584.6057  EHBOND  =         0.0000  RESTRAINT  =         0.0000
 TEMP0  =       300.0000  REPNUM  =              8  EXCHANGE#  =           1360
 ------------------------------------------------------------------------------


 NSTEP =   350000   TIME(PS) =    1580.000  TEMP(K) =   301.32  PRESS =     0.0
 Etot   =    -68605.1947  EKtot   =     12455.6318  EPtot      =    -81060.8265
 BOND   =       419.1218  ANGLE   =       870.7359  DIHED      =      1357.7748
 1-4 NB =       399.3429  1-4 EEL =      4783.9182  VDWAALS    =      9894.2896
 EELEC  =    -98786.0097  EHBOND  =         0.0000  RESTRAINT  =         0.0000
 TEMP0  =       300.0000  REPNUM  =              8  EXCHANGE#  =           1400
 ------------------------------------------------------------------------------


 NSTEP =   360000   TIME(PS) =    1620.000  TEMP(K) =   301.13  PRESS =     0.0
 Etot   =    -68470.7634  EKtot   =     12448.1338  EPtot      =    -80918.8972
 BOND   =       421.6480  ANGLE   =       931.6851  DIHED      =      1345.8159
 1-4 NB =       404.2844  1-4 EEL =      4799.9829  VDWAALS    =      9620.2742
 EELEC  =    -98442.5878  EHBOND  =         0.0000  RESTRAINT  =         0.0000
 TEMP0  =       300.0000  REPNUM  =              8  EXCHANGE#  =           1440
 ------------------------------------------------------------------------------


 NSTEP =   370000   TIME(PS) =    1660.000  TEMP(K) =   301.34  PRESS =     0.0
 Etot   =    -68274.0859  EKtot   =     12456.7021  EPtot      =    -80730.7880
 BOND   =       449.8249  ANGLE   =       947.3596  DIHED      =      1389.1064
 1-4 NB =       405.5401  1-4 EEL =      4803.0557  VDWAALS    =      9561.4944
 EELEC  =    -98287.1691  EHBOND  =         0.0000  RESTRAINT  =         0.0000
 TEMP0  =       300.0000  REPNUM  =              8  EXCHANGE#  =           1480
 ------------------------------------------------------------------------------


 NSTEP =   380000   TIME(PS) =    1700.000  TEMP(K) =   304.21  PRESS =     0.0
 Etot   =    -68274.3409  EKtot   =     12575.0977  EPtot      =    -80849.4385
 BOND   =       444.6394  ANGLE   =       903.9973  DIHED      =      1371.1772
 1-4 NB =       415.6240  1-4 EEL =      4867.9659  VDWAALS    =      9798.6180
 EELEC  =    -98651.4604  EHBOND  =         0.0000  RESTRAINT  =         0.0000
 TEMP0  =       300.0000  REPNUM  =              8  EXCHANGE#  =           1520
 ------------------------------------------------------------------------------


 NSTEP =   390000   TIME(PS) =    1740.000  TEMP(K) =   297.80  PRESS =     0.0
 Etot   =    -68793.1170  EKtot   =     12310.4082  EPtot      =    -81103.5252
 BOND   =       355.5568  ANGLE   =       940.0932  DIHED      =      1364.9002
 1-4 NB =       391.3738  1-4 EEL =      4843.6961  VDWAALS    =      9955.4267
 EELEC  =    -98954.5719  EHBOND  =         0.0000  RESTRAINT  =         0.0000
 TEMP0  =       300.0000  REPNUM  =              8  EXCHANGE#  =           1560
 ------------------------------------------------------------------------------


 NSTEP =   400000   TIME(PS) =    1780.000  TEMP(K) =   298.66  PRESS =     0.0
 Etot   =    -68472.7992  EKtot   =     12346.0400  EPtot      =    -80818.8393
 BOND   =       412.8000  ANGLE   =       947.5085  DIHED      =      1367.5600
 1-4 NB =       394.4852  1-4 EEL =      4842.5821  VDWAALS    =      9813.7899
 EELEC  =    -98597.5650  EHBOND  =         0.0000  RESTRAINT  =         0.0000
 TEMP0  =       300.0000  REPNUM  =              8  EXCHANGE#  =           1600
 ------------------------------------------------------------------------------


 NSTEP =   410000   TIME(PS) =    1820.000  TEMP(K) =   297.87  PRESS =     0.0
 Etot   =    -68635.7582  EKtot   =     12313.3008  EPtot      =    -80949.0590
 BOND   =       398.5572  ANGLE   =       909.5251  DIHED      =      1371.9538
 1-4 NB =       396.3700  1-4 EEL =      4834.3606  VDWAALS    =      9721.2724
 EELEC  =    -98581.0981  EHBOND  =         0.0000  RESTRAINT  =         0.0000
 TEMP0  =       300.0000  REPNUM  =              8  EXCHANGE#  =           1640
 ------------------------------------------------------------------------------


 NSTEP =   420000   TIME(PS) =    1860.000  TEMP(K) =   300.42  PRESS =     0.0
 Etot   =    -68391.1833  EKtot   =     12418.5195  EPtot      =    -80809.7028
 BOND   =       420.7691  ANGLE   =       938.1368  DIHED      =      1375.0222
 1-4 NB =       395.0658  1-4 EEL =      4809.2240  VDWAALS    =      9656.8529
 EELEC  =    -98404.7737  EHBOND  =         0.0000  RESTRAINT  =         0.0000
 TEMP0  =       300.0000  REPNUM  =              8  EXCHANGE#  =           1680
 ------------------------------------------------------------------------------


 NSTEP =   430000   TIME(PS) =    1900.000  TEMP(K) =   294.96  PRESS =     0.0
 Etot   =    -68751.3750  EKtot   =     12193.0645  EPtot      =    -80944.4394
 BOND   =       419.4884  ANGLE   =       926.8848  DIHED      =      1369.8838
 1-4 NB =       411.3140  1-4 EEL =      4841.4467  VDWAALS    =      9767.1581
 EELEC  =    -98680.6152  EHBOND  =         0.0000  RESTRAINT  =         0.0000
 TEMP0  =       300.0000  REPNUM  =              8  EXCHANGE#  =           1720
 ------------------------------------------------------------------------------


 NSTEP =   440000   TIME(PS) =    1940.000  TEMP(K) =   298.89  PRESS =     0.0
 Etot   =    -68558.8597  EKtot   =     12355.1924  EPtot      =    -80914.0521
 BOND   =       435.9910  ANGLE   =       934.3591  DIHED      =      1362.5592
 1-4 NB =       411.5062  1-4 EEL =      4891.8687  VDWAALS    =      9940.4172
 EELEC  =    -98890.7534  EHBOND  =         0.0000  RESTRAINT  =         0.0000
 TEMP0  =       300.0000  REPNUM  =              8  EXCHANGE#  =           1760
 ------------------------------------------------------------------------------


 NSTEP =   450000   TIME(PS) =    1980.000  TEMP(K) =   301.46  PRESS =     0.0
 Etot   =    -68453.7537  EKtot   =     12461.5654  EPtot      =    -80915.3191
 BOND   =       398.3800  ANGLE   =       983.8811  DIHED      =      1378.5350
 1-4 NB =       403.6558  1-4 EEL =      4861.4252  VDWAALS    =      9756.0528
 EELEC  =    -98697.2490  EHBOND  =         0.0000  RESTRAINT  =         0.0000
 TEMP0  =       300.0000  REPNUM  =              8  EXCHANGE#  =           1800
 ------------------------------------------------------------------------------


 NSTEP =   460000   TIME(PS) =    2020.000  TEMP(K) =   299.78  PRESS =     0.0
 Etot   =    -68565.8954  EKtot   =     12392.0947  EPtot      =    -80957.9901
 BOND   =       419.8754  ANGLE   =       912.4753  DIHED      =      1367.2057
 1-4 NB =       410.3298  1-4 EEL =      4864.0841  VDWAALS    =      9878.8591
 EELEC  =    -98810.8196  EHBOND  =         0.0000  RESTRAINT  =         0.0000
 TEMP0  =       300.0000  REPNUM  =              8  EXCHANGE#  =           1840
 ------------------------------------------------------------------------------


 NSTEP =   470000   TIME(PS) =    2060.000  TEMP(K) =   300.74  PRESS =     0.0
 Etot   =    -68556.2056  EKtot   =     12431.8457  EPtot      =    -80988.0513
 BOND   =       423.9128  ANGLE   =       884.8410  DIHED      =      1390.9770
 1-4 NB =       393.2332  1-4 EEL =      4872.5719  VDWAALS    =      9978.9704
 EELEC  =    -98932.5575  EHBOND  =         0.0000  RESTRAINT  =         0.0000
 TEMP0  =       300.0000  REPNUM  =              8  EXCHANGE#  =           1880
 ------------------------------------------------------------------------------


 NSTEP =   480000   TIME(PS) =    2100.000  TEMP(K) =   299.78  PRESS =     0.0
 Etot   =    -68620.1772  EKtot   =     12392.0547  EPtot      =    -81012.2319
 BOND   =       393.8993  ANGLE   =       929.9336  DIHED      =      1384.6707
 1-4 NB =       395.5735  1-4 EEL =      4842.9017  VDWAALS    =      9894.4724
 EELEC  =    -98853.6831  EHBOND  =         0.0000  RESTRAINT  =         0.0000
 TEMP0  =       300.0000  REPNUM  =              8  EXCHANGE#  =           1920
 ------------------------------------------------------------------------------


 NSTEP =   490000   TIME(PS) =    2140.000  TEMP(K) =   295.01  PRESS =     0.0
 Etot   =    -69025.9568  EKtot   =     12195.1865  EPtot      =    -81221.1433
 BOND   =       427.0619  ANGLE   =       891.1736  DIHED      =      1382.9881
 1-4 NB =       407.4065  1-4 EEL =      4862.7452  VDWAALS    =      9903.6509
 EELEC  =    -99096.1694  EHBOND  =         0.0000  RESTRAINT  =         0.0000
 TEMP0  =       300.0000  REPNUM  =              8  EXCHANGE#  =           1960
 ------------------------------------------------------------------------------


 NSTEP =   500000   TIME(PS) =    2180.000  TEMP(K) =   299.11  PRESS =     0.0
 Etot   =    -68620.6833  EKtot   =     12364.6162  EPtot      =    -80985.2995
 BOND   =       384.6147  ANGLE   =       922.6371  DIHED      =      1387.5564
 1-4 NB =       409.2252  1-4 EEL =      4858.0117  VDWAALS    =      9675.9277
 EELEC  =    -98623.2722  EHBOND  =         0.0000  RESTRAINT  =         0.0000
 TEMP0  =       300.0000  REPNUM  =              8  EXCHANGE#  =           2000
 ------------------------------------------------------------------------------


 NSTEP =   510000   TIME(PS) =    2220.000  TEMP(K) =   297.55  PRESS =     0.0
 Etot   =    -68780.5812  EKtot   =     12299.9951  EPtot      =    -81080.5763
 BOND   =       410.9920  ANGLE   =       906.4379  DIHED      =      1382.4116
 1-4 NB =       412.5868  1-4 EEL =      4872.1149  VDWAALS    =     10047.2544
 EELEC  =    -99112.3740  EHBOND  =         0.0000  RESTRAINT  =         0.0000
 TEMP0  =       300.0000  REPNUM  =              8  EXCHANGE#  =           2040
 ------------------------------------------------------------------------------


 NSTEP =   520000   TIME(PS) =    2260.000  TEMP(K) =   302.53  PRESS =     0.0
 Etot   =    -68370.7158  EKtot   =     12506.0449  EPtot      =    -80876.7607
 BOND   =       452.6630  ANGLE   =       890.6274  DIHED      =      1371.3066
 1-4 NB =       410.2087  1-4 EEL =      4897.7333  VDWAALS    =      9834.5949
 EELEC  =    -98733.8946  EHBOND  =         0.0000  RESTRAINT  =         0.0000
 TEMP0  =       300.0000  REPNUM  =              8  EXCHANGE#  =           2080
 ------------------------------------------------------------------------------


 NSTEP =   530000   TIME(PS) =    2300.000  TEMP(K) =   298.26  PRESS =     0.0
 Etot   =    -68653.4275  EKtot   =     12329.3115  EPtot      =    -80982.7390
 BOND   =       449.4093  ANGLE   =       936.2142  DIHED      =      1335.7345
 1-4 NB =       403.2427  1-4 EEL =      4842.7063  VDWAALS    =      9468.4171
 EELEC  =    -98418.4631  EHBOND  =         0.0000  RESTRAINT  =         0.0000
 TEMP0  =       300.0000  REPNUM  =              8  EXCHANGE#  =           2120
 ------------------------------------------------------------------------------


 NSTEP =   540000   TIME(PS) =    2340.000  TEMP(K) =   302.19  PRESS =     0.0
 Etot   =    -68523.4104  EKtot   =     12491.8721  EPtot      =    -81015.2824
 BOND   =       417.0201  ANGLE   =       867.7608  DIHED      =      1350.2648
 1-4 NB =       411.2540  1-4 EEL =      4908.9740  VDWAALS    =     10110.6928
 EELEC  =    -99081.2489  EHBOND  =         0.0000  RESTRAINT  =         0.0000
 TEMP0  =       300.0000  REPNUM  =              8  EXCHANGE#  =           2160
 ------------------------------------------------------------------------------


 NSTEP =   550000   TIME(PS) =    2380.000  TEMP(K) =   303.65  PRESS =     0.0
 Etot   =    -68496.4821  EKtot   =     12552.1768  EPtot      =    -81048.6588
 BOND   =       382.0470  ANGLE   =       920.2917  DIHED      =      1357.9520
 1-4 NB =       408.1440  1-4 EEL =      4831.9326  VDWAALS    =      9961.6653
 EELEC  =    -98910.6914  EHBOND  =         0.0000  RESTRAINT  =         0.0000
 TEMP0  =       300.0000  REPNUM  =              8  EXCHANGE#  =           2200
 ------------------------------------------------------------------------------


 NSTEP =   560000   TIME(PS) =    2420.000  TEMP(K) =   299.13  PRESS =     0.0
 Etot   =    -68367.0114  EKtot   =     12365.1221  EPtot      =    -80732.1334
 BOND   =       433.7186  ANGLE   =       947.8340  DIHED      =      1363.3979
 1-4 NB =       411.1686  1-4 EEL =      4847.8605  VDWAALS    =      9680.7478
 EELEC  =    -98416.8607  EHBOND  =         0.0000  RESTRAINT  =         0.0000
 TEMP0  =       300.0000  REPNUM  =              8  EXCHANGE#  =           2240
 ------------------------------------------------------------------------------


 NSTEP =   570000   TIME(PS) =    2460.000  TEMP(K) =   300.43  PRESS =     0.0
 Etot   =    -68616.3838  EKtot   =     12419.2441  EPtot      =    -81035.6279
 BOND   =       420.4560  ANGLE   =       927.5389  DIHED      =      1354.7143
 1-4 NB =       400.2571  1-4 EEL =      4808.5787  VDWAALS    =      9952.7655
 EELEC  =    -98899.9384  EHBOND  =         0.0000  RESTRAINT  =         0.0000
 TEMP0  =       300.0000  REPNUM  =              8  EXCHANGE#  =           2280
 ------------------------------------------------------------------------------


 NSTEP =   580000   TIME(PS) =    2500.000  TEMP(K) =   298.29  PRESS =     0.0
 Etot   =    -68278.6984  EKtot   =     12330.6113  EPtot      =    -80609.3098
 BOND   =       436.4395  ANGLE   =       915.0283  DIHED      =      1345.7271
 1-4 NB =       407.4343  1-4 EEL =      4821.2505  VDWAALS    =      9582.3993
 EELEC  =    -98117.5888  EHBOND  =         0.0000  RESTRAINT  =         0.0000
 TEMP0  =       300.0000  REPNUM  =              8  EXCHANGE#  =           2320
 ------------------------------------------------------------------------------


 NSTEP =   590000   TIME(PS) =    2540.000  TEMP(K) =   298.63  PRESS =     0.0
 Etot   =    -68653.5761  EKtot   =     12344.4453  EPtot      =    -80998.0214
 BOND   =       464.4144  ANGLE   =       898.1853  DIHED      =      1374.5533
 1-4 NB =       397.2256  1-4 EEL =      4862.1147  VDWAALS    =      9747.8546
 EELEC  =    -98742.3693  EHBOND  =         0.0000  RESTRAINT  =         0.0000
 TEMP0  =       300.0000  REPNUM  =              8  EXCHANGE#  =           2360
 ------------------------------------------------------------------------------


 NSTEP =   600000   TIME(PS) =    2580.000  TEMP(K) =   300.76  PRESS =     0.0
 Etot   =    -68406.3411  EKtot   =     12432.5361  EPtot      =    -80838.8772
 BOND   =       409.8410  ANGLE   =       948.7905  DIHED      =      1347.3639
 1-4 NB =       399.6097  1-4 EEL =      4861.0335  VDWAALS    =      9983.0207
 EELEC  =    -98788.5365  EHBOND  =         0.0000  RESTRAINT  =         0.0000
 TEMP0  =       300.0000  REPNUM  =              8  EXCHANGE#  =           2400
 ------------------------------------------------------------------------------


 NSTEP =   610000   TIME(PS) =    2620.000  TEMP(K) =   302.46  PRESS =     0.0
 Etot   =    -68615.0126  EKtot   =     12502.8799  EPtot      =    -81117.8925
 BOND   =       426.1982  ANGLE   =       912.0029  DIHED      =      1341.6021
 1-4 NB =       415.2848  1-4 EEL =      4910.3732  VDWAALS    =     10047.1975
 EELEC  =    -99170.5512  EHBOND  =         0.0000  RESTRAINT  =         0.0000
 TEMP0  =       300.0000  REPNUM  =              8  EXCHANGE#  =           2440
 ------------------------------------------------------------------------------


 NSTEP =   620000   TIME(PS) =    2660.000  TEMP(K) =   300.31  PRESS =     0.0
 Etot   =    -68696.5470  EKtot   =     12414.1299  EPtot      =    -81110.6769
 BOND   =       417.7557  ANGLE   =       962.7850  DIHED      =      1379.7254
 1-4 NB =       402.8297  1-4 EEL =      4837.3644  VDWAALS    =     10043.4720
 EELEC  =    -99154.6091  EHBOND  =         0.0000  RESTRAINT  =         0.0000
 TEMP0  =       300.0000  REPNUM  =              8  EXCHANGE#  =           2480
 ------------------------------------------------------------------------------


 NSTEP =   630000   TIME(PS) =    2700.000  TEMP(K) =   299.78  PRESS =     0.0
 Etot   =    -68561.8474  EKtot   =     12391.9746  EPtot      =    -80953.8220
 BOND   =       418.3713  ANGLE   =       928.8263  DIHED      =      1381.0068
 1-4 NB =       391.2796  1-4 EEL =      4863.3916  VDWAALS    =      9722.2147
 EELEC  =    -98658.9122  EHBOND  =         0.0000  RESTRAINT  =         0.0000
 TEMP0  =       300.0000  REPNUM  =              8  EXCHANGE#  =           2520
 ------------------------------------------------------------------------------


 NSTEP =   640000   TIME(PS) =    2740.000  TEMP(K) =   301.33  PRESS =     0.0
 Etot   =    -68518.2394  EKtot   =     12456.2354  EPtot      =    -80974.4748
 BOND   =       419.6181  ANGLE   =       916.1561  DIHED      =      1372.3130
 1-4 NB =       399.8617  1-4 EEL =      4819.6975  VDWAALS    =      9844.6132
 EELEC  =    -98746.7343  EHBOND  =         0.0000  RESTRAINT  =         0.0000
 TEMP0  =       300.0000  REPNUM  =              8  EXCHANGE#  =           2560
 ------------------------------------------------------------------------------


 NSTEP =   650000   TIME(PS) =    2780.000  TEMP(K) =   301.74  PRESS =     0.0
 Etot   =    -68617.3935  EKtot   =     12473.0254  EPtot      =    -81090.4189
 BOND   =       394.0616  ANGLE   =       914.2724  DIHED      =      1360.1164
 1-4 NB =       402.7015  1-4 EEL =      4874.9381  VDWAALS    =      9907.7570
 EELEC  =    -98944.2658  EHBOND  =         0.0000  RESTRAINT  =         0.0000
 TEMP0  =       300.0000  REPNUM  =              8  EXCHANGE#  =           2600
 ------------------------------------------------------------------------------


 NSTEP =   660000   TIME(PS) =    2820.000  TEMP(K) =   301.51  PRESS =     0.0
 Etot   =    -68320.5493  EKtot   =     12463.6367  EPtot      =    -80784.1860
 BOND   =       444.7653  ANGLE   =       941.6190  DIHED      =      1368.4022
 1-4 NB =       407.1922  1-4 EEL =      4821.2527  VDWAALS    =      9874.7604
 EELEC  =    -98642.1778  EHBOND  =         0.0000  RESTRAINT  =         0.0000
 TEMP0  =       300.0000  REPNUM  =              8  EXCHANGE#  =           2640
 ------------------------------------------------------------------------------


 NSTEP =   670000   TIME(PS) =    2860.000  TEMP(K) =   299.65  PRESS =     0.0
 Etot   =    -68486.8095  EKtot   =     12386.9521  EPtot      =    -80873.7616
 BOND   =       427.6207  ANGLE   =       922.7922  DIHED      =      1396.5269
 1-4 NB =       410.9772  1-4 EEL =      4914.0401  VDWAALS    =      9820.0696
 EELEC  =    -98765.7883  EHBOND  =         0.0000  RESTRAINT  =         0.0000
 TEMP0  =       300.0000  REPNUM  =              8  EXCHANGE#  =           2680
 ------------------------------------------------------------------------------


 NSTEP =   680000   TIME(PS) =    2900.000  TEMP(K) =   296.48  PRESS =     0.0
 Etot   =    -68518.4743  EKtot   =     12255.7354  EPtot      =    -80774.2096
 BOND   =       395.6534  ANGLE   =       925.0269  DIHED      =      1347.4112
 1-4 NB =       410.8487  1-4 EEL =      4853.2668  VDWAALS    =      9660.0408
 EELEC  =    -98366.4575  EHBOND  =         0.0000  RESTRAINT  =         0.0000
 TEMP0  =       300.0000  REPNUM  =              8  EXCHANGE#  =           2720
 ------------------------------------------------------------------------------


 NSTEP =   690000   TIME(PS) =    2940.000  TEMP(K) =   302.18  PRESS =     0.0
 Etot   =    -68230.4230  EKtot   =     12491.3809  EPtot      =    -80721.8039
 BOND   =       407.6050  ANGLE   =       956.8467  DIHED      =      1387.4867
 1-4 NB =       408.5452  1-4 EEL =      4879.9142  VDWAALS    =      9671.1796
 EELEC  =    -98433.3813  EHBOND  =         0.0000  RESTRAINT  =         0.0000
 TEMP0  =       300.0000  REPNUM  =              8  EXCHANGE#  =           2760
 ------------------------------------------------------------------------------


 NSTEP =   700000   TIME(PS) =    2980.000  TEMP(K) =   302.20  PRESS =     0.0
 Etot   =    -68512.1845  EKtot   =     12492.0166  EPtot      =    -81004.2011
 BOND   =       417.8485  ANGLE   =       897.2275  DIHED      =      1354.9255
 1-4 NB =       411.7761  1-4 EEL =      4890.6177  VDWAALS    =      9804.2980
 EELEC  =    -98780.8944  EHBOND  =         0.0000  RESTRAINT  =         0.0000
 TEMP0  =       300.0000  REPNUM  =              8  EXCHANGE#  =           2800
 ------------------------------------------------------------------------------


 NSTEP =   710000   TIME(PS) =    3020.000  TEMP(K) =   300.20  PRESS =     0.0
 Etot   =    -68438.8452  EKtot   =     12409.5283  EPtot      =    -80848.3735
 BOND   =       420.6864  ANGLE   =       918.6254  DIHED      =      1345.6009
 1-4 NB =       394.9001  1-4 EEL =      4775.3599  VDWAALS    =      9576.7756
 EELEC  =    -98280.3218  EHBOND  =         0.0000  RESTRAINT  =         0.0000
 TEMP0  =       300.0000  REPNUM  =              8  EXCHANGE#  =           2840
 ------------------------------------------------------------------------------


 NSTEP =   720000   TIME(PS) =    3060.000  TEMP(K) =   299.21  PRESS =     0.0
 Etot   =    -68483.9024  EKtot   =     12368.7871  EPtot      =    -80852.6895
 BOND   =       438.7892  ANGLE   =       954.8966  DIHED      =      1354.3544
 1-4 NB =       400.4757  1-4 EEL =      4766.2620  VDWAALS    =      9857.2376
 EELEC  =    -98624.7051  EHBOND  =         0.0000  RESTRAINT  =         0.0000
 TEMP0  =       300.0000  REPNUM  =              8  EXCHANGE#  =           2880
 ------------------------------------------------------------------------------


 NSTEP =   730000   TIME(PS) =    3100.000  TEMP(K) =   303.68  PRESS =     0.0
 Etot   =    -68513.4556  EKtot   =     12553.5645  EPtot      =    -81067.0201
 BOND   =       419.8441  ANGLE   =       925.4457  DIHED      =      1348.8309
 1-4 NB =       406.9490  1-4 EEL =      4778.9084  VDWAALS    =      9712.1705
 EELEC  =    -98659.1687  EHBOND  =         0.0000  RESTRAINT  =         0.0000
 TEMP0  =       300.0000  REPNUM  =              8  EXCHANGE#  =           2920
 ------------------------------------------------------------------------------


 NSTEP =   740000   TIME(PS) =    3140.000  TEMP(K) =   301.07  PRESS =     0.0
 Etot   =    -68373.1506  EKtot   =     12445.5059  EPtot      =    -80818.6564
 BOND   =       400.6476  ANGLE   =       952.8877  DIHED      =      1374.3190
 1-4 NB =       402.0267  1-4 EEL =      4758.7521  VDWAALS    =      9644.7813
 EELEC  =    -98352.0710  EHBOND  =         0.0000  RESTRAINT  =         0.0000
 TEMP0  =       300.0000  REPNUM  =              8  EXCHANGE#  =           2960
 ------------------------------------------------------------------------------


 NSTEP =   750000   TIME(PS) =    3180.000  TEMP(K) =   301.28  PRESS =     0.0
 Etot   =    -68284.4723  EKtot   =     12454.2236  EPtot      =    -80738.6959
 BOND   =       356.1927  ANGLE   =       915.3582  DIHED      =      1352.1648
 1-4 NB =       406.2765  1-4 EEL =      4869.8245  VDWAALS    =      9844.3548
 EELEC  =    -98482.8674  EHBOND  =         0.0000  RESTRAINT  =         0.0000
 TEMP0  =       300.0000  REPNUM  =              8  EXCHANGE#  =           3000
 ------------------------------------------------------------------------------


 NSTEP =   760000   TIME(PS) =    3220.000  TEMP(K) =   301.05  PRESS =     0.0
 Etot   =    -68505.5861  EKtot   =     12444.8779  EPtot      =    -80950.4640
 BOND   =       435.7723  ANGLE   =       902.0933  DIHED      =      1376.2976
 1-4 NB =       413.3572  1-4 EEL =      4864.2341  VDWAALS    =      9702.7835
 EELEC  =    -98645.0020  EHBOND  =         0.0000  RESTRAINT  =         0.0000
 TEMP0  =       300.0000  REPNUM  =              8  EXCHANGE#  =           3040
 ------------------------------------------------------------------------------


 NSTEP =   770000   TIME(PS) =    3260.000  TEMP(K) =   297.37  PRESS =     0.0
 Etot   =    -68723.4527  EKtot   =     12292.4043  EPtot      =    -81015.8570
 BOND   =       378.3677  ANGLE   =       887.0541  DIHED      =      1377.6268
 1-4 NB =       407.8645  1-4 EEL =      4885.0946  VDWAALS    =      9818.6004
 EELEC  =    -98770.4650  EHBOND  =         0.0000  RESTRAINT  =         0.0000
 TEMP0  =       300.0000  REPNUM  =              8  EXCHANGE#  =           3080
 ------------------------------------------------------------------------------


 NSTEP =   780000   TIME(PS) =    3300.000  TEMP(K) =   296.76  PRESS =     0.0
 Etot   =    -68636.0042  EKtot   =     12267.2773  EPtot      =    -80903.2815
 BOND   =       392.6380  ANGLE   =       977.2252  DIHED      =      1364.5779
 1-4 NB =       413.1628  1-4 EEL =      4830.4596  VDWAALS    =      9615.9347
 EELEC  =    -98497.2796  EHBOND  =         0.0000  RESTRAINT  =         0.0000
 TEMP0  =       300.0000  REPNUM  =              8  EXCHANGE#  =           3120
 ------------------------------------------------------------------------------


 NSTEP =   790000   TIME(PS) =    3340.000  TEMP(K) =   297.68  PRESS =     0.0
 Etot   =    -68717.7869  EKtot   =     12305.4287  EPtot      =    -81023.2156
 BOND   =       427.8456  ANGLE   =       900.6808  DIHED      =      1361.6783
 1-4 NB =       402.8354  1-4 EEL =      4853.3789  VDWAALS    =      9916.3511
 EELEC  =    -98885.9858  EHBOND  =         0.0000  RESTRAINT  =         0.0000
 TEMP0  =       300.0000  REPNUM  =              8  EXCHANGE#  =           3160
 ------------------------------------------------------------------------------


 NSTEP =   800000   TIME(PS) =    3380.000  TEMP(K) =   298.36  PRESS =     0.0
 Etot   =    -68325.2566  EKtot   =     12333.3867  EPtot      =    -80658.6434
 BOND   =       440.4621  ANGLE   =       936.6474  DIHED      =      1351.9204
 1-4 NB =       405.5423  1-4 EEL =      4832.8405  VDWAALS    =      9737.3439
 EELEC  =    -98363.4000  EHBOND  =         0.0000  RESTRAINT  =         0.0000
 TEMP0  =       300.0000  REPNUM  =              8  EXCHANGE#  =           3200
 ------------------------------------------------------------------------------


 NSTEP =   810000   TIME(PS) =    3420.000  TEMP(K) =   299.75  PRESS =     0.0
 Etot   =    -68786.4136  EKtot   =     12391.0117  EPtot      =    -81177.4253
 BOND   =       405.4375  ANGLE   =       937.4112  DIHED      =      1368.6301
 1-4 NB =       406.6673  1-4 EEL =      4833.1241  VDWAALS    =      9741.0078
 EELEC  =    -98869.7033  EHBOND  =         0.0000  RESTRAINT  =         0.0000
 TEMP0  =       300.0000  REPNUM  =              8  EXCHANGE#  =           3240
 ------------------------------------------------------------------------------


 NSTEP =   820000   TIME(PS) =    3460.000  TEMP(K) =   301.06  PRESS =     0.0
 Etot   =    -68181.4355  EKtot   =     12444.9229  EPtot      =    -80626.3584
 BOND   =       404.1509  ANGLE   =       940.6377  DIHED      =      1373.9316
 1-4 NB =       413.1379  1-4 EEL =      4824.8028  VDWAALS    =      9780.6902
 EELEC  =    -98363.7095  EHBOND  =         0.0000  RESTRAINT  =         0.0000
 TEMP0  =       300.0000  REPNUM  =              8  EXCHANGE#  =           3280
 ------------------------------------------------------------------------------


 NSTEP =   830000   TIME(PS) =    3500.000  TEMP(K) =   296.79  PRESS =     0.0
 Etot   =    -68711.8810  EKtot   =     12268.6572  EPtot      =    -80980.5382
 BOND   =       395.4079  ANGLE   =       972.3996  DIHED      =      1349.5563
 1-4 NB =       399.3107  1-4 EEL =      4806.6646  VDWAALS    =      9775.0672
 EELEC  =    -98678.9445  EHBOND  =         0.0000  RESTRAINT  =         0.0000
 TEMP0  =       300.0000  REPNUM  =              8  EXCHANGE#  =           3320
 ------------------------------------------------------------------------------


 NSTEP =   840000   TIME(PS) =    3540.000  TEMP(K) =   299.41  PRESS =     0.0
 Etot   =    -68675.7901  EKtot   =     12376.8203  EPtot      =    -81052.6104
 BOND   =       384.2165  ANGLE   =       977.7089  DIHED      =      1366.2424
 1-4 NB =       400.4867  1-4 EEL =      4809.5154  VDWAALS    =      9702.4716
 EELEC  =    -98693.2519  EHBOND  =         0.0000  RESTRAINT  =         0.0000
 TEMP0  =       300.0000  REPNUM  =              8  EXCHANGE#  =           3360
 ------------------------------------------------------------------------------


 NSTEP =   850000   TIME(PS) =    3580.000  TEMP(K) =   301.21  PRESS =     0.0
 Etot   =    -68365.9699  EKtot   =     12451.4072  EPtot      =    -80817.3771
 BOND   =       419.5237  ANGLE   =       961.7021  DIHED      =      1378.9458
 1-4 NB =       403.3435  1-4 EEL =      4792.8356  VDWAALS    =      9698.6017
 EELEC  =    -98472.3296  EHBOND  =         0.0000  RESTRAINT  =         0.0000
 TEMP0  =       300.0000  REPNUM  =              8  EXCHANGE#  =           3400
 ------------------------------------------------------------------------------


 NSTEP =   860000   TIME(PS) =    3620.000  TEMP(K) =   300.99  PRESS =     0.0
 Etot   =    -68408.7588  EKtot   =     12442.0898  EPtot      =    -80850.8487
 BOND   =       405.6393  ANGLE   =       964.2484  DIHED      =      1333.7606
 1-4 NB =       414.1878  1-4 EEL =      4812.2410  VDWAALS    =      9742.9924
 EELEC  =    -98523.9181  EHBOND  =         0.0000  RESTRAINT  =         0.0000
 TEMP0  =       300.0000  REPNUM  =              8  EXCHANGE#  =           3440
 ------------------------------------------------------------------------------


 NSTEP =   870000   TIME(PS) =    3660.000  TEMP(K) =   300.33  PRESS =     0.0
 Etot   =    -68326.3077  EKtot   =     12414.8887  EPtot      =    -80741.1964
 BOND   =       413.1694  ANGLE   =       932.8867  DIHED      =      1353.4542
 1-4 NB =       405.1803  1-4 EEL =      4790.7375  VDWAALS    =      9822.7117
 EELEC  =    -98459.3360  EHBOND  =         0.0000  RESTRAINT  =         0.0000
 TEMP0  =       300.0000  REPNUM  =              8  EXCHANGE#  =           3480
 ------------------------------------------------------------------------------


 NSTEP =   880000   TIME(PS) =    3700.000  TEMP(K) =   301.30  PRESS =     0.0
 Etot   =    -68740.1081  EKtot   =     12455.0088  EPtot      =    -81195.1169
 BOND   =       397.6676  ANGLE   =       918.0628  DIHED      =      1344.3462
 1-4 NB =       407.6255  1-4 EEL =      4796.1645  VDWAALS    =     10236.8425
 EELEC  =    -99295.8261  EHBOND  =         0.0000  RESTRAINT  =         0.0000
 TEMP0  =       300.0000  REPNUM  =              8  EXCHANGE#  =           3520
 ------------------------------------------------------------------------------


 NSTEP =   890000   TIME(PS) =    3740.000  TEMP(K) =   302.72  PRESS =     0.0
 Etot   =    -68464.1922  EKtot   =     12513.7090  EPtot      =    -80977.9012
 BOND   =       398.3377  ANGLE   =       911.0084  DIHED      =      1349.5535
 1-4 NB =       421.0780  1-4 EEL =      4761.0992  VDWAALS    =      9895.1395
 EELEC  =    -98714.1174  EHBOND  =         0.0000  RESTRAINT  =         0.0000
 TEMP0  =       300.0000  REPNUM  =              8  EXCHANGE#  =           3560
 ------------------------------------------------------------------------------


 NSTEP =   900000   TIME(PS) =    3780.000  TEMP(K) =   300.46  PRESS =     0.0
 Etot   =    -68366.3710  EKtot   =     12420.3975  EPtot      =    -80786.7684
 BOND   =       422.4897  ANGLE   =       923.7726  DIHED      =      1360.6576
 1-4 NB =       407.5941  1-4 EEL =      4844.9217  VDWAALS    =      9821.4805
 EELEC  =    -98567.6847  EHBOND  =         0.0000  RESTRAINT  =         0.0000
 TEMP0  =       300.0000  REPNUM  =              8  EXCHANGE#  =           3600
 ------------------------------------------------------------------------------


 NSTEP =   910000   TIME(PS) =    3820.000  TEMP(K) =   302.16  PRESS =     0.0
 Etot   =    -68433.2405  EKtot   =     12490.6162  EPtot      =    -80923.8567
 BOND   =       411.5399  ANGLE   =       925.9645  DIHED      =      1370.6156
 1-4 NB =       391.7897  1-4 EEL =      4823.8869  VDWAALS    =      9604.6965
 EELEC  =    -98452.3499  EHBOND  =         0.0000  RESTRAINT  =         0.0000
 TEMP0  =       300.0000  REPNUM  =              8  EXCHANGE#  =           3640
 ------------------------------------------------------------------------------


 NSTEP =   920000   TIME(PS) =    3860.000  TEMP(K) =   302.26  PRESS =     0.0
 Etot   =    -68623.2561  EKtot   =     12494.6719  EPtot      =    -81117.9280
 BOND   =       407.6169  ANGLE   =       929.5167  DIHED      =      1359.5241
 1-4 NB =       404.5775  1-4 EEL =      4772.9749  VDWAALS    =      9753.4078
 EELEC  =    -98745.5457  EHBOND  =         0.0000  RESTRAINT  =         0.0000
 TEMP0  =       300.0000  REPNUM  =              8  EXCHANGE#  =           3680
 ------------------------------------------------------------------------------


 NSTEP =   930000   TIME(PS) =    3900.000  TEMP(K) =   301.27  PRESS =     0.0
 Etot   =    -68296.4591  EKtot   =     12453.8027  EPtot      =    -80750.2618
 BOND   =       425.3054  ANGLE   =      1001.1821  DIHED      =      1351.1503
 1-4 NB =       392.4955  1-4 EEL =      4799.6029  VDWAALS    =      9582.3355
 EELEC  =    -98302.3335  EHBOND  =         0.0000  RESTRAINT  =         0.0000
 TEMP0  =       300.0000  REPNUM  =              8  EXCHANGE#  =           3720
 ------------------------------------------------------------------------------


 NSTEP =   940000   TIME(PS) =    3940.000  TEMP(K) =   297.39  PRESS =     0.0
 Etot   =    -68532.2909  EKtot   =     12293.3311  EPtot      =    -80825.6220
 BOND   =       406.0124  ANGLE   =       918.0446  DIHED      =      1349.7687
 1-4 NB =       416.1978  1-4 EEL =      4795.4921  VDWAALS    =      9620.0343
 EELEC  =    -98331.1718  EHBOND  =         0.0000  RESTRAINT  =         0.0000
 TEMP0  =       300.0000  REPNUM  =              8  EXCHANGE#  =           3760
 ------------------------------------------------------------------------------


 NSTEP =   950000   TIME(PS) =    3980.000  TEMP(K) =   299.49  PRESS =     0.0
 Etot   =    -68493.2423  EKtot   =     12380.2236  EPtot      =    -80873.4660
 BOND   =       400.6243  ANGLE   =       981.2189  DIHED      =      1342.4480
 1-4 NB =       402.1752  1-4 EEL =      4747.8836  VDWAALS    =      9664.0631
 EELEC  =    -98411.8791  EHBOND  =         0.0000  RESTRAINT  =         0.0000
 TEMP0  =       300.0000  REPNUM  =              8  EXCHANGE#  =           3800
 ------------------------------------------------------------------------------


 NSTEP =   960000   TIME(PS) =    4020.000  TEMP(K) =   298.42  PRESS =     0.0
 Etot   =    -68718.7519  EKtot   =     12335.8066  EPtot      =    -81054.5585
 BOND   =       401.4593  ANGLE   =       985.0510  DIHED      =      1340.2913
 1-4 NB =       394.7925  1-4 EEL =      4772.8129  VDWAALS    =      9747.2304
 EELEC  =    -98696.1959  EHBOND  =         0.0000  RESTRAINT  =         0.0000
 TEMP0  =       300.0000  REPNUM  =              8  EXCHANGE#  =           3840
 ------------------------------------------------------------------------------


 NSTEP =   970000   TIME(PS) =    4060.000  TEMP(K) =   300.99  PRESS =     0.0
 Etot   =    -68503.5648  EKtot   =     12441.9980  EPtot      =    -80945.5629
 BOND   =       441.1901  ANGLE   =       934.1713  DIHED      =      1342.7826
 1-4 NB =       414.8926  1-4 EEL =      4772.5400  VDWAALS    =      9823.8096
 EELEC  =    -98674.9490  EHBOND  =         0.0000  RESTRAINT  =         0.0000
 TEMP0  =       300.0000  REPNUM  =              8  EXCHANGE#  =           3880
 ------------------------------------------------------------------------------


 NSTEP =   980000   TIME(PS) =    4100.000  TEMP(K) =   300.89  PRESS =     0.0
 Etot   =    -68530.6172  EKtot   =     12438.2393  EPtot      =    -80968.8565
 BOND   =       441.5523  ANGLE   =       899.8633  DIHED      =      1334.4181
 1-4 NB =       401.3018  1-4 EEL =      4814.0622  VDWAALS    =      9739.2102
 EELEC  =    -98599.2643  EHBOND  =         0.0000  RESTRAINT  =         0.0000
 TEMP0  =       300.0000  REPNUM  =              8  EXCHANGE#  =           3920
 ------------------------------------------------------------------------------


 NSTEP =   990000   TIME(PS) =    4140.000  TEMP(K) =   301.06  PRESS =     0.0
 Etot   =    -68483.9988  EKtot   =     12445.0215  EPtot      =    -80929.0203
 BOND   =       446.4851  ANGLE   =       928.5861  DIHED      =      1352.1280
 1-4 NB =       403.6877  1-4 EEL =      4793.0860  VDWAALS    =      9766.1624
 EELEC  =    -98619.1555  EHBOND  =         0.0000  RESTRAINT  =         0.0000
 TEMP0  =       300.0000  REPNUM  =              8  EXCHANGE#  =           3960
 ------------------------------------------------------------------------------


 NSTEP =  1000000   TIME(PS) =    4180.000  TEMP(K) =   304.56  PRESS =     0.0
 Etot   =    -68530.3218  EKtot   =     12589.9229  EPtot      =    -81120.2447
 BOND   =       380.2373  ANGLE   =       919.5483  DIHED      =      1336.5650
 1-4 NB =       417.0088  1-4 EEL =      4808.9176  VDWAALS    =      9867.9356
 EELEC  =    -98850.4573  EHBOND  =         0.0000  RESTRAINT  =         0.0000
 TEMP0  =       300.0000  REPNUM  =              8  EXCHANGE#  =           4000
 ------------------------------------------------------------------------------


 NSTEP =  1010000   TIME(PS) =    4220.000  TEMP(K) =   303.80  PRESS =     0.0
 Etot   =    -68224.3739  EKtot   =     12558.2305  EPtot      =    -80782.6044
 BOND   =       404.8798  ANGLE   =       938.0688  DIHED      =      1355.6429
 1-4 NB =       400.9179  1-4 EEL =      4820.4299  VDWAALS    =      9848.6472
 EELEC  =    -98551.1909  EHBOND  =         0.0000  RESTRAINT  =         0.0000
 TEMP0  =       300.0000  REPNUM  =              8  EXCHANGE#  =           4040
 ------------------------------------------------------------------------------


 NSTEP =  1020000   TIME(PS) =    4260.000  TEMP(K) =   301.91  PRESS =     0.0
 Etot   =    -68456.5848  EKtot   =     12480.1533  EPtot      =    -80936.7381
 BOND   =       392.2175  ANGLE   =       953.7219  DIHED      =      1352.0305
 1-4 NB =       396.0284  1-4 EEL =      4794.6273  VDWAALS    =      9842.2875
 EELEC  =    -98667.6511  EHBOND  =         0.0000  RESTRAINT  =         0.0000
 TEMP0  =       300.0000  REPNUM  =              8  EXCHANGE#  =           4080
 ------------------------------------------------------------------------------


 NSTEP =  1030000   TIME(PS) =    4300.000  TEMP(K) =   300.46  PRESS =     0.0
 Etot   =    -68570.8087  EKtot   =     12420.2549  EPtot      =    -80991.0636
 BOND   =       410.6651  ANGLE   =       907.3308  DIHED      =      1322.5221
 1-4 NB =       398.7754  1-4 EEL =      4824.1891  VDWAALS    =      9914.3923
 EELEC  =    -98768.9384  EHBOND  =         0.0000  RESTRAINT  =         0.0000
 TEMP0  =       300.0000  REPNUM  =              8  EXCHANGE#  =           4120
 ------------------------------------------------------------------------------


 NSTEP =  1040000   TIME(PS) =    4340.000  TEMP(K) =   300.94  PRESS =     0.0
 Etot   =    -68282.5358  EKtot   =     12440.0723  EPtot      =    -80722.6081
 BOND   =       400.8972  ANGLE   =       958.2036  DIHED      =      1388.7402
 1-4 NB =       418.2419  1-4 EEL =      4755.2911  VDWAALS    =      9668.8688
 EELEC  =    -98312.8509  EHBOND  =         0.0000  RESTRAINT  =         0.0000
 TEMP0  =       300.0000  REPNUM  =              8  EXCHANGE#  =           4160
 ------------------------------------------------------------------------------


 NSTEP =  1050000   TIME(PS) =    4380.000  TEMP(K) =   301.23  PRESS =     0.0
 Etot   =    -68578.3092  EKtot   =     12452.2969  EPtot      =    -81030.6061
 BOND   =       421.5522  ANGLE   =       893.9227  DIHED      =      1382.7072
 1-4 NB =       416.9860  1-4 EEL =      4852.9755  VDWAALS    =      9726.1755
 EELEC  =    -98724.9251  EHBOND  =         0.0000  RESTRAINT  =         0.0000
 TEMP0  =       300.0000  REPNUM  =              8  EXCHANGE#  =           4200
 ------------------------------------------------------------------------------


 NSTEP =  1060000   TIME(PS) =    4420.000  TEMP(K) =   304.01  PRESS =     0.0
 Etot   =    -68570.6752  EKtot   =     12567.1670  EPtot      =    -81137.8422
 BOND   =       423.3203  ANGLE   =       898.1833  DIHED      =      1362.2891
 1-4 NB =       389.7796  1-4 EEL =      4765.9193  VDWAALS    =      9984.3004
 EELEC  =    -98961.6341  EHBOND  =         0.0000  RESTRAINT  =         0.0000
 TEMP0  =       300.0000  REPNUM  =              8  EXCHANGE#  =           4240
 ------------------------------------------------------------------------------


 NSTEP =  1070000   TIME(PS) =    4460.000  TEMP(K) =   297.89  PRESS =     0.0
 Etot   =    -68635.5486  EKtot   =     12314.0752  EPtot      =    -80949.6238
 BOND   =       426.3866  ANGLE   =       911.5368  DIHED      =      1343.4331
 1-4 NB =       407.4534  1-4 EEL =      4832.4206  VDWAALS    =      9888.6379
 EELEC  =    -98759.4922  EHBOND  =         0.0000  RESTRAINT  =         0.0000
 TEMP0  =       300.0000  REPNUM  =              8  EXCHANGE#  =           4280
 ------------------------------------------------------------------------------


 NSTEP =  1080000   TIME(PS) =    4500.000  TEMP(K) =   300.68  PRESS =     0.0
 Etot   =    -68819.7003  EKtot   =     12429.2197  EPtot      =    -81248.9201
 BOND   =       399.8844  ANGLE   =       949.9689  DIHED      =      1339.7340
 1-4 NB =       418.6406  1-4 EEL =      4812.4165  VDWAALS    =      9850.3347
 EELEC  =    -99019.8992  EHBOND  =         0.0000  RESTRAINT  =         0.0000
 TEMP0  =       300.0000  REPNUM  =              8  EXCHANGE#  =           4320
 ------------------------------------------------------------------------------


 NSTEP =  1090000   TIME(PS) =    4540.000  TEMP(K) =   299.46  PRESS =     0.0
 Etot   =    -68396.2399  EKtot   =     12378.8877  EPtot      =    -80775.1276
 BOND   =       420.0738  ANGLE   =       913.9753  DIHED      =      1345.8898
 1-4 NB =       389.9921  1-4 EEL =      4819.5825  VDWAALS    =      9721.8872
 EELEC  =    -98386.5283  EHBOND  =         0.0000  RESTRAINT  =         0.0000
 TEMP0  =       300.0000  REPNUM  =              8  EXCHANGE#  =           4360
 ------------------------------------------------------------------------------


 NSTEP =  1100000   TIME(PS) =    4580.000  TEMP(K) =   300.78  PRESS =     0.0
 Etot   =    -68733.9674  EKtot   =     12433.3779  EPtot      =    -81167.3453
 BOND   =       423.6781  ANGLE   =       908.6116  DIHED      =      1327.7569
 1-4 NB =       398.2536  1-4 EEL =      4836.7568  VDWAALS    =      9639.0527
 EELEC  =    -98701.4550  EHBOND  =         0.0000  RESTRAINT  =         0.0000
 TEMP0  =       300.0000  REPNUM  =              8  EXCHANGE#  =           4400
 ------------------------------------------------------------------------------


 NSTEP =  1110000   TIME(PS) =    4620.000  TEMP(K) =   298.64  PRESS =     0.0
 Etot   =    -68767.0256  EKtot   =     12345.1064  EPtot      =    -81112.1321
 BOND   =       428.1935  ANGLE   =       907.5750  DIHED      =      1342.0081
 1-4 NB =       400.1718  1-4 EEL =      4819.4449  VDWAALS    =      9710.2811
 EELEC  =    -98719.8064  EHBOND  =         0.0000  RESTRAINT  =         0.0000
 TEMP0  =       300.0000  REPNUM  =              8  EXCHANGE#  =           4440
 ------------------------------------------------------------------------------


 NSTEP =  1120000   TIME(PS) =    4660.000  TEMP(K) =   298.82  PRESS =     0.0
 Etot   =    -68462.2944  EKtot   =     12352.6270  EPtot      =    -80814.9214
 BOND   =       441.0691  ANGLE   =       942.2801  DIHED      =      1372.0240
 1-4 NB =       387.3155  1-4 EEL =      4826.7130  VDWAALS    =      9762.5980
 EELEC  =    -98546.9210  EHBOND  =         0.0000  RESTRAINT  =         0.0000
 TEMP0  =       300.0000  REPNUM  =              8  EXCHANGE#  =           4480
 ------------------------------------------------------------------------------


 NSTEP =  1130000   TIME(PS) =    4700.000  TEMP(K) =   300.25  PRESS =     0.0
 Etot   =    -68461.2279  EKtot   =     12411.4336  EPtot      =    -80872.6615
 BOND   =       432.7176  ANGLE   =       945.8607  DIHED      =      1366.5618
 1-4 NB =       412.0615  1-4 EEL =      4793.2053  VDWAALS    =      9973.7773
 EELEC  =    -98796.8456  EHBOND  =         0.0000  RESTRAINT  =         0.0000
 TEMP0  =       300.0000  REPNUM  =              8  EXCHANGE#  =           4520
 ------------------------------------------------------------------------------


 NSTEP =  1140000   TIME(PS) =    4740.000  TEMP(K) =   302.28  PRESS =     0.0
 Etot   =    -68619.4321  EKtot   =     12495.5908  EPtot      =    -81115.0229
 BOND   =       405.7783  ANGLE   =       926.7689  DIHED      =      1357.2605
 1-4 NB =       419.5917  1-4 EEL =      4818.6151  VDWAALS    =      9687.0637
 EELEC  =    -98730.1011  EHBOND  =         0.0000  RESTRAINT  =         0.0000
 TEMP0  =       300.0000  REPNUM  =              8  EXCHANGE#  =           4560
 ------------------------------------------------------------------------------


 NSTEP =  1150000   TIME(PS) =    4780.000  TEMP(K) =   298.23  PRESS =     0.0
 Etot   =    -68363.5976  EKtot   =     12328.1455  EPtot      =    -80691.7432
 BOND   =       392.7513  ANGLE   =       971.9561  DIHED      =      1343.6447
 1-4 NB =       403.4892  1-4 EEL =      4824.6940  VDWAALS    =      9664.6783
 EELEC  =    -98292.9567  EHBOND  =         0.0000  RESTRAINT  =         0.0000
 TEMP0  =       300.0000  REPNUM  =              8  EXCHANGE#  =           4600
 ------------------------------------------------------------------------------


 NSTEP =  1160000   TIME(PS) =    4820.000  TEMP(K) =   300.58  PRESS =     0.0
 Etot   =    -68489.0856  EKtot   =     12425.1230  EPtot      =    -80914.2087
 BOND   =       424.0145  ANGLE   =       912.0551  DIHED      =      1335.4962
 1-4 NB =       405.8516  1-4 EEL =      4781.0756  VDWAALS    =      9838.1673
 EELEC  =    -98610.8689  EHBOND  =         0.0000  RESTRAINT  =         0.0000
 TEMP0  =       300.0000  REPNUM  =              8  EXCHANGE#  =           4640
 ------------------------------------------------------------------------------


 NSTEP =  1170000   TIME(PS) =    4860.000  TEMP(K) =   298.59  PRESS =     0.0
 Etot   =    -68819.4498  EKtot   =     12343.0303  EPtot      =    -81162.4801
 BOND   =       438.6659  ANGLE   =       918.9993  DIHED      =      1361.5990
 1-4 NB =       412.2035  1-4 EEL =      4803.1542  VDWAALS    =      9661.3716
 EELEC  =    -98758.4736  EHBOND  =         0.0000  RESTRAINT  =         0.0000
 TEMP0  =       300.0000  REPNUM  =              8  EXCHANGE#  =           4680
 ------------------------------------------------------------------------------


 NSTEP =  1180000   TIME(PS) =    4900.000  TEMP(K) =   300.69  PRESS =     0.0
 Etot   =    -68481.6744  EKtot   =     12429.6543  EPtot      =    -80911.3287
 BOND   =       414.5417  ANGLE   =       945.5686  DIHED      =      1365.1463
 1-4 NB =       392.8103  1-4 EEL =      4774.9465  VDWAALS    =      9808.0418
 EELEC  =    -98612.3840  EHBOND  =         0.0000  RESTRAINT  =         0.0000
 TEMP0  =       300.0000  REPNUM  =              8  EXCHANGE#  =           4720
 ------------------------------------------------------------------------------


 NSTEP =  1190000   TIME(PS) =    4940.000  TEMP(K) =   300.67  PRESS =     0.0
 Etot   =    -68642.4562  EKtot   =     12428.8604  EPtot      =    -81071.3165
 BOND   =       421.4749  ANGLE   =       903.4341  DIHED      =      1375.8702
 1-4 NB =       397.1984  1-4 EEL =      4829.3136  VDWAALS    =      9680.4024
 EELEC  =    -98679.0102  EHBOND  =         0.0000  RESTRAINT  =         0.0000
 TEMP0  =       300.0000  REPNUM  =              8  EXCHANGE#  =           4760
 ------------------------------------------------------------------------------


 NSTEP =  1200000   TIME(PS) =    4980.000  TEMP(K) =   299.80  PRESS =     0.0
 Etot   =    -68493.3739  EKtot   =     12393.1494  EPtot      =    -80886.5234
 BOND   =       419.8776  ANGLE   =       896.7271  DIHED      =      1355.1509
 1-4 NB =       416.2399  1-4 EEL =      4849.1264  VDWAALS    =      9911.4722
 EELEC  =    -98735.1174  EHBOND  =         0.0000  RESTRAINT  =         0.0000
 TEMP0  =       300.0000  REPNUM  =              8  EXCHANGE#  =           4800
 ------------------------------------------------------------------------------


 NSTEP =  1210000   TIME(PS) =    5020.000  TEMP(K) =   298.54  PRESS =     0.0
 Etot   =    -68364.7605  EKtot   =     12340.8066  EPtot      =    -80705.5672
 BOND   =       405.3992  ANGLE   =       943.3009  DIHED      =      1372.7171
 1-4 NB =       409.6302  1-4 EEL =      4827.7069  VDWAALS    =      9733.7697
 EELEC  =    -98398.0912  EHBOND  =         0.0000  RESTRAINT  =         0.0000
 TEMP0  =       300.0000  REPNUM  =              8  EXCHANGE#  =           4840
 ------------------------------------------------------------------------------


 NSTEP =  1220000   TIME(PS) =    5060.000  TEMP(K) =   297.89  PRESS =     0.0
 Etot   =    -68722.7300  EKtot   =     12313.9580  EPtot      =    -81036.6880
 BOND   =       422.8980  ANGLE   =       948.0703  DIHED      =      1388.9160
 1-4 NB =       400.3798  1-4 EEL =      4803.7032  VDWAALS    =     10029.2202
 EELEC  =    -99029.8756  EHBOND  =         0.0000  RESTRAINT  =         0.0000
 TEMP0  =       300.0000  REPNUM  =              8  EXCHANGE#  =           4880
 ------------------------------------------------------------------------------


 NSTEP =  1230000   TIME(PS) =    5100.000  TEMP(K) =   301.20  PRESS =     0.0
 Etot   =    -68604.5415  EKtot   =     12450.6699  EPtot      =    -81055.2114
 BOND   =       405.1208  ANGLE   =       906.7963  DIHED      =      1368.4958
 1-4 NB =       412.1038  1-4 EEL =      4790.5671  VDWAALS    =      9994.6796
 EELEC  =    -98932.9748  EHBOND  =         0.0000  RESTRAINT  =         0.0000
 TEMP0  =       300.0000  REPNUM  =              8  EXCHANGE#  =           4920
 ------------------------------------------------------------------------------


 NSTEP =  1240000   TIME(PS) =    5140.000  TEMP(K) =   301.69  PRESS =     0.0
 Etot   =    -68385.2278  EKtot   =     12471.0273  EPtot      =    -80856.2552
 BOND   =       402.2618  ANGLE   =       923.2837  DIHED      =      1340.0853
 1-4 NB =       401.4690  1-4 EEL =      4793.4006  VDWAALS    =      9922.3033
 EELEC  =    -98639.0589  EHBOND  =         0.0000  RESTRAINT  =         0.0000
 TEMP0  =       300.0000  REPNUM  =              8  EXCHANGE#  =           4960
 ------------------------------------------------------------------------------


 NSTEP =  1250000   TIME(PS) =    5180.000  TEMP(K) =   300.21  PRESS =     0.0
 Etot   =    -68615.7448  EKtot   =     12410.0859  EPtot      =    -81025.8307
 BOND   =       376.8889  ANGLE   =       925.2839  DIHED      =      1371.4318
 1-4 NB =       402.3196  1-4 EEL =      4838.2984  VDWAALS    =      9947.1414
 EELEC  =    -98887.1947  EHBOND  =         0.0000  RESTRAINT  =         0.0000
 TEMP0  =       300.0000  REPNUM  =              8  EXCHANGE#  =           5000
 ------------------------------------------------------------------------------

--------------------------------------------------------------------------------
   5.  TIMINGS
--------------------------------------------------------------------------------

|  NonSetup CPU Time in Major Routines, Average for All Tasks:
|
|     Routine           Sec        %
|     ------------------------------
|     DataDistrib       0.52    0.01
|     Nonbond        2166.46   27.20
|     Bond              0.00    0.00
|     Angle             0.00    0.00
|     Dihedral          0.00    0.00
|     Shake             1.84    0.02
|     RunMD          5695.93   71.50
|     Other           101.25    1.27
|     ------------------------------
|     Total          7966.01

|  PME Nonbond Pairlist CPU Time, Average for All Tasks:
|
|     Routine              Sec        %
|     ---------------------------------
|     Set Up Cit           0.00    0.00
|     Build List           0.00    0.00
|     ---------------------------------
|     Total                0.00    0.00

|  PME Direct Force CPU Time, Average for All Tasks:
|
|     Routine              Sec        %
|     ---------------------------------
|     NonBonded Calc       0.00    0.00
|     Exclude Masked       0.00    0.00
|     Other                0.62    0.01
|     ---------------------------------
|     Total                0.62    0.01

|  PME Reciprocal Force CPU Time, Average for All Tasks:
|
|     Routine              Sec        %
|     ---------------------------------
|     1D bspline           0.00    0.00
|     Grid Charges         0.00    0.00
|     Scalar Sum           0.00    0.00
|     Gradient Sum         0.00    0.00
|     FFT                  0.00    0.00
|     ---------------------------------
|     Total                0.00    0.00

|  PME Load Balancing CPU Time, Average for All Tasks:
|
|     Routine                 Sec        %
|     ------------------------------------
|     Atom Reassign           0.00    0.00
|     Image Reassign          0.00    0.00
|     FFT Reassign            0.00    0.00
|     ------------------------------------
|     Total                   0.00    0.00

|  Final Performance Info:
|     -----------------------------------------------------
|     Average timings for last       1 steps:
|     Elapsed(s) =       0.00 Per Step(ms) =       0.22
|         ns/day =    1585.19   seconds/ns =      54.50
|
|     Average timings for all steps:
|     Elapsed(s) =    7965.76 Per Step(ms) =       6.37
|         ns/day =      54.23   seconds/ns =    1593.15
|     -----------------------------------------------------

|  Master Setup CPU time:            1.10 seconds
|  Master NonSetup CPU time:      7966.01 seconds
|  Master Total CPU time:         7967.11 seconds     2.21 hours

|  Master Setup wall time:           2    seconds
|  Master NonSetup wall time:     7965    seconds
|  Master Total wall time:        7967    seconds     2.21 hours
