
          -------------------------------------------------------
          Amber 20 PMEMD                              2020
          -------------------------------------------------------

| PMEMD implementation of SANDER, Release 18

|  Compiled date/time: Fri Dec  3 18:13:40 2021
| Run on 12/01/2023 at 21:27:07

|   Executable path: pmemd.cuda_SPFP.MPI
| Working directory: /home/web_service/b-zacharias-website/scripts/rsremd/s100pmatch3_86da2013-a1ea-4cd4-a297-6b678e927cac
|          Hostname: Unknown
  [-O]verwriting output

File Assignments:
|   MDIN: ../remd.in                                                            
|  MDOUT: remd_1.out                                                            
| INPCRD: mdwat6.rst                                                            
|   PARM: syst_1.top                                                            
| RESTRT: remd_1.rst                                                            
|   REFC: refc                                                                  
|  MDVEL: mdvel.000                                                             
|   MDEN: mden.000                                                              
|  MDCRD: remd_1.nc                                                             
| MDINFO: mdinfo.001                                                            
|LOGFILE: logfile.001                                                           
|  MDFRC: mdfrc.000                                                             


 Here is the input file:

                                                                               
# MD input for pull simulation & Umbrella Sampling                             
 &cntrl                                                                        
	! GENERAL FLAGS DESCRIBING THE CALCULATION                                    
	! NATURE AND FORMAT OF THE INPUT                                              
	ntx=5,		! Flag to read the coordinates and velocities from an ASCII coordinate
	irest=1,	! Flag to restart the simulations with velocities and step counter fr
                                                                               
	! NATURE AND FORMAT OF THE OUTPUT	                                            
	ntxo=2, 	! Format of final coordinates, here NetCDF file                      
	ntpr=10000,	! Num of Timesteps to Print Readable energy information           
	ntwr=10000,	! Number of timesteps to write out a backup restrt file           
	iwrap=0,	! Coordinates written to the restart and trajectory files will be "wr
	ntwx=10000,	! Freq of writing coordinates to the mdcrd file                   
	ioutfm=1,       ! Format of coordinate and velocity trajectory files; =1 means
                                                                               
	! FROZEN OR RESTRAINT ATOMS                                                   
	ntr=0, 		! Restraining specific atoms; =0 means no restraints                 
                                                                               
	! MOLECULAR DYNAMICS                                                          
	nstlim=250,	! Number of MD steps to be performed between exchange attempts (he
	nscm=0,         ! Removal of translational and rotational center-of-mass motio
	dt=0.004,	! Time step in ps, 0.002 works by repartitioning the H-weights      
	numexchg=5000, ! Number of exchange attempts, total simulation length will be 
                                                                               
	! TEMPERATURE REGULATION                                                      
	ntt=3,		! Flag for the coupling algorithm; ntt=1 means weak coupling          
	temp0=300.0,	! Reference temperature to be kept by the system                 
	tautp=5.0, 	! Time constant, in ps, for heat bath coupling for the system     
	gamma_ln=2.0, 	! Collision frequency when ntt=3                               
                                                                               
	! PRESSURE REGULATION                                                         
	ntp=0,		! Flag for pressure coupling; 1 means weak coupling but NVT should be 
                                                                               
	! SHAKE BOND LENGTH CONSTRAINTS                                               
	ntc=2,		! Specifies SHAKE constraints; only H-bonds in this case              
                                                                               
	! POTENTIAL FUNCTION PARAMETERS                                               
	ntf=2,		! Manipulates the force evaluation; 2 means no H-Bond evaluation      
	ntb=1,		! Periodic Boundary Conditions, =1 means constant volume              
	cut=9.0,	! Flag that specifies the nonbonded cutoff in Angstrom               
                                                                               
	! GB/SA INPUT PARAMETERS                                                      
  	igb=0, 		! Explicit water                                                   
/                                                                              
&end                                                                           
eof                                                                            


Note: ig = -1. Setting random seed to   804421 based on wallclock time in
      microseconds and disabling the synchronization of random numbers 
      between tasks to improve performance.
| irandom = 1, using AMBER's internal random number generator (default).
 
|--------------------- INFORMATION ----------------------
| GPU (CUDA) Version of PMEMD in use: NVIDIA GPU IN USE.
|                    Version 18.0.0
| 
|                      03/25/2018
| 
| Implementation by:
|                    Ross C. Walker     (SDSC)
|                    Scott Le Grand     (nVIDIA)
| 
| Version 18 performance extensions by:
|                    David Cerutti     (Rutgers)
| 
| Precision model in use:
|      [SPFP] - Single Precision Forces, 64-bit Fixed Point
|               Accumulation. (Default)
| 
|--------------------------------------------------------
 
|----------------- CITATION INFORMATION -----------------
|
|    When publishing work that utilized the CUDA version
|    of AMBER, please cite the following in addition to
|    the regular AMBER citations:
|
|  - Romelia Salomon-Ferrer; Andreas W. Goetz; Duncan
|    Poole; Scott Le Grand; Ross C. Walker "Routine
|    microsecond molecular dynamics simulations with
|    AMBER - Part II: Particle Mesh Ewald", J. Chem.
|    Theory Comput., 2013, 9 (9), pp3878-3888,
|    DOI: 10.1021/ct400314y.
|
|  - Andreas W. Goetz; Mark J. Williamson; Dong Xu;
|    Duncan Poole; Scott Le Grand; Ross C. Walker
|    "Routine microsecond molecular dynamics simulations
|    with AMBER - Part I: Generalized Born", J. Chem.
|    Theory Comput., 2012, 8 (5), pp1542-1555.
|
|  - Scott Le Grand; Andreas W. Goetz; Ross C. Walker
|    "SPFP: Speed without compromise - a mixed precision
|    model for GPU accelerated molecular dynamics
|    simulations.", Comp. Phys. Comm., 2013, 184
|    pp374-380, DOI: 10.1016/j.cpc.2012.09.022
|
|--------------------------------------------------------
 
|------------------- GPU DEVICE INFO --------------------
|
|                         Task ID:      0
|            CUDA_VISIBLE_DEVICES: not set
|   CUDA Capable Devices Detected:      1
|           CUDA Device ID in use:      0
|                CUDA Device Name: NVIDIA GeForce RTX 3070
|     CUDA Device Global Mem Size:   7965 MB
| CUDA Device Num Multiprocessors:     46
|           CUDA Device Core Freq:   1.75 GHz
|
|--------------------------------------------------------
 
|---------------- GPU PEER TO PEER INFO -----------------
|
|   Peer to Peer support: ENABLED
|
|   NCCL support: DISABLED
|
|--------------------------------------------------------
 
 
| Conditional Compilation Defines Used:
| MPI
| PUBFFT
| BINTRAJ
| CUDA
| EMIL

| Largest sphere to fit in unit cell has radius =    26.141

| New format PARM file being parsed.
| Version =    1.000 Date = 12/01/23 Time = 21:26:18

| Note: 1-4 EEL scale factors are being read from the topology file.

| Note: 1-4 VDW scale factors are being read from the topology file.
| Duplicated    0 dihedrals

| Duplicated    0 dihedrals

--------------------------------------------------------------------------------
   1.  RESOURCE   USE: 
--------------------------------------------------------------------------------

 getting box info from netcdf restart file
 NATOM  =   26538 NTYPES =      32 NBONH =   19446 MBONA  =    7080
 NTHETH =    2012 MTHETA =    1194 NPHIH =    3991 MPHIA  =    3764
 NHPARM =       0 NPARM  =       0 NNB   =   53013 NRES   =    6325
 NBONA  =    7080 NTHETA =    1194 NPHIA =    3764 NUMBND =      69
 NUMANG =     156 NPTRA  =     206 NATYP =      38 NPHB   =       1
 IFBOX  =       2 NMXRS  =      26 IFCAP =       0 NEXTRA =    6188
 NCOPY  =       0

| Coordinate Index Table dimensions:    10   10   10
| Direct force subcell size =     6.4033    6.4033    6.4033

     BOX TYPE: TRUNCATED OCTAHEDRON

--------------------------------------------------------------------------------
   2.  CONTROL  DATA  FOR  THE  RUN
--------------------------------------------------------------------------------

default_name                                                                    

General flags:
     imin    =       0, nmropt  =       0

Replica exchange
     numexchg=    5000, rem=       3

Nature and format of input:
     ntx     =       5, irest   =       1, ntrx    =       1

Nature and format of output:
     ntxo    =       2, ntpr    =   10000, ntrx    =       1, ntwr    =   10000
     iwrap   =       0, ntwx    =   10000, ntwv    =       0, ntwe    =       0
     ioutfm  =       1, ntwprt  =       0, idecomp =       0, rbornstat=      0

Potential function:
     ntf     =       2, ntb     =       1, igb     =       0, nsnb    =      25
     ipol    =       0, gbsa    =       0, iesp    =       0
     dielc   =   1.00000, cut     =   9.00000, intdiel =   1.00000

Frozen or restrained atoms:
     ibelly  =       0, ntr     =       0

Molecular dynamics:
     nstlim  =       250, nscm    =         0, nrespa  =         1
     t       =   0.00000, dt      =   0.00400, vlimit  =  -1.00000

Langevin dynamics temperature regulation:
     ig      =  804421
     temp0   = 300.00000, tempi   =   0.00000, gamma_ln=   2.00000

SHAKE:
     ntc     =       2, jfastw  =       0
     tol     =   0.00001

| Intermolecular bonds treatment:
|     no_intermolecular_bonds =       1

| Energy averages sample interval:
|     ene_avg_sampling =   10000

Extra-points options:
     frameon =       1, chngmask=       1

Ewald parameters:
     verbose =       0, ew_type =       0, nbflag  =       1, use_pme =       1
     vdwmeth =       1, eedmeth =       1, netfrc  =       1
     Box X =   64.033   Box Y =   64.033   Box Z =   64.033
     Alpha =  109.471   Beta  =  109.471   Gamma =  109.471
     NFFT1 =   64       NFFT2 =   64       NFFT3 =   64
     Cutoff=    9.000   Tol   =0.100E-04
     Ewald Coefficient =  0.30768
     Interpolation order =    4

| PMEMD ewald parallel performance parameters:
|     block_fft =    0
|     fft_blk_y_divisor =    2
|     excl_recip =    0
|     excl_master =    0
|     atm_redist_freq =  320
|      EXTRA_PTS, trim_bonds: num bonds BEFORE trim = 19446     0
|      EXTRA_PTS, trim_bonds: num bonds AFTER  trim = 19446     0
|      EXTRA_PTS, trim_bonds: num bonds BEFORE trim =  7080     0
|      EXTRA_PTS, trim_bonds: num bonds AFTER  trim =   892     0
|      EXTRA_PTS, trim_theta: num angle BEFORE trim =  2012     0
|      EXTRA_PTS, trim_theta: num angle AFTER  trim =  2012     0
|      EXTRA_PTS, trim_theta: num angle BEFORE trim =  1194     0
|      EXTRA_PTS, trim_theta: num angle AFTER  trim =  1194     0
|      EXTRA_PTS, trim_phi:  num diheds BEFORE trim =  3991     0
|      EXTRA_PTS, trim_phi:  num diheds AFTER  trim =  3991     0
|      EXTRA_PTS, trim_phi:  num diheds BEFORE trim =  3764     0
|      EXTRA_PTS, trim_phi:  num diheds AFTER  trim =  3764     0

--------------------------------------------------------------------------------
   3.  ATOMIC COORDINATES AND VELOCITIES
--------------------------------------------------------------------------------

default_name                                                                    
 begin time read from input coords =   180.000 ps

 
 Number of triangulated 3-point waters found:     6188

     Sum of charges from parm topology file =   0.00003388
     Forcing neutrality...

| Dynamic Memory, Types Used:
| Reals             1156404
| Integers          1985795

| Nonbonded Pairs Initial Allocation:     8027081

| GPU memory information (estimate):
| KB of GPU memory in use:    247693
| KB of CPU memory in use:     54445

| Running AMBER/MPI version on    1 MPI task

 
--------------------------------------------------------------------------------
   4.  RESULTS
--------------------------------------------------------------------------------


 NSTEP =    10000   TIME(PS) =     220.000  TEMP(K) =   302.66  PRESS =     0.0
 Etot   =    -68487.6982  EKtot   =     12511.1387  EPtot      =    -80998.8369
 BOND   =       404.7203  ANGLE   =       917.4390  DIHED      =      1398.7612
 1-4 NB =       420.7197  1-4 EEL =      4884.7907  VDWAALS    =      9920.0634
 EELEC  =    -98945.3312  EHBOND  =         0.0000  RESTRAINT  =         0.0000
 TEMP0  =       300.0000  REPNUM  =              1  EXCHANGE#  =             40
 ------------------------------------------------------------------------------


 NSTEP =    20000   TIME(PS) =     260.000  TEMP(K) =   298.37  PRESS =     0.0
 Etot   =    -68615.9545  EKtot   =     12333.7539  EPtot      =    -80949.7084
 BOND   =       404.8018  ANGLE   =       978.4878  DIHED      =      1384.5848
 1-4 NB =       406.9565  1-4 EEL =      4880.2650  VDWAALS    =      9988.4453
 EELEC  =    -98993.2496  EHBOND  =         0.0000  RESTRAINT  =         0.0000
 TEMP0  =       300.0000  REPNUM  =              1  EXCHANGE#  =             80
 ------------------------------------------------------------------------------


 NSTEP =    30000   TIME(PS) =     300.000  TEMP(K) =   302.12  PRESS =     0.0
 Etot   =    -68321.2094  EKtot   =     12489.0352  EPtot      =    -80810.2446
 BOND   =       419.6224  ANGLE   =       982.6463  DIHED      =      1393.6660
 1-4 NB =       397.0043  1-4 EEL =      4881.4014  VDWAALS    =      9808.4620
 EELEC  =    -98693.0470  EHBOND  =         0.0000  RESTRAINT  =         0.0000
 TEMP0  =       300.0000  REPNUM  =              1  EXCHANGE#  =            120
 ------------------------------------------------------------------------------


 NSTEP =    40000   TIME(PS) =     340.000  TEMP(K) =   304.26  PRESS =     0.0
 Etot   =    -68136.4368  EKtot   =     12577.4297  EPtot      =    -80713.8665
 BOND   =       424.1184  ANGLE   =       935.2058  DIHED      =      1391.1055
 1-4 NB =       405.6652  1-4 EEL =      4861.9950  VDWAALS    =      9743.5022
 EELEC  =    -98475.4585  EHBOND  =         0.0000  RESTRAINT  =         0.0000
 TEMP0  =       300.0000  REPNUM  =              1  EXCHANGE#  =            160
 ------------------------------------------------------------------------------


 NSTEP =    50000   TIME(PS) =     380.000  TEMP(K) =   299.71  PRESS =     0.0
 Etot   =    -68389.7732  EKtot   =     12389.4824  EPtot      =    -80779.2556
 BOND   =       449.9719  ANGLE   =       911.3125  DIHED      =      1386.7190
 1-4 NB =       403.4107  1-4 EEL =      4919.7926  VDWAALS    =      9691.0841
 EELEC  =    -98541.5462  EHBOND  =         0.0000  RESTRAINT  =         0.0000
 TEMP0  =       300.0000  REPNUM  =              1  EXCHANGE#  =            200
 ------------------------------------------------------------------------------


 NSTEP =    60000   TIME(PS) =     420.000  TEMP(K) =   301.64  PRESS =     0.0
 Etot   =    -68317.4559  EKtot   =     12469.1738  EPtot      =    -80786.6297
 BOND   =       426.3106  ANGLE   =       911.2648  DIHED      =      1373.1548
 1-4 NB =       391.3777  1-4 EEL =      4894.7397  VDWAALS    =      9603.8736
 EELEC  =    -98387.3509  EHBOND  =         0.0000  RESTRAINT  =         0.0000
 TEMP0  =       300.0000  REPNUM  =              1  EXCHANGE#  =            240
 ------------------------------------------------------------------------------


 NSTEP =    70000   TIME(PS) =     460.000  TEMP(K) =   300.73  PRESS =     0.0
 Etot   =    -68497.5150  EKtot   =     12431.2891  EPtot      =    -80928.8041
 BOND   =       441.6854  ANGLE   =       967.8432  DIHED      =      1388.3977
 1-4 NB =       414.8136  1-4 EEL =      4854.3595  VDWAALS    =      9919.8382
 EELEC  =    -98915.7416  EHBOND  =         0.0000  RESTRAINT  =         0.0000
 TEMP0  =       300.0000  REPNUM  =              1  EXCHANGE#  =            280
 ------------------------------------------------------------------------------


 NSTEP =    80000   TIME(PS) =     500.000  TEMP(K) =   298.60  PRESS =     0.0
 Etot   =    -68870.0055  EKtot   =     12343.5059  EPtot      =    -81213.5114
 BOND   =       407.3787  ANGLE   =       914.4549  DIHED      =      1373.8840
 1-4 NB =       388.7349  1-4 EEL =      4872.8682  VDWAALS    =      9690.6001
 EELEC  =    -98861.4322  EHBOND  =         0.0000  RESTRAINT  =         0.0000
 TEMP0  =       300.0000  REPNUM  =              1  EXCHANGE#  =            320
 ------------------------------------------------------------------------------


 NSTEP =    90000   TIME(PS) =     540.000  TEMP(K) =   298.62  PRESS =     0.0
 Etot   =    -68623.6178  EKtot   =     12344.1094  EPtot      =    -80967.7272
 BOND   =       393.1897  ANGLE   =       942.6628  DIHED      =      1366.2353
 1-4 NB =       416.3257  1-4 EEL =      4827.3734  VDWAALS    =      9989.1178
 EELEC  =    -98902.6320  EHBOND  =         0.0000  RESTRAINT  =         0.0000
 TEMP0  =       300.0000  REPNUM  =              1  EXCHANGE#  =            360
 ------------------------------------------------------------------------------


 NSTEP =   100000   TIME(PS) =     580.000  TEMP(K) =   299.97  PRESS =     0.0
 Etot   =    -68537.6355  EKtot   =     12400.1074  EPtot      =    -80937.7429
 BOND   =       396.0584  ANGLE   =       942.4989  DIHED      =      1370.8650
 1-4 NB =       401.1218  1-4 EEL =      4852.4306  VDWAALS    =      9504.5295
 EELEC  =    -98405.2473  EHBOND  =         0.0000  RESTRAINT  =         0.0000
 TEMP0  =       300.0000  REPNUM  =              1  EXCHANGE#  =            400
 ------------------------------------------------------------------------------


 NSTEP =   110000   TIME(PS) =     620.000  TEMP(K) =   299.00  PRESS =     0.0
 Etot   =    -68812.3770  EKtot   =     12359.8936  EPtot      =    -81172.2705
 BOND   =       431.2603  ANGLE   =       884.1155  DIHED      =      1362.1328
 1-4 NB =       411.3736  1-4 EEL =      4904.7383  VDWAALS    =      9960.1658
 EELEC  =    -99126.0570  EHBOND  =         0.0000  RESTRAINT  =         0.0000
 TEMP0  =       300.0000  REPNUM  =              1  EXCHANGE#  =            440
 ------------------------------------------------------------------------------


 NSTEP =   120000   TIME(PS) =     660.000  TEMP(K) =   302.76  PRESS =     0.0
 Etot   =    -68203.2698  EKtot   =     12515.3896  EPtot      =    -80718.6595
 BOND   =       414.8005  ANGLE   =       957.0089  DIHED      =      1349.1530
 1-4 NB =       401.8698  1-4 EEL =      4854.1418  VDWAALS    =      9644.2626
 EELEC  =    -98339.8961  EHBOND  =         0.0000  RESTRAINT  =         0.0000
 TEMP0  =       300.0000  REPNUM  =              1  EXCHANGE#  =            480
 ------------------------------------------------------------------------------


 NSTEP =   130000   TIME(PS) =     700.000  TEMP(K) =   299.88  PRESS =     0.0
 Etot   =    -68448.7209  EKtot   =     12396.2549  EPtot      =    -80844.9758
 BOND   =       387.1573  ANGLE   =       943.8472  DIHED      =      1369.5189
 1-4 NB =       400.1361  1-4 EEL =      4836.9864  VDWAALS    =      9733.6767
 EELEC  =    -98516.2985  EHBOND  =         0.0000  RESTRAINT  =         0.0000
 TEMP0  =       300.0000  REPNUM  =              1  EXCHANGE#  =            520
 ------------------------------------------------------------------------------


 NSTEP =   140000   TIME(PS) =     740.000  TEMP(K) =   302.58  PRESS =     0.0
 Etot   =    -68556.0102  EKtot   =     12507.7666  EPtot      =    -81063.7768
 BOND   =       408.5150  ANGLE   =       918.7757  DIHED      =      1357.7381
 1-4 NB =       404.9707  1-4 EEL =      4879.6982  VDWAALS    =      9740.7116
 EELEC  =    -98774.1861  EHBOND  =         0.0000  RESTRAINT  =         0.0000
 TEMP0  =       300.0000  REPNUM  =              1  EXCHANGE#  =            560
 ------------------------------------------------------------------------------


 NSTEP =   150000   TIME(PS) =     780.000  TEMP(K) =   299.82  PRESS =     0.0
 Etot   =    -68517.0510  EKtot   =     12393.8164  EPtot      =    -80910.8674
 BOND   =       399.8344  ANGLE   =       969.9294  DIHED      =      1363.8690
 1-4 NB =       412.5642  1-4 EEL =      4894.6321  VDWAALS    =      9768.0105
 EELEC  =    -98719.7069  EHBOND  =         0.0000  RESTRAINT  =         0.0000
 TEMP0  =       300.0000  REPNUM  =              1  EXCHANGE#  =            600
 ------------------------------------------------------------------------------


 NSTEP =   160000   TIME(PS) =     820.000  TEMP(K) =   299.57  PRESS =     0.0
 Etot   =    -68386.2315  EKtot   =     12383.5449  EPtot      =    -80769.7764
 BOND   =       407.8301  ANGLE   =       913.5067  DIHED      =      1370.1280
 1-4 NB =       421.7031  1-4 EEL =      4906.4989  VDWAALS    =      9804.3810
 EELEC  =    -98593.8242  EHBOND  =         0.0000  RESTRAINT  =         0.0000
 TEMP0  =       300.0000  REPNUM  =              1  EXCHANGE#  =            640
 ------------------------------------------------------------------------------


 NSTEP =   170000   TIME(PS) =     860.000  TEMP(K) =   302.09  PRESS =     0.0
 Etot   =    -68705.3216  EKtot   =     12487.8184  EPtot      =    -81193.1400
 BOND   =       405.8460  ANGLE   =       923.8938  DIHED      =      1354.4009
 1-4 NB =       385.3337  1-4 EEL =      4829.5299  VDWAALS    =      9906.7764
 EELEC  =    -98998.9206  EHBOND  =         0.0000  RESTRAINT  =         0.0000
 TEMP0  =       300.0000  REPNUM  =              1  EXCHANGE#  =            680
 ------------------------------------------------------------------------------


 NSTEP =   180000   TIME(PS) =     900.000  TEMP(K) =   299.47  PRESS =     0.0
 Etot   =    -68828.6389  EKtot   =     12379.4473  EPtot      =    -81208.0862
 BOND   =       412.6138  ANGLE   =       933.6462  DIHED      =      1398.8927
 1-4 NB =       396.8031  1-4 EEL =      4808.3648  VDWAALS    =     10063.1702
 EELEC  =    -99221.5771  EHBOND  =         0.0000  RESTRAINT  =         0.0000
 TEMP0  =       300.0000  REPNUM  =              1  EXCHANGE#  =            720
 ------------------------------------------------------------------------------


 NSTEP =   190000   TIME(PS) =     940.000  TEMP(K) =   301.40  PRESS =     0.0
 Etot   =    -68532.5666  EKtot   =     12459.3096  EPtot      =    -80991.8762
 BOND   =       413.8566  ANGLE   =       934.4954  DIHED      =      1357.5619
 1-4 NB =       408.6198  1-4 EEL =      4844.1021  VDWAALS    =      9874.2718
 EELEC  =    -98824.7838  EHBOND  =         0.0000  RESTRAINT  =         0.0000
 TEMP0  =       300.0000  REPNUM  =              1  EXCHANGE#  =            760
 ------------------------------------------------------------------------------


 NSTEP =   200000   TIME(PS) =     980.000  TEMP(K) =   300.82  PRESS =     0.0
 Etot   =    -68513.5526  EKtot   =     12435.2002  EPtot      =    -80948.7528
 BOND   =       429.4894  ANGLE   =       883.6204  DIHED      =      1349.8545
 1-4 NB =       401.1503  1-4 EEL =      4905.5142  VDWAALS    =      9731.6359
 EELEC  =    -98650.0174  EHBOND  =         0.0000  RESTRAINT  =         0.0000
 TEMP0  =       300.0000  REPNUM  =              1  EXCHANGE#  =            800
 ------------------------------------------------------------------------------


 NSTEP =   210000   TIME(PS) =    1020.000  TEMP(K) =   299.24  PRESS =     0.0
 Etot   =    -68588.1601  EKtot   =     12369.8916  EPtot      =    -80958.0517
 BOND   =       382.9973  ANGLE   =       895.3168  DIHED      =      1330.9184
 1-4 NB =       394.9049  1-4 EEL =      4790.6022  VDWAALS    =      9752.3176
 EELEC  =    -98505.1089  EHBOND  =         0.0000  RESTRAINT  =         0.0000
 TEMP0  =       300.0000  REPNUM  =              1  EXCHANGE#  =            840
 ------------------------------------------------------------------------------


 NSTEP =   220000   TIME(PS) =    1060.000  TEMP(K) =   297.01  PRESS =     0.0
 Etot   =    -68578.7830  EKtot   =     12277.6973  EPtot      =    -80856.4803
 BOND   =       452.4048  ANGLE   =       931.7620  DIHED      =      1353.9886
 1-4 NB =       391.7253  1-4 EEL =      4859.8444  VDWAALS    =      9606.8134
 EELEC  =    -98453.0187  EHBOND  =         0.0000  RESTRAINT  =         0.0000
 TEMP0  =       300.0000  REPNUM  =              1  EXCHANGE#  =            880
 ------------------------------------------------------------------------------


 NSTEP =   230000   TIME(PS) =    1100.000  TEMP(K) =   303.06  PRESS =     0.0
 Etot   =    -68328.2991  EKtot   =     12527.8633  EPtot      =    -80856.1624
 BOND   =       408.6590  ANGLE   =       937.6324  DIHED      =      1386.3107
 1-4 NB =       404.6622  1-4 EEL =      4791.7668  VDWAALS    =      9681.5951
 EELEC  =    -98466.7886  EHBOND  =         0.0000  RESTRAINT  =         0.0000
 TEMP0  =       300.0000  REPNUM  =              1  EXCHANGE#  =            920
 ------------------------------------------------------------------------------


 NSTEP =   240000   TIME(PS) =    1140.000  TEMP(K) =   297.46  PRESS =     0.0
 Etot   =    -68425.4826  EKtot   =     12296.2461  EPtot      =    -80721.7287
 BOND   =       427.8555  ANGLE   =       949.4379  DIHED      =      1388.0431
 1-4 NB =       404.4718  1-4 EEL =      4813.4875  VDWAALS    =      9550.1214
 EELEC  =    -98255.1459  EHBOND  =         0.0000  RESTRAINT  =         0.0000
 TEMP0  =       300.0000  REPNUM  =              1  EXCHANGE#  =            960
 ------------------------------------------------------------------------------


 NSTEP =   250000   TIME(PS) =    1180.000  TEMP(K) =   302.90  PRESS =     0.0
 Etot   =    -68576.8052  EKtot   =     12521.1992  EPtot      =    -81098.0045
 BOND   =       454.3435  ANGLE   =       928.8585  DIHED      =      1371.7597
 1-4 NB =       384.4586  1-4 EEL =      4815.5395  VDWAALS    =     10056.5952
 EELEC  =    -99109.5594  EHBOND  =         0.0000  RESTRAINT  =         0.0000
 TEMP0  =       300.0000  REPNUM  =              1  EXCHANGE#  =           1000
 ------------------------------------------------------------------------------


 NSTEP =   260000   TIME(PS) =    1220.000  TEMP(K) =   303.20  PRESS =     0.0
 Etot   =    -68420.3573  EKtot   =     12533.6289  EPtot      =    -80953.9862
 BOND   =       399.4752  ANGLE   =       910.1345  DIHED      =      1369.0921
 1-4 NB =       405.0923  1-4 EEL =      4895.5567  VDWAALS    =      9850.8217
 EELEC  =    -98784.1586  EHBOND  =         0.0000  RESTRAINT  =         0.0000
 TEMP0  =       300.0000  REPNUM  =              1  EXCHANGE#  =           1040
 ------------------------------------------------------------------------------


 NSTEP =   270000   TIME(PS) =    1260.000  TEMP(K) =   302.70  PRESS =     0.0
 Etot   =    -68516.0680  EKtot   =     12513.0332  EPtot      =    -81029.1012
 BOND   =       427.8220  ANGLE   =       919.6902  DIHED      =      1368.4588
 1-4 NB =       398.8939  1-4 EEL =      4812.5313  VDWAALS    =      9681.7772
 EELEC  =    -98638.2746  EHBOND  =         0.0000  RESTRAINT  =         0.0000
 TEMP0  =       300.0000  REPNUM  =              1  EXCHANGE#  =           1080
 ------------------------------------------------------------------------------


 NSTEP =   280000   TIME(PS) =    1300.000  TEMP(K) =   300.75  PRESS =     0.0
 Etot   =    -68389.8556  EKtot   =     12432.1133  EPtot      =    -80821.9689
 BOND   =       437.6454  ANGLE   =       981.5103  DIHED      =      1366.3846
 1-4 NB =       410.6425  1-4 EEL =      4855.5124  VDWAALS    =      9622.8693
 EELEC  =    -98496.5335  EHBOND  =         0.0000  RESTRAINT  =         0.0000
 TEMP0  =       300.0000  REPNUM  =              1  EXCHANGE#  =           1120
 ------------------------------------------------------------------------------


 NSTEP =   290000   TIME(PS) =    1340.000  TEMP(K) =   297.90  PRESS =     0.0
 Etot   =    -68485.3082  EKtot   =     12314.2832  EPtot      =    -80799.5914
 BOND   =       406.7456  ANGLE   =       974.0745  DIHED      =      1358.6311
 1-4 NB =       422.0709  1-4 EEL =      4864.9723  VDWAALS    =      9534.0350
 EELEC  =    -98360.1207  EHBOND  =         0.0000  RESTRAINT  =         0.0000
 TEMP0  =       300.0000  REPNUM  =              1  EXCHANGE#  =           1160
 ------------------------------------------------------------------------------


 NSTEP =   300000   TIME(PS) =    1380.000  TEMP(K) =   300.10  PRESS =     0.0
 Etot   =    -68620.7737  EKtot   =     12405.3154  EPtot      =    -81026.0891
 BOND   =       406.7319  ANGLE   =       887.0043  DIHED      =      1355.6629
 1-4 NB =       407.7344  1-4 EEL =      4858.0801  VDWAALS    =      9658.3164
 EELEC  =    -98599.6191  EHBOND  =         0.0000  RESTRAINT  =         0.0000
 TEMP0  =       300.0000  REPNUM  =              1  EXCHANGE#  =           1200
 ------------------------------------------------------------------------------


 NSTEP =   310000   TIME(PS) =    1420.000  TEMP(K) =   299.73  PRESS =     0.0
 Etot   =    -68519.0837  EKtot   =     12390.3066  EPtot      =    -80909.3903
 BOND   =       382.9417  ANGLE   =       972.9151  DIHED      =      1368.8713
 1-4 NB =       407.7504  1-4 EEL =      4814.0101  VDWAALS    =      9962.6079
 EELEC  =    -98818.4867  EHBOND  =         0.0000  RESTRAINT  =         0.0000
 TEMP0  =       300.0000  REPNUM  =              1  EXCHANGE#  =           1240
 ------------------------------------------------------------------------------


 NSTEP =   320000   TIME(PS) =    1460.000  TEMP(K) =   301.84  PRESS =     0.0
 Etot   =    -68393.2739  EKtot   =     12477.2637  EPtot      =    -80870.5376
 BOND   =       397.7494  ANGLE   =       919.6835  DIHED      =      1360.7612
 1-4 NB =       418.7546  1-4 EEL =      4867.2530  VDWAALS    =      9786.3602
 EELEC  =    -98621.0996  EHBOND  =         0.0000  RESTRAINT  =         0.0000
 TEMP0  =       300.0000  REPNUM  =              1  EXCHANGE#  =           1280
 ------------------------------------------------------------------------------


 NSTEP =   330000   TIME(PS) =    1500.000  TEMP(K) =   302.28  PRESS =     0.0
 Etot   =    -68460.2115  EKtot   =     12495.6025  EPtot      =    -80955.8140
 BOND   =       421.8638  ANGLE   =       934.6330  DIHED      =      1372.0048
 1-4 NB =       406.2206  1-4 EEL =      4846.3736  VDWAALS    =      9787.5894
 EELEC  =    -98724.4993  EHBOND  =         0.0000  RESTRAINT  =         0.0000
 TEMP0  =       300.0000  REPNUM  =              1  EXCHANGE#  =           1320
 ------------------------------------------------------------------------------


 NSTEP =   340000   TIME(PS) =    1540.000  TEMP(K) =   301.44  PRESS =     0.0
 Etot   =    -68114.4978  EKtot   =     12460.9092  EPtot      =    -80575.4069
 BOND   =       421.1536  ANGLE   =       942.0644  DIHED      =      1369.9688
 1-4 NB =       407.6710  1-4 EEL =      4837.9130  VDWAALS    =      9607.3730
 EELEC  =    -98161.5507  EHBOND  =         0.0000  RESTRAINT  =         0.0000
 TEMP0  =       300.0000  REPNUM  =              1  EXCHANGE#  =           1360
 ------------------------------------------------------------------------------


 NSTEP =   350000   TIME(PS) =    1580.000  TEMP(K) =   298.38  PRESS =     0.0
 Etot   =    -68677.2402  EKtot   =     12334.4023  EPtot      =    -81011.6425
 BOND   =       421.7591  ANGLE   =       911.8258  DIHED      =      1375.1912
 1-4 NB =       405.4888  1-4 EEL =      4810.9442  VDWAALS    =      9702.4154
 EELEC  =    -98639.2670  EHBOND  =         0.0000  RESTRAINT  =         0.0000
 TEMP0  =       300.0000  REPNUM  =              1  EXCHANGE#  =           1400
 ------------------------------------------------------------------------------


 NSTEP =   360000   TIME(PS) =    1620.000  TEMP(K) =   298.67  PRESS =     0.0
 Etot   =    -68588.7860  EKtot   =     12346.0938  EPtot      =    -80934.8797
 BOND   =       429.5812  ANGLE   =       915.3371  DIHED      =      1355.4221
 1-4 NB =       398.5209  1-4 EEL =      4793.1949  VDWAALS    =      9729.8719
 EELEC  =    -98556.8079  EHBOND  =         0.0000  RESTRAINT  =         0.0000
 TEMP0  =       300.0000  REPNUM  =              1  EXCHANGE#  =           1440
 ------------------------------------------------------------------------------


 NSTEP =   370000   TIME(PS) =    1660.000  TEMP(K) =   301.31  PRESS =     0.0
 Etot   =    -68278.3499  EKtot   =     12455.4512  EPtot      =    -80733.8011
 BOND   =       423.3567  ANGLE   =       929.1574  DIHED      =      1350.1126
 1-4 NB =       411.2505  1-4 EEL =      4795.2640  VDWAALS    =      9448.3954
 EELEC  =    -98091.3378  EHBOND  =         0.0000  RESTRAINT  =         0.0000
 TEMP0  =       300.0000  REPNUM  =              1  EXCHANGE#  =           1480
 ------------------------------------------------------------------------------


 NSTEP =   380000   TIME(PS) =    1700.000  TEMP(K) =   298.37  PRESS =     0.0
 Etot   =    -68766.2618  EKtot   =     12333.7422  EPtot      =    -81100.0039
 BOND   =       384.9601  ANGLE   =       943.0115  DIHED      =      1368.8595
 1-4 NB =       404.8143  1-4 EEL =      4852.8364  VDWAALS    =      9662.9510
 EELEC  =    -98717.4368  EHBOND  =         0.0000  RESTRAINT  =         0.0000
 TEMP0  =       300.0000  REPNUM  =              1  EXCHANGE#  =           1520
 ------------------------------------------------------------------------------


 NSTEP =   390000   TIME(PS) =    1740.000  TEMP(K) =   302.57  PRESS =     0.0
 Etot   =    -68349.3198  EKtot   =     12507.7002  EPtot      =    -80857.0200
 BOND   =       400.5943  ANGLE   =       929.4806  DIHED      =      1376.3112
 1-4 NB =       397.2858  1-4 EEL =      4835.9371  VDWAALS    =      9487.5572
 EELEC  =    -98284.1862  EHBOND  =         0.0000  RESTRAINT  =         0.0000
 TEMP0  =       300.0000  REPNUM  =              1  EXCHANGE#  =           1560
 ------------------------------------------------------------------------------


 NSTEP =   400000   TIME(PS) =    1780.000  TEMP(K) =   299.09  PRESS =     0.0
 Etot   =    -68563.3985  EKtot   =     12363.7480  EPtot      =    -80927.1466
 BOND   =       395.9030  ANGLE   =       909.8180  DIHED      =      1354.1317
 1-4 NB =       411.3670  1-4 EEL =      4836.0503  VDWAALS    =      9828.8017
 EELEC  =    -98663.2182  EHBOND  =         0.0000  RESTRAINT  =         0.0000
 TEMP0  =       300.0000  REPNUM  =              1  EXCHANGE#  =           1600
 ------------------------------------------------------------------------------


 NSTEP =   410000   TIME(PS) =    1820.000  TEMP(K) =   300.47  PRESS =     0.0
 Etot   =    -68686.8977  EKtot   =     12420.8867  EPtot      =    -81107.7844
 BOND   =       434.6718  ANGLE   =       930.9509  DIHED      =      1367.9229
 1-4 NB =       415.2015  1-4 EEL =      4839.6021  VDWAALS    =      9730.7790
 EELEC  =    -98826.9126  EHBOND  =         0.0000  RESTRAINT  =         0.0000
 TEMP0  =       300.0000  REPNUM  =              1  EXCHANGE#  =           1640
 ------------------------------------------------------------------------------


 NSTEP =   420000   TIME(PS) =    1860.000  TEMP(K) =   298.54  PRESS =     0.0
 Etot   =    -68670.8927  EKtot   =     12340.9121  EPtot      =    -81011.8048
 BOND   =       386.8919  ANGLE   =       923.3865  DIHED      =      1360.5486
 1-4 NB =       420.8904  1-4 EEL =      4883.6675  VDWAALS    =     10020.6635
 EELEC  =    -99007.8531  EHBOND  =         0.0000  RESTRAINT  =         0.0000
 TEMP0  =       300.0000  REPNUM  =              1  EXCHANGE#  =           1680
 ------------------------------------------------------------------------------


 NSTEP =   430000   TIME(PS) =    1900.000  TEMP(K) =   298.07  PRESS =     0.0
 Etot   =    -68454.5110  EKtot   =     12321.5381  EPtot      =    -80776.0491
 BOND   =       381.1154  ANGLE   =       915.2646  DIHED      =      1342.8075
 1-4 NB =       408.1643  1-4 EEL =      4847.0143  VDWAALS    =      9664.6509
 EELEC  =    -98335.0662  EHBOND  =         0.0000  RESTRAINT  =         0.0000
 TEMP0  =       300.0000  REPNUM  =              1  EXCHANGE#  =           1720
 ------------------------------------------------------------------------------


 NSTEP =   440000   TIME(PS) =    1940.000  TEMP(K) =   300.50  PRESS =     0.0
 Etot   =    -68611.5858  EKtot   =     12422.0000  EPtot      =    -81033.5858
 BOND   =       431.5831  ANGLE   =       908.9539  DIHED      =      1335.8968
 1-4 NB =       422.3205  1-4 EEL =      4788.0595  VDWAALS    =      9912.5701
 EELEC  =    -98832.9697  EHBOND  =         0.0000  RESTRAINT  =         0.0000
 TEMP0  =       300.0000  REPNUM  =              1  EXCHANGE#  =           1760
 ------------------------------------------------------------------------------


 NSTEP =   450000   TIME(PS) =    1980.000  TEMP(K) =   297.62  PRESS =     0.0
 Etot   =    -68662.6327  EKtot   =     12302.9766  EPtot      =    -80965.6093
 BOND   =       413.9728  ANGLE   =       877.2345  DIHED      =      1359.9820
 1-4 NB =       398.7305  1-4 EEL =      4799.0141  VDWAALS    =      9831.7193
 EELEC  =    -98646.2626  EHBOND  =         0.0000  RESTRAINT  =         0.0000
 TEMP0  =       300.0000  REPNUM  =              1  EXCHANGE#  =           1800
 ------------------------------------------------------------------------------


 NSTEP =   460000   TIME(PS) =    2020.000  TEMP(K) =   302.01  PRESS =     0.0
 Etot   =    -68359.9670  EKtot   =     12484.4414  EPtot      =    -80844.4084
 BOND   =       407.0772  ANGLE   =       938.5139  DIHED      =      1363.3358
 1-4 NB =       415.9661  1-4 EEL =      4792.9658  VDWAALS    =      9561.0010
 EELEC  =    -98323.2681  EHBOND  =         0.0000  RESTRAINT  =         0.0000
 TEMP0  =       300.0000  REPNUM  =              1  EXCHANGE#  =           1840
 ------------------------------------------------------------------------------


 NSTEP =   470000   TIME(PS) =    2060.000  TEMP(K) =   301.04  PRESS =     0.0
 Etot   =    -68430.9537  EKtot   =     12444.2598  EPtot      =    -80875.2135
 BOND   =       433.3697  ANGLE   =       889.4230  DIHED      =      1365.1499
 1-4 NB =       392.4991  1-4 EEL =      4800.2692  VDWAALS    =      9826.8510
 EELEC  =    -98582.7754  EHBOND  =         0.0000  RESTRAINT  =         0.0000
 TEMP0  =       300.0000  REPNUM  =              1  EXCHANGE#  =           1880
 ------------------------------------------------------------------------------


 NSTEP =   480000   TIME(PS) =    2100.000  TEMP(K) =   301.72  PRESS =     0.0
 Etot   =    -68706.8586  EKtot   =     12472.2109  EPtot      =    -81179.0695
 BOND   =       433.1212  ANGLE   =       906.4930  DIHED      =      1382.8948
 1-4 NB =       411.5791  1-4 EEL =      4853.7927  VDWAALS    =      9837.2316
 EELEC  =    -99004.1818  EHBOND  =         0.0000  RESTRAINT  =         0.0000
 TEMP0  =       300.0000  REPNUM  =              1  EXCHANGE#  =           1920
 ------------------------------------------------------------------------------


 NSTEP =   490000   TIME(PS) =    2140.000  TEMP(K) =   299.72  PRESS =     0.0
 Etot   =    -68498.5877  EKtot   =     12389.7236  EPtot      =    -80888.3113
 BOND   =       400.3918  ANGLE   =       941.8441  DIHED      =      1374.9068
 1-4 NB =       405.4516  1-4 EEL =      4814.6379  VDWAALS    =      9629.2778
 EELEC  =    -98454.8213  EHBOND  =         0.0000  RESTRAINT  =         0.0000
 TEMP0  =       300.0000  REPNUM  =              1  EXCHANGE#  =           1960
 ------------------------------------------------------------------------------


 NSTEP =   500000   TIME(PS) =    2180.000  TEMP(K) =   299.71  PRESS =     0.0
 Etot   =    -68487.4921  EKtot   =     12389.2686  EPtot      =    -80876.7607
 BOND   =       401.6999  ANGLE   =      1004.3139  DIHED      =      1353.0103
 1-4 NB =       392.5395  1-4 EEL =      4784.6515  VDWAALS    =      9666.8168
 EELEC  =    -98479.7926  EHBOND  =         0.0000  RESTRAINT  =         0.0000
 TEMP0  =       300.0000  REPNUM  =              1  EXCHANGE#  =           2000
 ------------------------------------------------------------------------------


 NSTEP =   510000   TIME(PS) =    2220.000  TEMP(K) =   304.50  PRESS =     0.0
 Etot   =    -68286.7177  EKtot   =     12587.4131  EPtot      =    -80874.1308
 BOND   =       385.7610  ANGLE   =       944.1966  DIHED      =      1366.4879
 1-4 NB =       406.5972  1-4 EEL =      4837.6300  VDWAALS    =      9378.3016
 EELEC  =    -98193.1051  EHBOND  =         0.0000  RESTRAINT  =         0.0000
 TEMP0  =       300.0000  REPNUM  =              1  EXCHANGE#  =           2040
 ------------------------------------------------------------------------------


 NSTEP =   520000   TIME(PS) =    2260.000  TEMP(K) =   302.19  PRESS =     0.0
 Etot   =    -68490.8491  EKtot   =     12491.6260  EPtot      =    -80982.4751
 BOND   =       383.7457  ANGLE   =       934.7653  DIHED      =      1369.2968
 1-4 NB =       396.0888  1-4 EEL =      4779.8300  VDWAALS    =      9730.7574
 EELEC  =    -98576.9591  EHBOND  =         0.0000  RESTRAINT  =         0.0000
 TEMP0  =       300.0000  REPNUM  =              1  EXCHANGE#  =           2080
 ------------------------------------------------------------------------------


 NSTEP =   530000   TIME(PS) =    2300.000  TEMP(K) =   301.15  PRESS =     0.0
 Etot   =    -68486.6724  EKtot   =     12448.9170  EPtot      =    -80935.5894
 BOND   =       399.4550  ANGLE   =       941.7262  DIHED      =      1369.6849
 1-4 NB =       394.2869  1-4 EEL =      4803.5585  VDWAALS    =      9810.8905
 EELEC  =    -98655.1916  EHBOND  =         0.0000  RESTRAINT  =         0.0000
 TEMP0  =       300.0000  REPNUM  =              1  EXCHANGE#  =           2120
 ------------------------------------------------------------------------------


 NSTEP =   540000   TIME(PS) =    2340.000  TEMP(K) =   299.60  PRESS =     0.0
 Etot   =    -68700.1768  EKtot   =     12384.7646  EPtot      =    -81084.9414
 BOND   =       384.2049  ANGLE   =       940.9791  DIHED      =      1362.2066
 1-4 NB =       399.6023  1-4 EEL =      4812.5497  VDWAALS    =      9863.5875
 EELEC  =    -98848.0715  EHBOND  =         0.0000  RESTRAINT  =         0.0000
 TEMP0  =       300.0000  REPNUM  =              1  EXCHANGE#  =           2160
 ------------------------------------------------------------------------------


 NSTEP =   550000   TIME(PS) =    2380.000  TEMP(K) =   302.95  PRESS =     0.0
 Etot   =    -68603.3727  EKtot   =     12523.3135  EPtot      =    -81126.6862
 BOND   =       420.5208  ANGLE   =       936.4886  DIHED      =      1361.2910
 1-4 NB =       398.5860  1-4 EEL =      4807.6535  VDWAALS    =      9787.7500
 EELEC  =    -98838.9761  EHBOND  =         0.0000  RESTRAINT  =         0.0000
 TEMP0  =       300.0000  REPNUM  =              1  EXCHANGE#  =           2200
 ------------------------------------------------------------------------------


 NSTEP =   560000   TIME(PS) =    2420.000  TEMP(K) =   298.76  PRESS =     0.0
 Etot   =    -68669.5820  EKtot   =     12350.1523  EPtot      =    -81019.7344
 BOND   =       418.2385  ANGLE   =       957.3563  DIHED      =      1364.1614
 1-4 NB =       398.7660  1-4 EEL =      4864.2592  VDWAALS    =     10056.4443
 EELEC  =    -99078.9600  EHBOND  =         0.0000  RESTRAINT  =         0.0000
 TEMP0  =       300.0000  REPNUM  =              1  EXCHANGE#  =           2240
 ------------------------------------------------------------------------------


 NSTEP =   570000   TIME(PS) =    2460.000  TEMP(K) =   300.11  PRESS =     0.0
 Etot   =    -68431.6077  EKtot   =     12405.6865  EPtot      =    -80837.2942
 BOND   =       419.8477  ANGLE   =       943.7904  DIHED      =      1347.4786
 1-4 NB =       395.5659  1-4 EEL =      4791.7459  VDWAALS    =      9753.3986
 EELEC  =    -98489.1214  EHBOND  =         0.0000  RESTRAINT  =         0.0000
 TEMP0  =       300.0000  REPNUM  =              1  EXCHANGE#  =           2280
 ------------------------------------------------------------------------------


 NSTEP =   580000   TIME(PS) =    2500.000  TEMP(K) =   301.09  PRESS =     0.0
 Etot   =    -68554.1754  EKtot   =     12446.2295  EPtot      =    -81000.4049
 BOND   =       422.5690  ANGLE   =       924.3425  DIHED      =      1362.6948
 1-4 NB =       403.7103  1-4 EEL =      4797.6416  VDWAALS    =      9908.8723
 EELEC  =    -98820.2355  EHBOND  =         0.0000  RESTRAINT  =         0.0000
 TEMP0  =       300.0000  REPNUM  =              1  EXCHANGE#  =           2320
 ------------------------------------------------------------------------------


 NSTEP =   590000   TIME(PS) =    2540.000  TEMP(K) =   298.55  PRESS =     0.0
 Etot   =    -68751.0599  EKtot   =     12341.4307  EPtot      =    -81092.4905
 BOND   =       387.4203  ANGLE   =       955.8671  DIHED      =      1345.9466
 1-4 NB =       390.4352  1-4 EEL =      4795.1331  VDWAALS    =      9928.5425
 EELEC  =    -98895.8353  EHBOND  =         0.0000  RESTRAINT  =         0.0000
 TEMP0  =       300.0000  REPNUM  =              1  EXCHANGE#  =           2360
 ------------------------------------------------------------------------------


 NSTEP =   600000   TIME(PS) =    2580.000  TEMP(K) =   298.71  PRESS =     0.0
 Etot   =    -68631.5751  EKtot   =     12348.0430  EPtot      =    -80979.6181
 BOND   =       433.4772  ANGLE   =       938.9526  DIHED      =      1317.7003
 1-4 NB =       404.0636  1-4 EEL =      4828.2044  VDWAALS    =      9992.2447
 EELEC  =    -98894.2607  EHBOND  =         0.0000  RESTRAINT  =         0.0000
 TEMP0  =       300.0000  REPNUM  =              1  EXCHANGE#  =           2400
 ------------------------------------------------------------------------------


 NSTEP =   610000   TIME(PS) =    2620.000  TEMP(K) =   302.06  PRESS =     0.0
 Etot   =    -68641.9323  EKtot   =     12486.4355  EPtot      =    -81128.3678
 BOND   =       402.2654  ANGLE   =       969.7438  DIHED      =      1373.1259
 1-4 NB =       405.6106  1-4 EEL =      4807.9466  VDWAALS    =      9665.4758
 EELEC  =    -98752.5361  EHBOND  =         0.0000  RESTRAINT  =         0.0000
 TEMP0  =       300.0000  REPNUM  =              1  EXCHANGE#  =           2440
 ------------------------------------------------------------------------------


 NSTEP =   620000   TIME(PS) =    2660.000  TEMP(K) =   299.88  PRESS =     0.0
 Etot   =    -68554.0478  EKtot   =     12396.4473  EPtot      =    -80950.4951
 BOND   =       410.0054  ANGLE   =       932.1872  DIHED      =      1370.8481
 1-4 NB =       407.7977  1-4 EEL =      4847.2378  VDWAALS    =      9683.3265
 EELEC  =    -98601.8978  EHBOND  =         0.0000  RESTRAINT  =         0.0000
 TEMP0  =       300.0000  REPNUM  =              1  EXCHANGE#  =           2480
 ------------------------------------------------------------------------------


 NSTEP =   630000   TIME(PS) =    2700.000  TEMP(K) =   299.09  PRESS =     0.0
 Etot   =    -68732.8948  EKtot   =     12363.8291  EPtot      =    -81096.7239
 BOND   =       405.0717  ANGLE   =       950.5401  DIHED      =      1344.2671
 1-4 NB =       408.8752  1-4 EEL =      4782.3911  VDWAALS    =      9901.1052
 EELEC  =    -98888.9742  EHBOND  =         0.0000  RESTRAINT  =         0.0000
 TEMP0  =       300.0000  REPNUM  =              1  EXCHANGE#  =           2520
 ------------------------------------------------------------------------------


 NSTEP =   640000   TIME(PS) =    2740.000  TEMP(K) =   297.73  PRESS =     0.0
 Etot   =    -68538.4588  EKtot   =     12307.3701  EPtot      =    -80845.8290
 BOND   =       449.7433  ANGLE   =       919.2575  DIHED      =      1354.0452
 1-4 NB =       407.6655  1-4 EEL =      4859.1273  VDWAALS    =      9560.6785
 EELEC  =    -98396.3463  EHBOND  =         0.0000  RESTRAINT  =         0.0000
 TEMP0  =       300.0000  REPNUM  =              1  EXCHANGE#  =           2560
 ------------------------------------------------------------------------------


 NSTEP =   650000   TIME(PS) =    2780.000  TEMP(K) =   301.23  PRESS =     0.0
 Etot   =    -68742.6601  EKtot   =     12451.9590  EPtot      =    -81194.6191
 BOND   =       388.8930  ANGLE   =       888.2876  DIHED      =      1352.6486
 1-4 NB =       408.4882  1-4 EEL =      4841.8024  VDWAALS    =     10036.6463
 EELEC  =    -99111.3850  EHBOND  =         0.0000  RESTRAINT  =         0.0000
 TEMP0  =       300.0000  REPNUM  =              1  EXCHANGE#  =           2600
 ------------------------------------------------------------------------------


 NSTEP =   660000   TIME(PS) =    2820.000  TEMP(K) =   298.02  PRESS =     0.0
 Etot   =    -68669.3276  EKtot   =     12319.3320  EPtot      =    -80988.6597
 BOND   =       395.9582  ANGLE   =       911.9729  DIHED      =      1355.4855
 1-4 NB =       415.1967  1-4 EEL =      4802.2736  VDWAALS    =      9625.5243
 EELEC  =    -98495.0709  EHBOND  =         0.0000  RESTRAINT  =         0.0000
 TEMP0  =       300.0000  REPNUM  =              1  EXCHANGE#  =           2640
 ------------------------------------------------------------------------------


 NSTEP =   670000   TIME(PS) =    2860.000  TEMP(K) =   299.08  PRESS =     0.0
 Etot   =    -68676.8229  EKtot   =     12363.0391  EPtot      =    -81039.8620
 BOND   =       407.2176  ANGLE   =       896.6241  DIHED      =      1328.1435
 1-4 NB =       414.2813  1-4 EEL =      4837.7595  VDWAALS    =      9734.8749
 EELEC  =    -98658.7629  EHBOND  =         0.0000  RESTRAINT  =         0.0000
 TEMP0  =       300.0000  REPNUM  =              1  EXCHANGE#  =           2680
 ------------------------------------------------------------------------------


 NSTEP =   680000   TIME(PS) =    2900.000  TEMP(K) =   298.15  PRESS =     0.0
 Etot   =    -68562.4260  EKtot   =     12324.8516  EPtot      =    -80887.2776
 BOND   =       429.5998  ANGLE   =       888.1303  DIHED      =      1359.7727
 1-4 NB =       393.6769  1-4 EEL =      4824.6677  VDWAALS    =      9944.3738
 EELEC  =    -98727.4988  EHBOND  =         0.0000  RESTRAINT  =         0.0000
 TEMP0  =       300.0000  REPNUM  =              1  EXCHANGE#  =           2720
 ------------------------------------------------------------------------------


 NSTEP =   690000   TIME(PS) =    2940.000  TEMP(K) =   296.92  PRESS =     0.0
 Etot   =    -68875.6683  EKtot   =     12273.8213  EPtot      =    -81149.4896
 BOND   =       399.0394  ANGLE   =       924.5654  DIHED      =      1360.3347
 1-4 NB =       404.7588  1-4 EEL =      4860.9537  VDWAALS    =     10085.3936
 EELEC  =    -99184.5353  EHBOND  =         0.0000  RESTRAINT  =         0.0000
 TEMP0  =       300.0000  REPNUM  =              1  EXCHANGE#  =           2760
 ------------------------------------------------------------------------------


 NSTEP =   700000   TIME(PS) =    2980.000  TEMP(K) =   298.26  PRESS =     0.0
 Etot   =    -68785.7705  EKtot   =     12329.1641  EPtot      =    -81114.9345
 BOND   =       418.4462  ANGLE   =       910.8688  DIHED      =      1352.7434
 1-4 NB =       402.7869  1-4 EEL =      4851.8841  VDWAALS    =      9808.1422
 EELEC  =    -98859.8061  EHBOND  =         0.0000  RESTRAINT  =         0.0000
 TEMP0  =       300.0000  REPNUM  =              1  EXCHANGE#  =           2800
 ------------------------------------------------------------------------------


 NSTEP =   710000   TIME(PS) =    3020.000  TEMP(K) =   302.33  PRESS =     0.0
 Etot   =    -68545.0224  EKtot   =     12497.4258  EPtot      =    -81042.4482
 BOND   =       414.9470  ANGLE   =       913.5479  DIHED      =      1347.6518
 1-4 NB =       410.0156  1-4 EEL =      4790.3850  VDWAALS    =      9902.3425
 EELEC  =    -98821.3381  EHBOND  =         0.0000  RESTRAINT  =         0.0000
 TEMP0  =       300.0000  REPNUM  =              1  EXCHANGE#  =           2840
 ------------------------------------------------------------------------------


 NSTEP =   720000   TIME(PS) =    3060.000  TEMP(K) =   298.97  PRESS =     0.0
 Etot   =    -68690.2757  EKtot   =     12358.5234  EPtot      =    -81048.7991
 BOND   =       406.6565  ANGLE   =       967.2153  DIHED      =      1379.1065
 1-4 NB =       398.0065  1-4 EEL =      4823.3407  VDWAALS    =      9903.6625
 EELEC  =    -98926.7872  EHBOND  =         0.0000  RESTRAINT  =         0.0000
 TEMP0  =       300.0000  REPNUM  =              1  EXCHANGE#  =           2880
 ------------------------------------------------------------------------------


 NSTEP =   730000   TIME(PS) =    3100.000  TEMP(K) =   301.87  PRESS =     0.0
 Etot   =    -68576.9318  EKtot   =     12478.6523  EPtot      =    -81055.5842
 BOND   =       427.1514  ANGLE   =       925.4366  DIHED      =      1341.4240
 1-4 NB =       388.0952  1-4 EEL =      4789.0797  VDWAALS    =      9740.4786
 EELEC  =    -98667.2496  EHBOND  =         0.0000  RESTRAINT  =         0.0000
 TEMP0  =       300.0000  REPNUM  =              1  EXCHANGE#  =           2920
 ------------------------------------------------------------------------------


 NSTEP =   740000   TIME(PS) =    3140.000  TEMP(K) =   301.80  PRESS =     0.0
 Etot   =    -68640.1672  EKtot   =     12475.6943  EPtot      =    -81115.8615
 BOND   =       377.7957  ANGLE   =       938.2223  DIHED      =      1322.8109
 1-4 NB =       402.5502  1-4 EEL =      4828.0721  VDWAALS    =      9787.5386
 EELEC  =    -98772.8513  EHBOND  =         0.0000  RESTRAINT  =         0.0000
 TEMP0  =       300.0000  REPNUM  =              1  EXCHANGE#  =           2960
 ------------------------------------------------------------------------------


 NSTEP =   750000   TIME(PS) =    3180.000  TEMP(K) =   304.03  PRESS =     0.0
 Etot   =    -68359.5355  EKtot   =     12567.6592  EPtot      =    -80927.1947
 BOND   =       418.7236  ANGLE   =       935.4938  DIHED      =      1367.5199
 1-4 NB =       407.7482  1-4 EEL =      4808.6689  VDWAALS    =      9955.5129
 EELEC  =    -98820.8621  EHBOND  =         0.0000  RESTRAINT  =         0.0000
 TEMP0  =       300.0000  REPNUM  =              1  EXCHANGE#  =           3000
 ------------------------------------------------------------------------------


 NSTEP =   760000   TIME(PS) =    3220.000  TEMP(K) =   300.27  PRESS =     0.0
 Etot   =    -68485.9148  EKtot   =     12412.2324  EPtot      =    -80898.1472
 BOND   =       381.6530  ANGLE   =       926.3179  DIHED      =      1352.4023
 1-4 NB =       411.0483  1-4 EEL =      4828.2383  VDWAALS    =      9675.8873
 EELEC  =    -98473.6943  EHBOND  =         0.0000  RESTRAINT  =         0.0000
 TEMP0  =       300.0000  REPNUM  =              1  EXCHANGE#  =           3040
 ------------------------------------------------------------------------------


 NSTEP =   770000   TIME(PS) =    3260.000  TEMP(K) =   302.54  PRESS =     0.0
 Etot   =    -68331.4208  EKtot   =     12506.3838  EPtot      =    -80837.8046
 BOND   =       403.4057  ANGLE   =       928.1686  DIHED      =      1365.1113
 1-4 NB =       429.9367  1-4 EEL =      4870.6357  VDWAALS    =      9798.7134
 EELEC  =    -98633.7761  EHBOND  =         0.0000  RESTRAINT  =         0.0000
 TEMP0  =       300.0000  REPNUM  =              1  EXCHANGE#  =           3080
 ------------------------------------------------------------------------------


 NSTEP =   780000   TIME(PS) =    3300.000  TEMP(K) =   299.65  PRESS =     0.0
 Etot   =    -68591.7547  EKtot   =     12386.8242  EPtot      =    -80978.5790
 BOND   =       427.4453  ANGLE   =       949.7309  DIHED      =      1354.1600
 1-4 NB =       395.2277  1-4 EEL =      4813.8292  VDWAALS    =      9725.9981
 EELEC  =    -98644.9702  EHBOND  =         0.0000  RESTRAINT  =         0.0000
 TEMP0  =       300.0000  REPNUM  =              1  EXCHANGE#  =           3120
 ------------------------------------------------------------------------------


 NSTEP =   790000   TIME(PS) =    3340.000  TEMP(K) =   298.35  PRESS =     0.0
 Etot   =    -68715.4024  EKtot   =     12333.2617  EPtot      =    -81048.6641
 BOND   =       412.5999  ANGLE   =       918.3336  DIHED      =      1320.7780
 1-4 NB =       396.5058  1-4 EEL =      4793.3830  VDWAALS    =      9810.5920
 EELEC  =    -98700.8565  EHBOND  =         0.0000  RESTRAINT  =         0.0000
 TEMP0  =       300.0000  REPNUM  =              1  EXCHANGE#  =           3160
 ------------------------------------------------------------------------------


 NSTEP =   800000   TIME(PS) =    3380.000  TEMP(K) =   300.36  PRESS =     0.0
 Etot   =    -68632.0289  EKtot   =     12416.0186  EPtot      =    -81048.0475
 BOND   =       419.2100  ANGLE   =       912.3053  DIHED      =      1352.7150
 1-4 NB =       403.3194  1-4 EEL =      4810.2406  VDWAALS    =      9922.0512
 EELEC  =    -98867.8890  EHBOND  =         0.0000  RESTRAINT  =         0.0000
 TEMP0  =       300.0000  REPNUM  =              1  EXCHANGE#  =           3200
 ------------------------------------------------------------------------------


 NSTEP =   810000   TIME(PS) =    3420.000  TEMP(K) =   300.14  PRESS =     0.0
 Etot   =    -68430.1102  EKtot   =     12407.1250  EPtot      =    -80837.2352
 BOND   =       412.7823  ANGLE   =       926.6752  DIHED      =      1361.5455
 1-4 NB =       413.3243  1-4 EEL =      4837.1961  VDWAALS    =      9859.1643
 EELEC  =    -98647.9228  EHBOND  =         0.0000  RESTRAINT  =         0.0000
 TEMP0  =       300.0000  REPNUM  =              1  EXCHANGE#  =           3240
 ------------------------------------------------------------------------------


 NSTEP =   820000   TIME(PS) =    3460.000  TEMP(K) =   300.00  PRESS =     0.0
 Etot   =    -68607.0581  EKtot   =     12401.0693  EPtot      =    -81008.1274
 BOND   =       409.1052  ANGLE   =       929.9241  DIHED      =      1365.7124
 1-4 NB =       426.2412  1-4 EEL =      4836.4187  VDWAALS    =      9913.3468
 EELEC  =    -98888.8757  EHBOND  =         0.0000  RESTRAINT  =         0.0000
 TEMP0  =       300.0000  REPNUM  =              1  EXCHANGE#  =           3280
 ------------------------------------------------------------------------------


 NSTEP =   830000   TIME(PS) =    3500.000  TEMP(K) =   298.84  PRESS =     0.0
 Etot   =    -68492.7085  EKtot   =     12353.4492  EPtot      =    -80846.1577
 BOND   =       433.1287  ANGLE   =       904.7763  DIHED      =      1335.0856
 1-4 NB =       407.9598  1-4 EEL =      4833.5404  VDWAALS    =      9956.9478
 EELEC  =    -98717.5963  EHBOND  =         0.0000  RESTRAINT  =         0.0000
 TEMP0  =       300.0000  REPNUM  =              1  EXCHANGE#  =           3320
 ------------------------------------------------------------------------------


 NSTEP =   840000   TIME(PS) =    3540.000  TEMP(K) =   297.16  PRESS =     0.0
 Etot   =    -68596.9257  EKtot   =     12283.9922  EPtot      =    -80880.9179
 BOND   =       422.9964  ANGLE   =       948.9546  DIHED      =      1349.1533
 1-4 NB =       399.7035  1-4 EEL =      4805.6666  VDWAALS    =      9770.7404
 EELEC  =    -98578.1327  EHBOND  =         0.0000  RESTRAINT  =         0.0000
 TEMP0  =       300.0000  REPNUM  =              1  EXCHANGE#  =           3360
 ------------------------------------------------------------------------------


 NSTEP =   850000   TIME(PS) =    3580.000  TEMP(K) =   299.41  PRESS =     0.0
 Etot   =    -68546.2566  EKtot   =     12376.7617  EPtot      =    -80923.0183
 BOND   =       412.4573  ANGLE   =       937.8911  DIHED      =      1347.4661
 1-4 NB =       400.1023  1-4 EEL =      4799.3858  VDWAALS    =      9883.1082
 EELEC  =    -98703.4291  EHBOND  =         0.0000  RESTRAINT  =         0.0000
 TEMP0  =       300.0000  REPNUM  =              1  EXCHANGE#  =           3400
 ------------------------------------------------------------------------------


 NSTEP =   860000   TIME(PS) =    3620.000  TEMP(K) =   299.74  PRESS =     0.0
 Etot   =    -69075.5228  EKtot   =     12390.6279  EPtot      =    -81466.1508
 BOND   =       395.2420  ANGLE   =       961.1434  DIHED      =      1332.0493
 1-4 NB =       410.1562  1-4 EEL =      4810.8071  VDWAALS    =      9928.3029
 EELEC  =    -99303.8515  EHBOND  =         0.0000  RESTRAINT  =         0.0000
 TEMP0  =       300.0000  REPNUM  =              1  EXCHANGE#  =           3440
 ------------------------------------------------------------------------------


 NSTEP =   870000   TIME(PS) =    3660.000  TEMP(K) =   298.47  PRESS =     0.0
 Etot   =    -68574.6676  EKtot   =     12338.2041  EPtot      =    -80912.8717
 BOND   =       417.2158  ANGLE   =       893.8681  DIHED      =      1341.0728
 1-4 NB =       412.1102  1-4 EEL =      4808.8592  VDWAALS    =      9888.9230
 EELEC  =    -98674.9208  EHBOND  =         0.0000  RESTRAINT  =         0.0000
 TEMP0  =       300.0000  REPNUM  =              1  EXCHANGE#  =           3480
 ------------------------------------------------------------------------------


 NSTEP =   880000   TIME(PS) =    3700.000  TEMP(K) =   300.30  PRESS =     0.0
 Etot   =    -68444.2334  EKtot   =     12413.5283  EPtot      =    -80857.7618
 BOND   =       397.8016  ANGLE   =       870.2634  DIHED      =      1373.5803
 1-4 NB =       429.1783  1-4 EEL =      4796.9155  VDWAALS    =      9856.8110
 EELEC  =    -98582.3119  EHBOND  =         0.0000  RESTRAINT  =         0.0000
 TEMP0  =       300.0000  REPNUM  =              1  EXCHANGE#  =           3520
 ------------------------------------------------------------------------------


 NSTEP =   890000   TIME(PS) =    3740.000  TEMP(K) =   301.90  PRESS =     0.0
 Etot   =    -68622.0959  EKtot   =     12479.6875  EPtot      =    -81101.7834
 BOND   =       375.6593  ANGLE   =       956.1720  DIHED      =      1352.6889
 1-4 NB =       414.6855  1-4 EEL =      4837.4347  VDWAALS    =      9873.2818
 EELEC  =    -98911.7056  EHBOND  =         0.0000  RESTRAINT  =         0.0000
 TEMP0  =       300.0000  REPNUM  =              1  EXCHANGE#  =           3560
 ------------------------------------------------------------------------------


 NSTEP =   900000   TIME(PS) =    3780.000  TEMP(K) =   297.51  PRESS =     0.0
 Etot   =    -68500.9743  EKtot   =     12298.4834  EPtot      =    -80799.4577
 BOND   =       437.0957  ANGLE   =       904.4434  DIHED      =      1352.8769
 1-4 NB =       404.8853  1-4 EEL =      4819.0084  VDWAALS    =      9739.6286
 EELEC  =    -98457.3960  EHBOND  =         0.0000  RESTRAINT  =         0.0000
 TEMP0  =       300.0000  REPNUM  =              1  EXCHANGE#  =           3600
 ------------------------------------------------------------------------------


 NSTEP =   910000   TIME(PS) =    3820.000  TEMP(K) =   302.55  PRESS =     0.0
 Etot   =    -68178.4881  EKtot   =     12506.5234  EPtot      =    -80685.0116
 BOND   =       391.5107  ANGLE   =       960.3408  DIHED      =      1356.7472
 1-4 NB =       415.1374  1-4 EEL =      4817.7542  VDWAALS    =      9589.5440
 EELEC  =    -98216.0458  EHBOND  =         0.0000  RESTRAINT  =         0.0000
 TEMP0  =       300.0000  REPNUM  =              1  EXCHANGE#  =           3640
 ------------------------------------------------------------------------------


 NSTEP =   920000   TIME(PS) =    3860.000  TEMP(K) =   301.49  PRESS =     0.0
 Etot   =    -68571.0445  EKtot   =     12462.7617  EPtot      =    -81033.8062
 BOND   =       442.2982  ANGLE   =       982.5361  DIHED      =      1344.9536
 1-4 NB =       400.1276  1-4 EEL =      4768.2066  VDWAALS    =      9910.9210
 EELEC  =    -98882.8494  EHBOND  =         0.0000  RESTRAINT  =         0.0000
 TEMP0  =       300.0000  REPNUM  =              1  EXCHANGE#  =           3680
 ------------------------------------------------------------------------------


 NSTEP =   930000   TIME(PS) =    3900.000  TEMP(K) =   297.79  PRESS =     0.0
 Etot   =    -68527.4055  EKtot   =     12310.1143  EPtot      =    -80837.5198
 BOND   =       432.2060  ANGLE   =       871.0099  DIHED      =      1333.5139
 1-4 NB =       404.8533  1-4 EEL =      4793.4067  VDWAALS    =      9700.7181
 EELEC  =    -98373.2277  EHBOND  =         0.0000  RESTRAINT  =         0.0000
 TEMP0  =       300.0000  REPNUM  =              1  EXCHANGE#  =           3720
 ------------------------------------------------------------------------------


 NSTEP =   940000   TIME(PS) =    3940.000  TEMP(K) =   297.81  PRESS =     0.0
 Etot   =    -68636.5954  EKtot   =     12310.8281  EPtot      =    -80947.4236
 BOND   =       414.6557  ANGLE   =       874.1456  DIHED      =      1355.5666
 1-4 NB =       405.1772  1-4 EEL =      4842.9988  VDWAALS    =      9764.2857
 EELEC  =    -98604.2531  EHBOND  =         0.0000  RESTRAINT  =         0.0000
 TEMP0  =       300.0000  REPNUM  =              1  EXCHANGE#  =           3760
 ------------------------------------------------------------------------------


 NSTEP =   950000   TIME(PS) =    3980.000  TEMP(K) =   302.30  PRESS =     0.0
 Etot   =    -68437.8451  EKtot   =     12496.1934  EPtot      =    -80934.0385
 BOND   =       424.7901  ANGLE   =       952.2963  DIHED      =      1357.3977
 1-4 NB =       405.3320  1-4 EEL =      4803.7207  VDWAALS    =      9923.9559
 EELEC  =    -98801.5313  EHBOND  =         0.0000  RESTRAINT  =         0.0000
 TEMP0  =       300.0000  REPNUM  =              1  EXCHANGE#  =           3800
 ------------------------------------------------------------------------------


 NSTEP =   960000   TIME(PS) =    4020.000  TEMP(K) =   300.02  PRESS =     0.0
 Etot   =    -68400.4279  EKtot   =     12401.9033  EPtot      =    -80802.3313
 BOND   =       438.0210  ANGLE   =       925.9852  DIHED      =      1353.0415
 1-4 NB =       422.9612  1-4 EEL =      4844.9536  VDWAALS    =      9831.2943
 EELEC  =    -98618.5880  EHBOND  =         0.0000  RESTRAINT  =         0.0000
 TEMP0  =       300.0000  REPNUM  =              1  EXCHANGE#  =           3840
 ------------------------------------------------------------------------------


 NSTEP =   970000   TIME(PS) =    4060.000  TEMP(K) =   297.89  PRESS =     0.0
 Etot   =    -68680.7307  EKtot   =     12314.1045  EPtot      =    -80994.8352
 BOND   =       410.3198  ANGLE   =       872.4168  DIHED      =      1340.3736
 1-4 NB =       414.1077  1-4 EEL =      4835.1082  VDWAALS    =      9696.5876
 EELEC  =    -98563.7489  EHBOND  =         0.0000  RESTRAINT  =         0.0000
 TEMP0  =       300.0000  REPNUM  =              1  EXCHANGE#  =           3880
 ------------------------------------------------------------------------------


 NSTEP =   980000   TIME(PS) =    4100.000  TEMP(K) =   299.54  PRESS =     0.0
 Etot   =    -68509.1365  EKtot   =     12382.1143  EPtot      =    -80891.2507
 BOND   =       437.4193  ANGLE   =       881.6208  DIHED      =      1350.4187
 1-4 NB =       392.4116  1-4 EEL =      4823.2802  VDWAALS    =      9803.3741
 EELEC  =    -98579.7755  EHBOND  =         0.0000  RESTRAINT  =         0.0000
 TEMP0  =       300.0000  REPNUM  =              1  EXCHANGE#  =           3920
 ------------------------------------------------------------------------------


 NSTEP =   990000   TIME(PS) =    4140.000  TEMP(K) =   302.54  PRESS =     0.0
 Etot   =    -68506.1298  EKtot   =     12506.1758  EPtot      =    -81012.3056
 BOND   =       414.1217  ANGLE   =       898.9896  DIHED      =      1360.4059
 1-4 NB =       391.3265  1-4 EEL =      4807.5493  VDWAALS    =      9700.8397
 EELEC  =    -98585.5382  EHBOND  =         0.0000  RESTRAINT  =         0.0000
 TEMP0  =       300.0000  REPNUM  =              1  EXCHANGE#  =           3960
 ------------------------------------------------------------------------------


 NSTEP =  1000000   TIME(PS) =    4180.000  TEMP(K) =   298.94  PRESS =     0.0
 Etot   =    -68685.1118  EKtot   =     12357.4316  EPtot      =    -81042.5434
 BOND   =       410.9075  ANGLE   =       958.2590  DIHED      =      1375.7394
 1-4 NB =       406.8629  1-4 EEL =      4774.7438  VDWAALS    =      9995.8191
 EELEC  =    -98964.8751  EHBOND  =         0.0000  RESTRAINT  =         0.0000
 TEMP0  =       300.0000  REPNUM  =              1  EXCHANGE#  =           4000
 ------------------------------------------------------------------------------


 NSTEP =  1010000   TIME(PS) =    4220.000  TEMP(K) =   298.40  PRESS =     0.0
 Etot   =    -68729.8383  EKtot   =     12335.3311  EPtot      =    -81065.1693
 BOND   =       435.9378  ANGLE   =       910.4260  DIHED      =      1336.5815
 1-4 NB =       398.6959  1-4 EEL =      4801.2479  VDWAALS    =      9676.7067
 EELEC  =    -98624.7653  EHBOND  =         0.0000  RESTRAINT  =         0.0000
 TEMP0  =       300.0000  REPNUM  =              1  EXCHANGE#  =           4040
 ------------------------------------------------------------------------------


 NSTEP =  1020000   TIME(PS) =    4260.000  TEMP(K) =   301.54  PRESS =     0.0
 Etot   =    -68487.3263  EKtot   =     12464.8232  EPtot      =    -80952.1496
 BOND   =       442.7869  ANGLE   =       925.6490  DIHED      =      1374.5633
 1-4 NB =       386.2423  1-4 EEL =      4778.4838  VDWAALS    =      9917.8605
 EELEC  =    -98777.7355  EHBOND  =         0.0000  RESTRAINT  =         0.0000
 TEMP0  =       300.0000  REPNUM  =              1  EXCHANGE#  =           4080
 ------------------------------------------------------------------------------


 NSTEP =  1030000   TIME(PS) =    4300.000  TEMP(K) =   300.67  PRESS =     0.0
 Etot   =    -68852.4504  EKtot   =     12429.1133  EPtot      =    -81281.5637
 BOND   =       439.9863  ANGLE   =       924.7689  DIHED      =      1352.4268
 1-4 NB =       399.5753  1-4 EEL =      4788.8765  VDWAALS    =      9779.3127
 EELEC  =    -98966.5102  EHBOND  =         0.0000  RESTRAINT  =         0.0000
 TEMP0  =       300.0000  REPNUM  =              1  EXCHANGE#  =           4120
 ------------------------------------------------------------------------------


 NSTEP =  1040000   TIME(PS) =    4340.000  TEMP(K) =   300.99  PRESS =     0.0
 Etot   =    -68379.7966  EKtot   =     12441.9941  EPtot      =    -80821.7907
 BOND   =       425.8030  ANGLE   =       903.9305  DIHED      =      1374.1194
 1-4 NB =       422.7346  1-4 EEL =      4822.0923  VDWAALS    =      9623.2200
 EELEC  =    -98393.6905  EHBOND  =         0.0000  RESTRAINT  =         0.0000
 TEMP0  =       300.0000  REPNUM  =              1  EXCHANGE#  =           4160
 ------------------------------------------------------------------------------


 NSTEP =  1050000   TIME(PS) =    4380.000  TEMP(K) =   301.46  PRESS =     0.0
 Etot   =    -68499.0566  EKtot   =     12461.7979  EPtot      =    -80960.8544
 BOND   =       398.6330  ANGLE   =       915.0767  DIHED      =      1348.0526
 1-4 NB =       419.5917  1-4 EEL =      4849.4589  VDWAALS    =      9672.1459
 EELEC  =    -98563.8131  EHBOND  =         0.0000  RESTRAINT  =         0.0000
 TEMP0  =       300.0000  REPNUM  =              1  EXCHANGE#  =           4200
 ------------------------------------------------------------------------------


 NSTEP =  1060000   TIME(PS) =    4420.000  TEMP(K) =   300.55  PRESS =     0.0
 Etot   =    -68360.4873  EKtot   =     12424.1035  EPtot      =    -80784.5908
 BOND   =       424.2037  ANGLE   =       899.4351  DIHED      =      1350.4287
 1-4 NB =       410.1660  1-4 EEL =      4783.0693  VDWAALS    =      9601.1179
 EELEC  =    -98253.0114  EHBOND  =         0.0000  RESTRAINT  =         0.0000
 TEMP0  =       300.0000  REPNUM  =              1  EXCHANGE#  =           4240
 ------------------------------------------------------------------------------


 NSTEP =  1070000   TIME(PS) =    4460.000  TEMP(K) =   303.78  PRESS =     0.0
 Etot   =    -68323.4737  EKtot   =     12557.6074  EPtot      =    -80881.0812
 BOND   =       417.2938  ANGLE   =       929.4649  DIHED      =      1346.3338
 1-4 NB =       384.7389  1-4 EEL =      4788.9141  VDWAALS    =      9863.2702
 EELEC  =    -98611.0969  EHBOND  =         0.0000  RESTRAINT  =         0.0000
 TEMP0  =       300.0000  REPNUM  =              1  EXCHANGE#  =           4280
 ------------------------------------------------------------------------------


 NSTEP =  1080000   TIME(PS) =    4500.000  TEMP(K) =   297.20  PRESS =     0.0
 Etot   =    -68534.2099  EKtot   =     12285.5820  EPtot      =    -80819.7919
 BOND   =       416.1437  ANGLE   =       935.5653  DIHED      =      1349.4909
 1-4 NB =       399.4560  1-4 EEL =      4826.2854  VDWAALS    =      9910.1628
 EELEC  =    -98656.8961  EHBOND  =         0.0000  RESTRAINT  =         0.0000
 TEMP0  =       300.0000  REPNUM  =              1  EXCHANGE#  =           4320
 ------------------------------------------------------------------------------


 NSTEP =  1090000   TIME(PS) =    4540.000  TEMP(K) =   304.17  PRESS =     0.0
 Etot   =    -68471.0288  EKtot   =     12573.6533  EPtot      =    -81044.6821
 BOND   =       400.4127  ANGLE   =       961.9610  DIHED      =      1344.6119
 1-4 NB =       396.0317  1-4 EEL =      4801.8268  VDWAALS    =      9787.3255
 EELEC  =    -98736.8516  EHBOND  =         0.0000  RESTRAINT  =         0.0000
 TEMP0  =       300.0000  REPNUM  =              1  EXCHANGE#  =           4360
 ------------------------------------------------------------------------------


 NSTEP =  1100000   TIME(PS) =    4580.000  TEMP(K) =   298.36  PRESS =     0.0
 Etot   =    -68486.4532  EKtot   =     12333.5713  EPtot      =    -80820.0245
 BOND   =       428.2372  ANGLE   =       953.7881  DIHED      =      1372.3406
 1-4 NB =       398.7079  1-4 EEL =      4788.8167  VDWAALS    =      9815.9481
 EELEC  =    -98577.8630  EHBOND  =         0.0000  RESTRAINT  =         0.0000
 TEMP0  =       300.0000  REPNUM  =              1  EXCHANGE#  =           4400
 ------------------------------------------------------------------------------


 NSTEP =  1110000   TIME(PS) =    4620.000  TEMP(K) =   298.45  PRESS =     0.0
 Etot   =    -68731.4436  EKtot   =     12337.1807  EPtot      =    -81068.6243
 BOND   =       419.1603  ANGLE   =       930.4107  DIHED      =      1361.9801
 1-4 NB =       408.3585  1-4 EEL =      4846.2498  VDWAALS    =     10030.9342
 EELEC  =    -99065.7179  EHBOND  =         0.0000  RESTRAINT  =         0.0000
 TEMP0  =       300.0000  REPNUM  =              1  EXCHANGE#  =           4440
 ------------------------------------------------------------------------------


 NSTEP =  1120000   TIME(PS) =    4660.000  TEMP(K) =   304.47  PRESS =     0.0
 Etot   =    -68522.2167  EKtot   =     12585.8838  EPtot      =    -81108.1005
 BOND   =       417.1055  ANGLE   =       922.7469  DIHED      =      1353.4874
 1-4 NB =       382.7098  1-4 EEL =      4830.8341  VDWAALS    =      9873.7146
 EELEC  =    -98888.6988  EHBOND  =         0.0000  RESTRAINT  =         0.0000
 TEMP0  =       300.0000  REPNUM  =              1  EXCHANGE#  =           4480
 ------------------------------------------------------------------------------


 NSTEP =  1130000   TIME(PS) =    4700.000  TEMP(K) =   299.17  PRESS =     0.0
 Etot   =    -68609.4754  EKtot   =     12366.9561  EPtot      =    -80976.4315
 BOND   =       427.2884  ANGLE   =       932.8026  DIHED      =      1355.8578
 1-4 NB =       397.6587  1-4 EEL =      4815.0352  VDWAALS    =      9861.0246
 EELEC  =    -98766.0988  EHBOND  =         0.0000  RESTRAINT  =         0.0000
 TEMP0  =       300.0000  REPNUM  =              1  EXCHANGE#  =           4520
 ------------------------------------------------------------------------------


 NSTEP =  1140000   TIME(PS) =    4740.000  TEMP(K) =   302.88  PRESS =     0.0
 Etot   =    -68422.5762  EKtot   =     12520.1240  EPtot      =    -80942.7003
 BOND   =       422.1122  ANGLE   =       935.9799  DIHED      =      1362.8309
 1-4 NB =       411.8210  1-4 EEL =      4806.0175  VDWAALS    =      9872.2485
 EELEC  =    -98753.7101  EHBOND  =         0.0000  RESTRAINT  =         0.0000
 TEMP0  =       300.0000  REPNUM  =              1  EXCHANGE#  =           4560
 ------------------------------------------------------------------------------


 NSTEP =  1150000   TIME(PS) =    4780.000  TEMP(K) =   301.36  PRESS =     0.0
 Etot   =    -68395.7124  EKtot   =     12457.4736  EPtot      =    -80853.1860
 BOND   =       409.9085  ANGLE   =       919.6014  DIHED      =      1374.6114
 1-4 NB =       404.9124  1-4 EEL =      4788.4051  VDWAALS    =      9817.5327
 EELEC  =    -98568.1576  EHBOND  =         0.0000  RESTRAINT  =         0.0000
 TEMP0  =       300.0000  REPNUM  =              1  EXCHANGE#  =           4600
 ------------------------------------------------------------------------------


 NSTEP =  1160000   TIME(PS) =    4820.000  TEMP(K) =   300.95  PRESS =     0.0
 Etot   =    -68647.3578  EKtot   =     12440.6631  EPtot      =    -81088.0209
 BOND   =       420.2686  ANGLE   =       937.9399  DIHED      =      1363.4945
 1-4 NB =       393.3129  1-4 EEL =      4830.3656  VDWAALS    =      9791.2970
 EELEC  =    -98824.6993  EHBOND  =         0.0000  RESTRAINT  =         0.0000
 TEMP0  =       300.0000  REPNUM  =              1  EXCHANGE#  =           4640
 ------------------------------------------------------------------------------


 NSTEP =  1170000   TIME(PS) =    4860.000  TEMP(K) =   302.42  PRESS =     0.0
 Etot   =    -68437.8516  EKtot   =     12501.2969  EPtot      =    -80939.1485
 BOND   =       424.6619  ANGLE   =       952.4821  DIHED      =      1364.1875
 1-4 NB =       400.6550  1-4 EEL =      4827.6266  VDWAALS    =      9650.0839
 EELEC  =    -98558.8453  EHBOND  =         0.0000  RESTRAINT  =         0.0000
 TEMP0  =       300.0000  REPNUM  =              1  EXCHANGE#  =           4680
 ------------------------------------------------------------------------------


 NSTEP =  1180000   TIME(PS) =    4900.000  TEMP(K) =   296.97  PRESS =     0.0
 Etot   =    -68670.7926  EKtot   =     12275.9561  EPtot      =    -80946.7486
 BOND   =       403.8551  ANGLE   =       920.1162  DIHED      =      1353.0255
 1-4 NB =       395.8191  1-4 EEL =      4809.6881  VDWAALS    =      9855.1710
 EELEC  =    -98684.4236  EHBOND  =         0.0000  RESTRAINT  =         0.0000
 TEMP0  =       300.0000  REPNUM  =              1  EXCHANGE#  =           4720
 ------------------------------------------------------------------------------


 NSTEP =  1190000   TIME(PS) =    4940.000  TEMP(K) =   302.72  PRESS =     0.0
 Etot   =    -68475.0743  EKtot   =     12513.8066  EPtot      =    -80988.8809
 BOND   =       439.5795  ANGLE   =       952.9260  DIHED      =      1351.6468
 1-4 NB =       409.6961  1-4 EEL =      4782.2936  VDWAALS    =      9703.9429
 EELEC  =    -98628.9659  EHBOND  =         0.0000  RESTRAINT  =         0.0000
 TEMP0  =       300.0000  REPNUM  =              1  EXCHANGE#  =           4760
 ------------------------------------------------------------------------------


 NSTEP =  1200000   TIME(PS) =    4980.000  TEMP(K) =   302.25  PRESS =     0.0
 Etot   =    -68255.8721  EKtot   =     12494.4092  EPtot      =    -80750.2813
 BOND   =       423.7001  ANGLE   =       922.3140  DIHED      =      1361.0043
 1-4 NB =       413.6811  1-4 EEL =      4808.9726  VDWAALS    =      9715.0852
 EELEC  =    -98395.0386  EHBOND  =         0.0000  RESTRAINT  =         0.0000
 TEMP0  =       300.0000  REPNUM  =              1  EXCHANGE#  =           4800
 ------------------------------------------------------------------------------


 NSTEP =  1210000   TIME(PS) =    5020.000  TEMP(K) =   297.66  PRESS =     0.0
 Etot   =    -68721.9435  EKtot   =     12304.3486  EPtot      =    -81026.2921
 BOND   =       410.0599  ANGLE   =       972.1259  DIHED      =      1350.2736
 1-4 NB =       390.1626  1-4 EEL =      4789.9882  VDWAALS    =      9735.0881
 EELEC  =    -98673.9905  EHBOND  =         0.0000  RESTRAINT  =         0.0000
 TEMP0  =       300.0000  REPNUM  =              1  EXCHANGE#  =           4840
 ------------------------------------------------------------------------------


 NSTEP =  1220000   TIME(PS) =    5060.000  TEMP(K) =   298.75  PRESS =     0.0
 Etot   =    -68241.0569  EKtot   =     12349.5762  EPtot      =    -80590.6330
 BOND   =       410.6480  ANGLE   =       969.3733  DIHED      =      1365.0146
 1-4 NB =       406.5993  1-4 EEL =      4765.7505  VDWAALS    =      9872.3932
 EELEC  =    -98380.4120  EHBOND  =         0.0000  RESTRAINT  =         0.0000
 TEMP0  =       300.0000  REPNUM  =              1  EXCHANGE#  =           4880
 ------------------------------------------------------------------------------


 NSTEP =  1230000   TIME(PS) =    5100.000  TEMP(K) =   295.60  PRESS =     0.0
 Etot   =    -68870.5236  EKtot   =     12219.3027  EPtot      =    -81089.8263
 BOND   =       412.9525  ANGLE   =       910.5474  DIHED      =      1335.6536
 1-4 NB =       421.7564  1-4 EEL =      4785.8485  VDWAALS    =      9803.7661
 EELEC  =    -98760.3508  EHBOND  =         0.0000  RESTRAINT  =         0.0000
 TEMP0  =       300.0000  REPNUM  =              1  EXCHANGE#  =           4920
 ------------------------------------------------------------------------------


 NSTEP =  1240000   TIME(PS) =    5140.000  TEMP(K) =   301.43  PRESS =     0.0
 Etot   =    -68501.1958  EKtot   =     12460.2939  EPtot      =    -80961.4898
 BOND   =       432.2435  ANGLE   =       938.3469  DIHED      =      1372.4595
 1-4 NB =       405.3906  1-4 EEL =      4784.4071  VDWAALS    =      9759.7380
 EELEC  =    -98654.0753  EHBOND  =         0.0000  RESTRAINT  =         0.0000
 TEMP0  =       300.0000  REPNUM  =              1  EXCHANGE#  =           4960
 ------------------------------------------------------------------------------


 NSTEP =  1250000   TIME(PS) =    5180.000  TEMP(K) =   303.02  PRESS =     0.0
 Etot   =    -68492.4486  EKtot   =     12525.9482  EPtot      =    -81018.3968
 BOND   =       398.0688  ANGLE   =       915.6473  DIHED      =      1355.5888
 1-4 NB =       426.4870  1-4 EEL =      4815.6719  VDWAALS    =      9734.0640
 EELEC  =    -98663.9245  EHBOND  =         0.0000  RESTRAINT  =         0.0000
 TEMP0  =       300.0000  REPNUM  =              1  EXCHANGE#  =           5000
 ------------------------------------------------------------------------------

--------------------------------------------------------------------------------
   5.  TIMINGS
--------------------------------------------------------------------------------

|  NonSetup CPU Time in Major Routines, Average for All Tasks:
|
|     Routine           Sec        %
|     ------------------------------
|     DataDistrib       0.55    0.01
|     Nonbond        2173.91   27.29
|     Bond              0.00    0.00
|     Angle             0.00    0.00
|     Dihedral          0.00    0.00
|     Shake             1.88    0.02
|     RunMD          5688.53   71.41
|     Other           101.22    1.27
|     ------------------------------
|     Total          7966.09

|  PME Nonbond Pairlist CPU Time, Average for All Tasks:
|
|     Routine              Sec        %
|     ---------------------------------
|     Set Up Cit           0.00    0.00
|     Build List           0.00    0.00
|     ---------------------------------
|     Total                0.00    0.00

|  PME Direct Force CPU Time, Average for All Tasks:
|
|     Routine              Sec        %
|     ---------------------------------
|     NonBonded Calc       0.00    0.00
|     Exclude Masked       0.00    0.00
|     Other                0.61    0.01
|     ---------------------------------
|     Total                0.61    0.01

|  PME Reciprocal Force CPU Time, Average for All Tasks:
|
|     Routine              Sec        %
|     ---------------------------------
|     1D bspline           0.00    0.00
|     Grid Charges         0.00    0.00
|     Scalar Sum           0.00    0.00
|     Gradient Sum         0.00    0.00
|     FFT                  0.00    0.00
|     ---------------------------------
|     Total                0.00    0.00

|  PME Load Balancing CPU Time, Average for All Tasks:
|
|     Routine                 Sec        %
|     ------------------------------------
|     Atom Reassign           0.00    0.00
|     Image Reassign          0.00    0.00
|     FFT Reassign            0.00    0.00
|     ------------------------------------
|     Total                   0.00    0.00

|  Final Performance Info:
|     -----------------------------------------------------
|     Average timings for last       1 steps:
|     Elapsed(s) =       0.00 Per Step(ms) =       0.13
|         ns/day =    2675.95   seconds/ns =      32.29
|
|     Average timings for all steps:
|     Elapsed(s) =    7965.83 Per Step(ms) =       6.37
|         ns/day =      54.23   seconds/ns =    1593.17
|     -----------------------------------------------------

|  Master Setup CPU time:            1.10 seconds
|  Master NonSetup CPU time:      7966.09 seconds
|  Master Total CPU time:         7967.18 seconds     2.21 hours

|  Master Setup wall time:           2    seconds
|  Master NonSetup wall time:     7965    seconds
|  Master Total wall time:        7967    seconds     2.21 hours
