
          -------------------------------------------------------
          Amber 20 PMEMD                              2020
          -------------------------------------------------------

| PMEMD implementation of SANDER, Release 18

|  Compiled date/time: Fri Dec  3 18:13:40 2021
| Run on 12/01/2023 at 21:27:07

|   Executable path: pmemd.cuda_SPFP.MPI
| Working directory: /home/web_service/b-zacharias-website/scripts/rsremd/s100pmatch3_86da2013-a1ea-4cd4-a297-6b678e927cac
|          Hostname: Unknown
  [-O]verwriting output

File Assignments:
|   MDIN: ../remd.in                                                            
|  MDOUT: remd_4.out                                                            
| INPCRD: mdwat6.rst                                                            
|   PARM: syst_4.top                                                            
| RESTRT: remd_4.rst                                                            
|   REFC: refc                                                                  
|  MDVEL: mdvel.003                                                             
|   MDEN: mden.003                                                              
|  MDCRD: remd_4.nc                                                             
| MDINFO: mdinfo.004                                                            
|LOGFILE: logfile.004                                                           
|  MDFRC: mdfrc.003                                                             


 Here is the input file:

                                                                               
# MD input for pull simulation & Umbrella Sampling                             
 &cntrl                                                                        
	! GENERAL FLAGS DESCRIBING THE CALCULATION                                    
	! NATURE AND FORMAT OF THE INPUT                                              
	ntx=5,		! Flag to read the coordinates and velocities from an ASCII coordinate
	irest=1,	! Flag to restart the simulations with velocities and step counter fr
                                                                               
	! NATURE AND FORMAT OF THE OUTPUT	                                            
	ntxo=2, 	! Format of final coordinates, here NetCDF file                      
	ntpr=10000,	! Num of Timesteps to Print Readable energy information           
	ntwr=10000,	! Number of timesteps to write out a backup restrt file           
	iwrap=0,	! Coordinates written to the restart and trajectory files will be "wr
	ntwx=10000,	! Freq of writing coordinates to the mdcrd file                   
	ioutfm=1,       ! Format of coordinate and velocity trajectory files; =1 means
                                                                               
	! FROZEN OR RESTRAINT ATOMS                                                   
	ntr=0, 		! Restraining specific atoms; =0 means no restraints                 
                                                                               
	! MOLECULAR DYNAMICS                                                          
	nstlim=250,	! Number of MD steps to be performed between exchange attempts (he
	nscm=0,         ! Removal of translational and rotational center-of-mass motio
	dt=0.004,	! Time step in ps, 0.002 works by repartitioning the H-weights      
	numexchg=5000, ! Number of exchange attempts, total simulation length will be 
                                                                               
	! TEMPERATURE REGULATION                                                      
	ntt=3,		! Flag for the coupling algorithm; ntt=1 means weak coupling          
	temp0=300.0,	! Reference temperature to be kept by the system                 
	tautp=5.0, 	! Time constant, in ps, for heat bath coupling for the system     
	gamma_ln=2.0, 	! Collision frequency when ntt=3                               
                                                                               
	! PRESSURE REGULATION                                                         
	ntp=0,		! Flag for pressure coupling; 1 means weak coupling but NVT should be 
                                                                               
	! SHAKE BOND LENGTH CONSTRAINTS                                               
	ntc=2,		! Specifies SHAKE constraints; only H-bonds in this case              
                                                                               
	! POTENTIAL FUNCTION PARAMETERS                                               
	ntf=2,		! Manipulates the force evaluation; 2 means no H-Bond evaluation      
	ntb=1,		! Periodic Boundary Conditions, =1 means constant volume              
	cut=9.0,	! Flag that specifies the nonbonded cutoff in Angstrom               
                                                                               
	! GB/SA INPUT PARAMETERS                                                      
  	igb=0, 		! Explicit water                                                   
/                                                                              
&end                                                                           
eof                                                                            


Note: ig = -1. Setting random seed to   804216 based on wallclock time in
      microseconds and disabling the synchronization of random numbers 
      between tasks to improve performance.
| irandom = 1, using AMBER's internal random number generator (default).
 
|--------------------- INFORMATION ----------------------
| GPU (CUDA) Version of PMEMD in use: NVIDIA GPU IN USE.
|                    Version 18.0.0
| 
|                      03/25/2018
| 
| Implementation by:
|                    Ross C. Walker     (SDSC)
|                    Scott Le Grand     (nVIDIA)
| 
| Version 18 performance extensions by:
|                    David Cerutti     (Rutgers)
| 
| Precision model in use:
|      [SPFP] - Single Precision Forces, 64-bit Fixed Point
|               Accumulation. (Default)
| 
|--------------------------------------------------------
 
|----------------- CITATION INFORMATION -----------------
|
|    When publishing work that utilized the CUDA version
|    of AMBER, please cite the following in addition to
|    the regular AMBER citations:
|
|  - Romelia Salomon-Ferrer; Andreas W. Goetz; Duncan
|    Poole; Scott Le Grand; Ross C. Walker "Routine
|    microsecond molecular dynamics simulations with
|    AMBER - Part II: Particle Mesh Ewald", J. Chem.
|    Theory Comput., 2013, 9 (9), pp3878-3888,
|    DOI: 10.1021/ct400314y.
|
|  - Andreas W. Goetz; Mark J. Williamson; Dong Xu;
|    Duncan Poole; Scott Le Grand; Ross C. Walker
|    "Routine microsecond molecular dynamics simulations
|    with AMBER - Part I: Generalized Born", J. Chem.
|    Theory Comput., 2012, 8 (5), pp1542-1555.
|
|  - Scott Le Grand; Andreas W. Goetz; Ross C. Walker
|    "SPFP: Speed without compromise - a mixed precision
|    model for GPU accelerated molecular dynamics
|    simulations.", Comp. Phys. Comm., 2013, 184
|    pp374-380, DOI: 10.1016/j.cpc.2012.09.022
|
|--------------------------------------------------------
 
|------------------- GPU DEVICE INFO --------------------
|
|                         Task ID:      0
|            CUDA_VISIBLE_DEVICES: not set
|   CUDA Capable Devices Detected:      1
|           CUDA Device ID in use:      0
|                CUDA Device Name: NVIDIA GeForce RTX 3070
|     CUDA Device Global Mem Size:   7965 MB
| CUDA Device Num Multiprocessors:     46
|           CUDA Device Core Freq:   1.75 GHz
|
|--------------------------------------------------------
 
|---------------- GPU PEER TO PEER INFO -----------------
|
|   Peer to Peer support: ENABLED
|
|   NCCL support: DISABLED
|
|--------------------------------------------------------
 
 
| Conditional Compilation Defines Used:
| MPI
| PUBFFT
| BINTRAJ
| CUDA
| EMIL

| Largest sphere to fit in unit cell has radius =    26.141

| New format PARM file being parsed.
| Version =    1.000 Date = 12/01/23 Time = 21:26:21

| Note: 1-4 EEL scale factors are being read from the topology file.

| Note: 1-4 VDW scale factors are being read from the topology file.
| INFO: Off Diagonal (NBFIX) LJ terms found in prmtop file.
|       The prmtop file has been modified to support atom
|       type based pairwise Lennard-Jones terms.
| Duplicated    0 dihedrals

| Duplicated    0 dihedrals

--------------------------------------------------------------------------------
   1.  RESOURCE   USE: 
--------------------------------------------------------------------------------

 getting box info from netcdf restart file
 NATOM  =   26538 NTYPES =      32 NBONH =   19446 MBONA  =    7080
 NTHETH =    2012 MTHETA =    1194 NPHIH =    3991 MPHIA  =    3764
 NHPARM =       0 NPARM  =       0 NNB   =   53013 NRES   =    6325
 NBONA  =    7080 NTHETA =    1194 NPHIA =    3764 NUMBND =      69
 NUMANG =     156 NPTRA  =     206 NATYP =      38 NPHB   =       1
 IFBOX  =       2 NMXRS  =      26 IFCAP =       0 NEXTRA =    6188
 NCOPY  =       0

| Coordinate Index Table dimensions:    10   10   10
| Direct force subcell size =     6.4033    6.4033    6.4033

     BOX TYPE: TRUNCATED OCTAHEDRON

--------------------------------------------------------------------------------
   2.  CONTROL  DATA  FOR  THE  RUN
--------------------------------------------------------------------------------

default_name                                                                    

General flags:
     imin    =       0, nmropt  =       0

Replica exchange
     numexchg=    5000, rem=       3

Nature and format of input:
     ntx     =       5, irest   =       1, ntrx    =       1

Nature and format of output:
     ntxo    =       2, ntpr    =   10000, ntrx    =       1, ntwr    =   10000
     iwrap   =       0, ntwx    =   10000, ntwv    =       0, ntwe    =       0
     ioutfm  =       1, ntwprt  =       0, idecomp =       0, rbornstat=      0

Potential function:
     ntf     =       2, ntb     =       1, igb     =       0, nsnb    =      25
     ipol    =       0, gbsa    =       0, iesp    =       0
     dielc   =   1.00000, cut     =   9.00000, intdiel =   1.00000

Frozen or restrained atoms:
     ibelly  =       0, ntr     =       0

Molecular dynamics:
     nstlim  =       250, nscm    =         0, nrespa  =         1
     t       =   0.00000, dt      =   0.00400, vlimit  =  -1.00000

Langevin dynamics temperature regulation:
     ig      =  804216
     temp0   = 300.00000, tempi   =   0.00000, gamma_ln=   2.00000

SHAKE:
     ntc     =       2, jfastw  =       0
     tol     =   0.00001

| Intermolecular bonds treatment:
|     no_intermolecular_bonds =       1

| Energy averages sample interval:
|     ene_avg_sampling =   10000

Extra-points options:
     frameon =       1, chngmask=       1

Ewald parameters:
     verbose =       0, ew_type =       0, nbflag  =       1, use_pme =       1
     vdwmeth =       1, eedmeth =       1, netfrc  =       1
     Box X =   64.033   Box Y =   64.033   Box Z =   64.033
     Alpha =  109.471   Beta  =  109.471   Gamma =  109.471
     NFFT1 =   64       NFFT2 =   64       NFFT3 =   64
     Cutoff=    9.000   Tol   =0.100E-04
     Ewald Coefficient =  0.30768
     Interpolation order =    4

| PMEMD ewald parallel performance parameters:
|     block_fft =    0
|     fft_blk_y_divisor =    2
|     excl_recip =    0
|     excl_master =    0
|     atm_redist_freq =  320
|      EXTRA_PTS, trim_bonds: num bonds BEFORE trim = 19446     0
|      EXTRA_PTS, trim_bonds: num bonds AFTER  trim = 19446     0
|      EXTRA_PTS, trim_bonds: num bonds BEFORE trim =  7080     0
|      EXTRA_PTS, trim_bonds: num bonds AFTER  trim =   892     0
|      EXTRA_PTS, trim_theta: num angle BEFORE trim =  2012     0
|      EXTRA_PTS, trim_theta: num angle AFTER  trim =  2012     0
|      EXTRA_PTS, trim_theta: num angle BEFORE trim =  1194     0
|      EXTRA_PTS, trim_theta: num angle AFTER  trim =  1194     0
|      EXTRA_PTS, trim_phi:  num diheds BEFORE trim =  3991     0
|      EXTRA_PTS, trim_phi:  num diheds AFTER  trim =  3991     0
|      EXTRA_PTS, trim_phi:  num diheds BEFORE trim =  3764     0
|      EXTRA_PTS, trim_phi:  num diheds AFTER  trim =  3764     0

--------------------------------------------------------------------------------
   3.  ATOMIC COORDINATES AND VELOCITIES
--------------------------------------------------------------------------------

default_name                                                                    
 begin time read from input coords =   180.000 ps

 
 Number of triangulated 3-point waters found:     6188

     Sum of charges from parm topology file =   0.00003388
     Forcing neutrality...

| Dynamic Memory, Types Used:
| Reals             1156404
| Integers          1985795

| Nonbonded Pairs Initial Allocation:     8027081

| GPU memory information (estimate):
| KB of GPU memory in use:    247693
| KB of CPU memory in use:     54445

| Running AMBER/MPI version on    1 MPI task

 
--------------------------------------------------------------------------------
   4.  RESULTS
--------------------------------------------------------------------------------


 NSTEP =    10000   TIME(PS) =     220.000  TEMP(K) =   301.99  PRESS =     0.0
 Etot   =    -68382.9197  EKtot   =     12483.3271  EPtot      =    -80866.2469
 BOND   =       415.8727  ANGLE   =       920.5791  DIHED      =      1396.0741
 1-4 NB =       415.9812  1-4 EEL =      4928.3369  VDWAALS    =      9961.8476
 EELEC  =    -98904.9385  EHBOND  =         0.0000  RESTRAINT  =         0.0000
 TEMP0  =       300.0000  REPNUM  =              4  EXCHANGE#  =             40
 ------------------------------------------------------------------------------


 NSTEP =    20000   TIME(PS) =     260.000  TEMP(K) =   298.85  PRESS =     0.0
 Etot   =    -68511.0154  EKtot   =     12353.9062  EPtot      =    -80864.9217
 BOND   =       432.2501  ANGLE   =       897.7144  DIHED      =      1393.0517
 1-4 NB =       399.2131  1-4 EEL =      4897.7205  VDWAALS    =      9820.2086
 EELEC  =    -98705.0800  EHBOND  =         0.0000  RESTRAINT  =         0.0000
 TEMP0  =       300.0000  REPNUM  =              4  EXCHANGE#  =             80
 ------------------------------------------------------------------------------


 NSTEP =    30000   TIME(PS) =     300.000  TEMP(K) =   302.06  PRESS =     0.0
 Etot   =    -68513.4593  EKtot   =     12486.2627  EPtot      =    -80999.7220
 BOND   =       385.0890  ANGLE   =       928.0494  DIHED      =      1396.2015
 1-4 NB =       432.2170  1-4 EEL =      4927.6762  VDWAALS    =      9927.1813
 EELEC  =    -98996.1363  EHBOND  =         0.0000  RESTRAINT  =         0.0000
 TEMP0  =       300.0000  REPNUM  =              4  EXCHANGE#  =            120
 ------------------------------------------------------------------------------


 NSTEP =    40000   TIME(PS) =     340.000  TEMP(K) =   302.30  PRESS =     0.0
 Etot   =    -68458.8862  EKtot   =     12496.3486  EPtot      =    -80955.2348
 BOND   =       444.8015  ANGLE   =       905.8391  DIHED      =      1389.8313
 1-4 NB =       414.2489  1-4 EEL =      4840.7014  VDWAALS    =      9618.8398
 EELEC  =    -98569.4969  EHBOND  =         0.0000  RESTRAINT  =         0.0000
 TEMP0  =       300.0000  REPNUM  =              4  EXCHANGE#  =            160
 ------------------------------------------------------------------------------


 NSTEP =    50000   TIME(PS) =     380.000  TEMP(K) =   304.70  PRESS =     0.0
 Etot   =    -68516.8191  EKtot   =     12595.5166  EPtot      =    -81112.3357
 BOND   =       403.8891  ANGLE   =       935.9640  DIHED      =      1368.9048
 1-4 NB =       389.5472  1-4 EEL =      4864.5263  VDWAALS    =      9481.9489
 EELEC  =    -98557.1160  EHBOND  =         0.0000  RESTRAINT  =         0.0000
 TEMP0  =       300.0000  REPNUM  =              4  EXCHANGE#  =            200
 ------------------------------------------------------------------------------


 NSTEP =    60000   TIME(PS) =     420.000  TEMP(K) =   298.22  PRESS =     0.0
 Etot   =    -68718.9208  EKtot   =     12327.4922  EPtot      =    -81046.4130
 BOND   =       424.9899  ANGLE   =       945.8539  DIHED      =      1375.1326
 1-4 NB =       407.7899  1-4 EEL =      4869.4887  VDWAALS    =      9831.5207
 EELEC  =    -98901.1887  EHBOND  =         0.0000  RESTRAINT  =         0.0000
 TEMP0  =       300.0000  REPNUM  =              4  EXCHANGE#  =            240
 ------------------------------------------------------------------------------


 NSTEP =    70000   TIME(PS) =     460.000  TEMP(K) =   303.65  PRESS =     0.0
 Etot   =    -68344.4188  EKtot   =     12552.1465  EPtot      =    -80896.5653
 BOND   =       412.9291  ANGLE   =       940.8680  DIHED      =      1379.4772
 1-4 NB =       403.8716  1-4 EEL =      4869.8331  VDWAALS    =      9837.7208
 EELEC  =    -98741.2652  EHBOND  =         0.0000  RESTRAINT  =         0.0000
 TEMP0  =       300.0000  REPNUM  =              4  EXCHANGE#  =            280
 ------------------------------------------------------------------------------


 NSTEP =    80000   TIME(PS) =     500.000  TEMP(K) =   299.51  PRESS =     0.0
 Etot   =    -68556.1849  EKtot   =     12380.8203  EPtot      =    -80937.0052
 BOND   =       405.3942  ANGLE   =       908.7050  DIHED      =      1368.6258
 1-4 NB =       409.7937  1-4 EEL =      4847.4218  VDWAALS    =     10064.2948
 EELEC  =    -98941.2405  EHBOND  =         0.0000  RESTRAINT  =         0.0000
 TEMP0  =       300.0000  REPNUM  =              4  EXCHANGE#  =            320
 ------------------------------------------------------------------------------


 NSTEP =    90000   TIME(PS) =     540.000  TEMP(K) =   302.15  PRESS =     0.0
 Etot   =    -68616.3226  EKtot   =     12489.9951  EPtot      =    -81106.3178
 BOND   =       387.2743  ANGLE   =       916.2376  DIHED      =      1354.5548
 1-4 NB =       404.4292  1-4 EEL =      4889.6420  VDWAALS    =     10018.6929
 EELEC  =    -99077.1485  EHBOND  =         0.0000  RESTRAINT  =         0.0000
 TEMP0  =       300.0000  REPNUM  =              4  EXCHANGE#  =            360
 ------------------------------------------------------------------------------


 NSTEP =   100000   TIME(PS) =     580.000  TEMP(K) =   297.43  PRESS =     0.0
 Etot   =    -68628.2483  EKtot   =     12295.1221  EPtot      =    -80923.3704
 BOND   =       413.2835  ANGLE   =       885.0735  DIHED      =      1370.7391
 1-4 NB =       415.5955  1-4 EEL =      4904.5651  VDWAALS    =      9752.1931
 EELEC  =    -98664.8202  EHBOND  =         0.0000  RESTRAINT  =         0.0000
 TEMP0  =       300.0000  REPNUM  =              4  EXCHANGE#  =            400
 ------------------------------------------------------------------------------


 NSTEP =   110000   TIME(PS) =     620.000  TEMP(K) =   303.10  PRESS =     0.0
 Etot   =    -68235.2623  EKtot   =     12529.4385  EPtot      =    -80764.7008
 BOND   =       404.6379  ANGLE   =       950.5832  DIHED      =      1380.1244
 1-4 NB =       420.3121  1-4 EEL =      4880.6189  VDWAALS    =      9954.3830
 EELEC  =    -98755.3604  EHBOND  =         0.0000  RESTRAINT  =         0.0000
 TEMP0  =       300.0000  REPNUM  =              4  EXCHANGE#  =            440
 ------------------------------------------------------------------------------


 NSTEP =   120000   TIME(PS) =     660.000  TEMP(K) =   297.43  PRESS =     0.0
 Etot   =    -68769.7046  EKtot   =     12295.0254  EPtot      =    -81064.7300
 BOND   =       416.3659  ANGLE   =       919.4843  DIHED      =      1372.9312
 1-4 NB =       401.2232  1-4 EEL =      4859.4144  VDWAALS    =      9792.6542
 EELEC  =    -98826.8032  EHBOND  =         0.0000  RESTRAINT  =         0.0000
 TEMP0  =       300.0000  REPNUM  =              4  EXCHANGE#  =            480
 ------------------------------------------------------------------------------


 NSTEP =   130000   TIME(PS) =     700.000  TEMP(K) =   301.40  PRESS =     0.0
 Etot   =    -68322.4998  EKtot   =     12459.2998  EPtot      =    -80781.7996
 BOND   =       430.9990  ANGLE   =       926.3302  DIHED      =      1407.4913
 1-4 NB =       413.3007  1-4 EEL =      4875.4561  VDWAALS    =      9834.6089
 EELEC  =    -98669.9858  EHBOND  =         0.0000  RESTRAINT  =         0.0000
 TEMP0  =       300.0000  REPNUM  =              4  EXCHANGE#  =            520
 ------------------------------------------------------------------------------


 NSTEP =   140000   TIME(PS) =     740.000  TEMP(K) =   302.54  PRESS =     0.0
 Etot   =    -68497.5425  EKtot   =     12506.3955  EPtot      =    -81003.9380
 BOND   =       399.2483  ANGLE   =       915.7388  DIHED      =      1404.8836
 1-4 NB =       404.3970  1-4 EEL =      4886.5839  VDWAALS    =      9977.4699
 EELEC  =    -98992.2596  EHBOND  =         0.0000  RESTRAINT  =         0.0000
 TEMP0  =       300.0000  REPNUM  =              4  EXCHANGE#  =            560
 ------------------------------------------------------------------------------


 NSTEP =   150000   TIME(PS) =     780.000  TEMP(K) =   297.62  PRESS =     0.0
 Etot   =    -68588.7077  EKtot   =     12302.7588  EPtot      =    -80891.4665
 BOND   =       436.1639  ANGLE   =       934.3948  DIHED      =      1374.6748
 1-4 NB =       411.6860  1-4 EEL =      4863.9791  VDWAALS    =      9930.6446
 EELEC  =    -98843.0097  EHBOND  =         0.0000  RESTRAINT  =         0.0000
 TEMP0  =       300.0000  REPNUM  =              4  EXCHANGE#  =            600
 ------------------------------------------------------------------------------


 NSTEP =   160000   TIME(PS) =     820.000  TEMP(K) =   298.09  PRESS =     0.0
 Etot   =    -68502.4489  EKtot   =     12322.2217  EPtot      =    -80824.6706
 BOND   =       409.5459  ANGLE   =       963.7381  DIHED      =      1343.7139
 1-4 NB =       407.3444  1-4 EEL =      4914.7265  VDWAALS    =      9867.7616
 EELEC  =    -98731.5009  EHBOND  =         0.0000  RESTRAINT  =         0.0000
 TEMP0  =       300.0000  REPNUM  =              4  EXCHANGE#  =            640
 ------------------------------------------------------------------------------


 NSTEP =   170000   TIME(PS) =     860.000  TEMP(K) =   302.99  PRESS =     0.0
 Etot   =    -68087.9501  EKtot   =     12524.8770  EPtot      =    -80612.8271
 BOND   =       423.2044  ANGLE   =       910.5913  DIHED      =      1368.9201
 1-4 NB =       391.6868  1-4 EEL =      4834.2027  VDWAALS    =      9623.0605
 EELEC  =    -98164.4928  EHBOND  =         0.0000  RESTRAINT  =         0.0000
 TEMP0  =       300.0000  REPNUM  =              4  EXCHANGE#  =            680
 ------------------------------------------------------------------------------


 NSTEP =   180000   TIME(PS) =     900.000  TEMP(K) =   297.88  PRESS =     0.0
 Etot   =    -68464.7611  EKtot   =     12313.5928  EPtot      =    -80778.3539
 BOND   =       447.2733  ANGLE   =       893.6552  DIHED      =      1368.3310
 1-4 NB =       406.3238  1-4 EEL =      4893.3810  VDWAALS    =      9879.8216
 EELEC  =    -98667.1399  EHBOND  =         0.0000  RESTRAINT  =         0.0000
 TEMP0  =       300.0000  REPNUM  =              4  EXCHANGE#  =            720
 ------------------------------------------------------------------------------


 NSTEP =   190000   TIME(PS) =     940.000  TEMP(K) =   300.94  PRESS =     0.0
 Etot   =    -68280.8801  EKtot   =     12440.1445  EPtot      =    -80721.0246
 BOND   =       419.7115  ANGLE   =       933.5774  DIHED      =      1333.5785
 1-4 NB =       405.9879  1-4 EEL =      4797.8686  VDWAALS    =      9708.4999
 EELEC  =    -98320.2483  EHBOND  =         0.0000  RESTRAINT  =         0.0000
 TEMP0  =       300.0000  REPNUM  =              4  EXCHANGE#  =            760
 ------------------------------------------------------------------------------


 NSTEP =   200000   TIME(PS) =     980.000  TEMP(K) =   301.54  PRESS =     0.0
 Etot   =    -68587.3427  EKtot   =     12465.0352  EPtot      =    -81052.3779
 BOND   =       410.5816  ANGLE   =       912.9958  DIHED      =      1389.3448
 1-4 NB =       405.4653  1-4 EEL =      4892.8807  VDWAALS    =     10076.0001
 EELEC  =    -99139.6462  EHBOND  =         0.0000  RESTRAINT  =         0.0000
 TEMP0  =       300.0000  REPNUM  =              4  EXCHANGE#  =            800
 ------------------------------------------------------------------------------


 NSTEP =   210000   TIME(PS) =    1020.000  TEMP(K) =   299.18  PRESS =     0.0
 Etot   =    -68805.1651  EKtot   =     12367.3311  EPtot      =    -81172.4961
 BOND   =       403.8058  ANGLE   =       956.6608  DIHED      =      1367.4475
 1-4 NB =       408.5731  1-4 EEL =      4859.0455  VDWAALS    =      9845.3653
 EELEC  =    -99013.3942  EHBOND  =         0.0000  RESTRAINT  =         0.0000
 TEMP0  =       300.0000  REPNUM  =              4  EXCHANGE#  =            840
 ------------------------------------------------------------------------------


 NSTEP =   220000   TIME(PS) =    1060.000  TEMP(K) =   301.49  PRESS =     0.0
 Etot   =    -68248.7607  EKtot   =     12462.7090  EPtot      =    -80711.4697
 BOND   =       398.5817  ANGLE   =       944.6157  DIHED      =      1348.4845
 1-4 NB =       399.9456  1-4 EEL =      4824.7210  VDWAALS    =      9995.9257
 EELEC  =    -98623.7438  EHBOND  =         0.0000  RESTRAINT  =         0.0000
 TEMP0  =       300.0000  REPNUM  =              4  EXCHANGE#  =            880
 ------------------------------------------------------------------------------


 NSTEP =   230000   TIME(PS) =    1100.000  TEMP(K) =   299.74  PRESS =     0.0
 Etot   =    -68393.1986  EKtot   =     12390.7168  EPtot      =    -80783.9154
 BOND   =       434.8992  ANGLE   =       985.6103  DIHED      =      1354.5386
 1-4 NB =       389.2943  1-4 EEL =      4809.0419  VDWAALS    =      9909.0635
 EELEC  =    -98666.3631  EHBOND  =         0.0000  RESTRAINT  =         0.0000
 TEMP0  =       300.0000  REPNUM  =              4  EXCHANGE#  =            920
 ------------------------------------------------------------------------------


 NSTEP =   240000   TIME(PS) =    1140.000  TEMP(K) =   302.71  PRESS =     0.0
 Etot   =    -68272.9806  EKtot   =     12513.4482  EPtot      =    -80786.4288
 BOND   =       400.7832  ANGLE   =       955.3140  DIHED      =      1365.1322
 1-4 NB =       416.2497  1-4 EEL =      4807.7250  VDWAALS    =      9874.0899
 EELEC  =    -98605.7228  EHBOND  =         0.0000  RESTRAINT  =         0.0000
 TEMP0  =       300.0000  REPNUM  =              4  EXCHANGE#  =            960
 ------------------------------------------------------------------------------


 NSTEP =   250000   TIME(PS) =    1180.000  TEMP(K) =   301.10  PRESS =     0.0
 Etot   =    -68105.2555  EKtot   =     12446.8311  EPtot      =    -80552.0865
 BOND   =       435.3590  ANGLE   =       953.3131  DIHED      =      1392.3092
 1-4 NB =       411.6210  1-4 EEL =      4883.0964  VDWAALS    =      9828.3733
 EELEC  =    -98456.1586  EHBOND  =         0.0000  RESTRAINT  =         0.0000
 TEMP0  =       300.0000  REPNUM  =              4  EXCHANGE#  =           1000
 ------------------------------------------------------------------------------


 NSTEP =   260000   TIME(PS) =    1220.000  TEMP(K) =   302.69  PRESS =     0.0
 Etot   =    -68693.4732  EKtot   =     12512.6396  EPtot      =    -81206.1128
 BOND   =       410.0965  ANGLE   =       953.0738  DIHED      =      1356.1955
 1-4 NB =       403.0990  1-4 EEL =      4824.5803  VDWAALS    =      9743.6872
 EELEC  =    -98896.8452  EHBOND  =         0.0000  RESTRAINT  =         0.0000
 TEMP0  =       300.0000  REPNUM  =              4  EXCHANGE#  =           1040
 ------------------------------------------------------------------------------


 NSTEP =   270000   TIME(PS) =    1260.000  TEMP(K) =   301.04  PRESS =     0.0
 Etot   =    -68261.1180  EKtot   =     12444.3125  EPtot      =    -80705.4305
 BOND   =       417.7478  ANGLE   =       972.2969  DIHED      =      1367.6792
 1-4 NB =       417.2738  1-4 EEL =      4841.0620  VDWAALS    =      9867.3989
 EELEC  =    -98588.8890  EHBOND  =         0.0000  RESTRAINT  =         0.0000
 TEMP0  =       300.0000  REPNUM  =              4  EXCHANGE#  =           1080
 ------------------------------------------------------------------------------


 NSTEP =   280000   TIME(PS) =    1300.000  TEMP(K) =   300.92  PRESS =     0.0
 Etot   =    -68476.9138  EKtot   =     12439.1133  EPtot      =    -80916.0271
 BOND   =       427.7231  ANGLE   =       970.1009  DIHED      =      1372.0891
 1-4 NB =       402.8564  1-4 EEL =      4909.8335  VDWAALS    =      9843.9435
 EELEC  =    -98842.5737  EHBOND  =         0.0000  RESTRAINT  =         0.0000
 TEMP0  =       300.0000  REPNUM  =              4  EXCHANGE#  =           1120
 ------------------------------------------------------------------------------


 NSTEP =   290000   TIME(PS) =    1340.000  TEMP(K) =   298.90  PRESS =     0.0
 Etot   =    -68711.9718  EKtot   =     12355.8496  EPtot      =    -81067.8215
 BOND   =       434.3684  ANGLE   =       940.0834  DIHED      =      1368.6399
 1-4 NB =       402.1923  1-4 EEL =      4831.1179  VDWAALS    =      9929.5388
 EELEC  =    -98973.7621  EHBOND  =         0.0000  RESTRAINT  =         0.0000
 TEMP0  =       300.0000  REPNUM  =              4  EXCHANGE#  =           1160
 ------------------------------------------------------------------------------


 NSTEP =   300000   TIME(PS) =    1380.000  TEMP(K) =   296.83  PRESS =     0.0
 Etot   =    -68725.6574  EKtot   =     12270.4102  EPtot      =    -80996.0676
 BOND   =       422.8706  ANGLE   =       906.2802  DIHED      =      1345.5291
 1-4 NB =       399.3043  1-4 EEL =      4820.1575  VDWAALS    =      9734.9195
 EELEC  =    -98625.1288  EHBOND  =         0.0000  RESTRAINT  =         0.0000
 TEMP0  =       300.0000  REPNUM  =              4  EXCHANGE#  =           1200
 ------------------------------------------------------------------------------


 NSTEP =   310000   TIME(PS) =    1420.000  TEMP(K) =   299.43  PRESS =     0.0
 Etot   =    -68701.8685  EKtot   =     12377.6348  EPtot      =    -81079.5033
 BOND   =       423.3611  ANGLE   =       954.2282  DIHED      =      1339.0079
 1-4 NB =       398.0898  1-4 EEL =      4816.7486  VDWAALS    =      9744.3847
 EELEC  =    -98755.3236  EHBOND  =         0.0000  RESTRAINT  =         0.0000
 TEMP0  =       300.0000  REPNUM  =              4  EXCHANGE#  =           1240
 ------------------------------------------------------------------------------


 NSTEP =   320000   TIME(PS) =    1460.000  TEMP(K) =   298.24  PRESS =     0.0
 Etot   =    -68422.9742  EKtot   =     12328.6455  EPtot      =    -80751.6198
 BOND   =       430.2600  ANGLE   =       887.7266  DIHED      =      1374.2393
 1-4 NB =       396.1187  1-4 EEL =      4869.2858  VDWAALS    =      9854.0480
 EELEC  =    -98563.2982  EHBOND  =         0.0000  RESTRAINT  =         0.0000
 TEMP0  =       300.0000  REPNUM  =              4  EXCHANGE#  =           1280
 ------------------------------------------------------------------------------


 NSTEP =   330000   TIME(PS) =    1500.000  TEMP(K) =   301.81  PRESS =     0.0
 Etot   =    -68524.1506  EKtot   =     12476.1230  EPtot      =    -81000.2737
 BOND   =       371.4309  ANGLE   =       950.7246  DIHED      =      1375.9097
 1-4 NB =       417.3884  1-4 EEL =      4837.5855  VDWAALS    =      9869.2635
 EELEC  =    -98822.5764  EHBOND  =         0.0000  RESTRAINT  =         0.0000
 TEMP0  =       300.0000  REPNUM  =              4  EXCHANGE#  =           1320
 ------------------------------------------------------------------------------


 NSTEP =   340000   TIME(PS) =    1540.000  TEMP(K) =   302.83  PRESS =     0.0
 Etot   =    -68208.8093  EKtot   =     12518.1572  EPtot      =    -80726.9666
 BOND   =       380.7611  ANGLE   =       922.1990  DIHED      =      1369.4959
 1-4 NB =       413.4272  1-4 EEL =      4820.9704  VDWAALS    =      9530.4855
 EELEC  =    -98164.3057  EHBOND  =         0.0000  RESTRAINT  =         0.0000
 TEMP0  =       300.0000  REPNUM  =              4  EXCHANGE#  =           1360
 ------------------------------------------------------------------------------


 NSTEP =   350000   TIME(PS) =    1580.000  TEMP(K) =   300.40  PRESS =     0.0
 Etot   =    -68271.6130  EKtot   =     12417.6973  EPtot      =    -80689.3103
 BOND   =       401.9964  ANGLE   =       888.0396  DIHED      =      1363.6917
 1-4 NB =       400.8119  1-4 EEL =      4853.6293  VDWAALS    =      9526.1825
 EELEC  =    -98123.6618  EHBOND  =         0.0000  RESTRAINT  =         0.0000
 TEMP0  =       300.0000  REPNUM  =              4  EXCHANGE#  =           1400
 ------------------------------------------------------------------------------


 NSTEP =   360000   TIME(PS) =    1620.000  TEMP(K) =   305.22  PRESS =     0.0
 Etot   =    -68329.0876  EKtot   =     12616.9443  EPtot      =    -80946.0320
 BOND   =       391.3800  ANGLE   =       949.3825  DIHED      =      1375.7511
 1-4 NB =       408.6413  1-4 EEL =      4865.4745  VDWAALS    =      9766.8647
 EELEC  =    -98703.5262  EHBOND  =         0.0000  RESTRAINT  =         0.0000
 TEMP0  =       300.0000  REPNUM  =              4  EXCHANGE#  =           1440
 ------------------------------------------------------------------------------


 NSTEP =   370000   TIME(PS) =    1660.000  TEMP(K) =   300.09  PRESS =     0.0
 Etot   =    -68389.6634  EKtot   =     12405.1797  EPtot      =    -80794.8431
 BOND   =       408.4340  ANGLE   =       921.1302  DIHED      =      1376.9564
 1-4 NB =       412.1838  1-4 EEL =      4906.7726  VDWAALS    =      9830.9635
 EELEC  =    -98651.2836  EHBOND  =         0.0000  RESTRAINT  =         0.0000
 TEMP0  =       300.0000  REPNUM  =              4  EXCHANGE#  =           1480
 ------------------------------------------------------------------------------


 NSTEP =   380000   TIME(PS) =    1700.000  TEMP(K) =   304.69  PRESS =     0.0
 Etot   =    -68152.7381  EKtot   =     12595.3008  EPtot      =    -80748.0389
 BOND   =       401.4346  ANGLE   =       964.0060  DIHED      =      1369.7468
 1-4 NB =       408.0746  1-4 EEL =      4840.8149  VDWAALS    =      9824.2326
 EELEC  =    -98556.3483  EHBOND  =         0.0000  RESTRAINT  =         0.0000
 TEMP0  =       300.0000  REPNUM  =              4  EXCHANGE#  =           1520
 ------------------------------------------------------------------------------


 NSTEP =   390000   TIME(PS) =    1740.000  TEMP(K) =   298.65  PRESS =     0.0
 Etot   =    -68791.7554  EKtot   =     12345.6621  EPtot      =    -81137.4175
 BOND   =       429.5238  ANGLE   =       916.2333  DIHED      =      1373.6686
 1-4 NB =       405.5277  1-4 EEL =      4834.0053  VDWAALS    =      9752.6774
 EELEC  =    -98849.0536  EHBOND  =         0.0000  RESTRAINT  =         0.0000
 TEMP0  =       300.0000  REPNUM  =              4  EXCHANGE#  =           1560
 ------------------------------------------------------------------------------


 NSTEP =   400000   TIME(PS) =    1780.000  TEMP(K) =   298.28  PRESS =     0.0
 Etot   =    -68488.2986  EKtot   =     12329.9844  EPtot      =    -80818.2830
 BOND   =       407.9495  ANGLE   =       946.9901  DIHED      =      1342.6349
 1-4 NB =       407.1160  1-4 EEL =      4814.5480  VDWAALS    =      9689.8693
 EELEC  =    -98427.3908  EHBOND  =         0.0000  RESTRAINT  =         0.0000
 TEMP0  =       300.0000  REPNUM  =              4  EXCHANGE#  =           1600
 ------------------------------------------------------------------------------


 NSTEP =   410000   TIME(PS) =    1820.000  TEMP(K) =   300.62  PRESS =     0.0
 Etot   =    -68486.6670  EKtot   =     12427.0791  EPtot      =    -80913.7461
 BOND   =       413.1101  ANGLE   =       919.4251  DIHED      =      1364.6550
 1-4 NB =       416.6183  1-4 EEL =      4864.5706  VDWAALS    =      9841.3886
 EELEC  =    -98733.5139  EHBOND  =         0.0000  RESTRAINT  =         0.0000
 TEMP0  =       300.0000  REPNUM  =              4  EXCHANGE#  =           1640
 ------------------------------------------------------------------------------


 NSTEP =   420000   TIME(PS) =    1860.000  TEMP(K) =   303.43  PRESS =     0.0
 Etot   =    -68547.7686  EKtot   =     12543.1768  EPtot      =    -81090.9454
 BOND   =       400.1033  ANGLE   =       906.8988  DIHED      =      1359.2630
 1-4 NB =       415.0136  1-4 EEL =      4881.5694  VDWAALS    =      9618.6937
 EELEC  =    -98672.4871  EHBOND  =         0.0000  RESTRAINT  =         0.0000
 TEMP0  =       300.0000  REPNUM  =              4  EXCHANGE#  =           1680
 ------------------------------------------------------------------------------


 NSTEP =   430000   TIME(PS) =    1900.000  TEMP(K) =   298.92  PRESS =     0.0
 Etot   =    -68571.3339  EKtot   =     12356.5010  EPtot      =    -80927.8349
 BOND   =       404.0019  ANGLE   =       912.6959  DIHED      =      1383.3210
 1-4 NB =       404.4538  1-4 EEL =      4835.9158  VDWAALS    =      9704.3603
 EELEC  =    -98572.5836  EHBOND  =         0.0000  RESTRAINT  =         0.0000
 TEMP0  =       300.0000  REPNUM  =              4  EXCHANGE#  =           1720
 ------------------------------------------------------------------------------


 NSTEP =   440000   TIME(PS) =    1940.000  TEMP(K) =   300.78  PRESS =     0.0
 Etot   =    -68668.0655  EKtot   =     12433.6660  EPtot      =    -81101.7316
 BOND   =       409.2588  ANGLE   =       945.3665  DIHED      =      1360.6487
 1-4 NB =       409.3439  1-4 EEL =      4839.0626  VDWAALS    =      9929.9614
 EELEC  =    -98995.3734  EHBOND  =         0.0000  RESTRAINT  =         0.0000
 TEMP0  =       300.0000  REPNUM  =              4  EXCHANGE#  =           1760
 ------------------------------------------------------------------------------


 NSTEP =   450000   TIME(PS) =    1980.000  TEMP(K) =   300.02  PRESS =     0.0
 Etot   =    -68663.6005  EKtot   =     12401.9805  EPtot      =    -81065.5810
 BOND   =       432.4801  ANGLE   =       929.6652  DIHED      =      1359.4644
 1-4 NB =       410.4905  1-4 EEL =      4863.6445  VDWAALS    =      9923.5658
 EELEC  =    -98984.8914  EHBOND  =         0.0000  RESTRAINT  =         0.0000
 TEMP0  =       300.0000  REPNUM  =              4  EXCHANGE#  =           1800
 ------------------------------------------------------------------------------


 NSTEP =   460000   TIME(PS) =    2020.000  TEMP(K) =   298.28  PRESS =     0.0
 Etot   =    -68606.5614  EKtot   =     12330.0078  EPtot      =    -80936.5692
 BOND   =       409.3739  ANGLE   =       917.3922  DIHED      =      1369.4266
 1-4 NB =       402.2065  1-4 EEL =      4839.5688  VDWAALS    =      9918.7418
 EELEC  =    -98793.2792  EHBOND  =         0.0000  RESTRAINT  =         0.0000
 TEMP0  =       300.0000  REPNUM  =              4  EXCHANGE#  =           1840
 ------------------------------------------------------------------------------


 NSTEP =   470000   TIME(PS) =    2060.000  TEMP(K) =   298.28  PRESS =     0.0
 Etot   =    -68672.7100  EKtot   =     12330.3398  EPtot      =    -81003.0498
 BOND   =       396.7161  ANGLE   =       974.9620  DIHED      =      1350.9858
 1-4 NB =       403.0221  1-4 EEL =      4875.9847  VDWAALS    =      9977.4661
 EELEC  =    -98982.1866  EHBOND  =         0.0000  RESTRAINT  =         0.0000
 TEMP0  =       300.0000  REPNUM  =              4  EXCHANGE#  =           1880
 ------------------------------------------------------------------------------


 NSTEP =   480000   TIME(PS) =    2100.000  TEMP(K) =   300.38  PRESS =     0.0
 Etot   =    -68674.7858  EKtot   =     12417.0586  EPtot      =    -81091.8444
 BOND   =       396.9161  ANGLE   =       925.5558  DIHED      =      1357.0990
 1-4 NB =       403.3090  1-4 EEL =      4865.2473  VDWAALS    =      9973.4535
 EELEC  =    -99013.4250  EHBOND  =         0.0000  RESTRAINT  =         0.0000
 TEMP0  =       300.0000  REPNUM  =              4  EXCHANGE#  =           1920
 ------------------------------------------------------------------------------


 NSTEP =   490000   TIME(PS) =    2140.000  TEMP(K) =   303.29  PRESS =     0.0
 Etot   =    -68436.5171  EKtot   =     12537.3867  EPtot      =    -80973.9039
 BOND   =       407.7368  ANGLE   =       938.8511  DIHED      =      1333.7988
 1-4 NB =       401.5573  1-4 EEL =      4909.4291  VDWAALS    =      9608.7573
 EELEC  =    -98574.0343  EHBOND  =         0.0000  RESTRAINT  =         0.0000
 TEMP0  =       300.0000  REPNUM  =              4  EXCHANGE#  =           1960
 ------------------------------------------------------------------------------


 NSTEP =   500000   TIME(PS) =    2180.000  TEMP(K) =   298.31  PRESS =     0.0
 Etot   =    -68544.6761  EKtot   =     12331.5264  EPtot      =    -80876.2025
 BOND   =       405.1614  ANGLE   =       926.9911  DIHED      =      1349.1606
 1-4 NB =       402.5305  1-4 EEL =      4916.9275  VDWAALS    =      9764.0839
 EELEC  =    -98641.0575  EHBOND  =         0.0000  RESTRAINT  =         0.0000
 TEMP0  =       300.0000  REPNUM  =              4  EXCHANGE#  =           2000
 ------------------------------------------------------------------------------


 NSTEP =   510000   TIME(PS) =    2220.000  TEMP(K) =   304.22  PRESS =     0.0
 Etot   =    -68395.9586  EKtot   =     12575.6631  EPtot      =    -80971.6217
 BOND   =       390.3900  ANGLE   =       919.3133  DIHED      =      1351.7985
 1-4 NB =       408.4491  1-4 EEL =      4847.6721  VDWAALS    =      9883.8579
 EELEC  =    -98773.1026  EHBOND  =         0.0000  RESTRAINT  =         0.0000
 TEMP0  =       300.0000  REPNUM  =              4  EXCHANGE#  =           2040
 ------------------------------------------------------------------------------


 NSTEP =   520000   TIME(PS) =    2260.000  TEMP(K) =   300.28  PRESS =     0.0
 Etot   =    -68351.2112  EKtot   =     12412.8369  EPtot      =    -80764.0481
 BOND   =       449.9258  ANGLE   =       956.0153  DIHED      =      1359.2826
 1-4 NB =       403.8060  1-4 EEL =      4838.2387  VDWAALS    =      9821.1899
 EELEC  =    -98592.5065  EHBOND  =         0.0000  RESTRAINT  =         0.0000
 TEMP0  =       300.0000  REPNUM  =              4  EXCHANGE#  =           2080
 ------------------------------------------------------------------------------


 NSTEP =   530000   TIME(PS) =    2300.000  TEMP(K) =   300.09  PRESS =     0.0
 Etot   =    -68405.9882  EKtot   =     12404.8564  EPtot      =    -80810.8446
 BOND   =       413.2242  ANGLE   =       951.3910  DIHED      =      1381.9594
 1-4 NB =       390.2117  1-4 EEL =      4866.8507  VDWAALS    =      9752.8905
 EELEC  =    -98567.3721  EHBOND  =         0.0000  RESTRAINT  =         0.0000
 TEMP0  =       300.0000  REPNUM  =              4  EXCHANGE#  =           2120
 ------------------------------------------------------------------------------


 NSTEP =   540000   TIME(PS) =    2340.000  TEMP(K) =   302.54  PRESS =     0.0
 Etot   =    -68665.1110  EKtot   =     12506.1445  EPtot      =    -81171.2556
 BOND   =       408.3669  ANGLE   =       920.4071  DIHED      =      1363.5648
 1-4 NB =       398.3224  1-4 EEL =      4864.0046  VDWAALS    =      9961.9820
 EELEC  =    -99087.9034  EHBOND  =         0.0000  RESTRAINT  =         0.0000
 TEMP0  =       300.0000  REPNUM  =              4  EXCHANGE#  =           2160
 ------------------------------------------------------------------------------


 NSTEP =   550000   TIME(PS) =    2380.000  TEMP(K) =   300.22  PRESS =     0.0
 Etot   =    -68484.4951  EKtot   =     12410.4355  EPtot      =    -80894.9307
 BOND   =       410.7902  ANGLE   =       912.9826  DIHED      =      1364.9971
 1-4 NB =       397.4430  1-4 EEL =      4868.6638  VDWAALS    =      9768.1844
 EELEC  =    -98617.9919  EHBOND  =         0.0000  RESTRAINT  =         0.0000
 TEMP0  =       300.0000  REPNUM  =              4  EXCHANGE#  =           2200
 ------------------------------------------------------------------------------


 NSTEP =   560000   TIME(PS) =    2420.000  TEMP(K) =   299.72  PRESS =     0.0
 Etot   =    -68566.4203  EKtot   =     12389.6592  EPtot      =    -80956.0795
 BOND   =       427.1196  ANGLE   =       946.9787  DIHED      =      1346.6415
 1-4 NB =       398.5237  1-4 EEL =      4840.9862  VDWAALS    =      9801.9459
 EELEC  =    -98718.2751  EHBOND  =         0.0000  RESTRAINT  =         0.0000
 TEMP0  =       300.0000  REPNUM  =              4  EXCHANGE#  =           2240
 ------------------------------------------------------------------------------


 NSTEP =   570000   TIME(PS) =    2460.000  TEMP(K) =   300.21  PRESS =     0.0
 Etot   =    -68627.6820  EKtot   =     12409.8984  EPtot      =    -81037.5804
 BOND   =       397.8344  ANGLE   =       947.6805  DIHED      =      1360.5551
 1-4 NB =       403.2821  1-4 EEL =      4849.1624  VDWAALS    =      9743.3375
 EELEC  =    -98739.4325  EHBOND  =         0.0000  RESTRAINT  =         0.0000
 TEMP0  =       300.0000  REPNUM  =              4  EXCHANGE#  =           2280
 ------------------------------------------------------------------------------


 NSTEP =   580000   TIME(PS) =    2500.000  TEMP(K) =   298.23  PRESS =     0.0
 Etot   =    -68675.1123  EKtot   =     12327.9268  EPtot      =    -81003.0390
 BOND   =       412.7818  ANGLE   =       893.6295  DIHED      =      1346.6615
 1-4 NB =       409.6721  1-4 EEL =      4909.8085  VDWAALS    =     10114.6157
 EELEC  =    -99090.2081  EHBOND  =         0.0000  RESTRAINT  =         0.0000
 TEMP0  =       300.0000  REPNUM  =              4  EXCHANGE#  =           2320
 ------------------------------------------------------------------------------


 NSTEP =   590000   TIME(PS) =    2540.000  TEMP(K) =   300.02  PRESS =     0.0
 Etot   =    -68661.1703  EKtot   =     12401.9453  EPtot      =    -81063.1156
 BOND   =       418.1950  ANGLE   =       912.0058  DIHED      =      1356.1827
 1-4 NB =       388.5101  1-4 EEL =      4823.2960  VDWAALS    =      9843.6326
 EELEC  =    -98804.9380  EHBOND  =         0.0000  RESTRAINT  =         0.0000
 TEMP0  =       300.0000  REPNUM  =              4  EXCHANGE#  =           2360
 ------------------------------------------------------------------------------


 NSTEP =   600000   TIME(PS) =    2580.000  TEMP(K) =   303.01  PRESS =     0.0
 Etot   =    -68481.6033  EKtot   =     12525.5742  EPtot      =    -81007.1775
 BOND   =       417.4492  ANGLE   =       940.0868  DIHED      =      1349.2846
 1-4 NB =       409.2861  1-4 EEL =      4788.0227  VDWAALS    =      9716.7508
 EELEC  =    -98628.0579  EHBOND  =         0.0000  RESTRAINT  =         0.0000
 TEMP0  =       300.0000  REPNUM  =              4  EXCHANGE#  =           2400
 ------------------------------------------------------------------------------


 NSTEP =   610000   TIME(PS) =    2620.000  TEMP(K) =   301.01  PRESS =     0.0
 Etot   =    -68447.3497  EKtot   =     12443.1738  EPtot      =    -80890.5235
 BOND   =       422.3662  ANGLE   =       929.5334  DIHED      =      1361.7264
 1-4 NB =       409.8803  1-4 EEL =      4871.7870  VDWAALS    =      9950.2728
 EELEC  =    -98836.0897  EHBOND  =         0.0000  RESTRAINT  =         0.0000
 TEMP0  =       300.0000  REPNUM  =              4  EXCHANGE#  =           2440
 ------------------------------------------------------------------------------


 NSTEP =   620000   TIME(PS) =    2660.000  TEMP(K) =   300.57  PRESS =     0.0
 Etot   =    -68474.2132  EKtot   =     12424.8936  EPtot      =    -80899.1068
 BOND   =       423.9154  ANGLE   =       943.2160  DIHED      =      1364.3149
 1-4 NB =       399.7107  1-4 EEL =      4851.6163  VDWAALS    =      9923.9230
 EELEC  =    -98805.8031  EHBOND  =         0.0000  RESTRAINT  =         0.0000
 TEMP0  =       300.0000  REPNUM  =              4  EXCHANGE#  =           2480
 ------------------------------------------------------------------------------


 NSTEP =   630000   TIME(PS) =    2700.000  TEMP(K) =   298.61  PRESS =     0.0
 Etot   =    -68752.6853  EKtot   =     12343.7051  EPtot      =    -81096.3904
 BOND   =       392.8689  ANGLE   =       960.6377  DIHED      =      1378.5293
 1-4 NB =       401.1864  1-4 EEL =      4899.1440  VDWAALS    =      9621.9678
 EELEC  =    -98750.7246  EHBOND  =         0.0000  RESTRAINT  =         0.0000
 TEMP0  =       300.0000  REPNUM  =              4  EXCHANGE#  =           2520
 ------------------------------------------------------------------------------


 NSTEP =   640000   TIME(PS) =    2740.000  TEMP(K) =   300.05  PRESS =     0.0
 Etot   =    -68598.0060  EKtot   =     12403.4883  EPtot      =    -81001.4943
 BOND   =       411.9876  ANGLE   =       933.7123  DIHED      =      1344.1743
 1-4 NB =       414.1398  1-4 EEL =      4853.7398  VDWAALS    =      9747.9669
 EELEC  =    -98707.2150  EHBOND  =         0.0000  RESTRAINT  =         0.0000
 TEMP0  =       300.0000  REPNUM  =              4  EXCHANGE#  =           2560
 ------------------------------------------------------------------------------


 NSTEP =   650000   TIME(PS) =    2780.000  TEMP(K) =   298.23  PRESS =     0.0
 Etot   =    -68366.6830  EKtot   =     12328.0361  EPtot      =    -80694.7191
 BOND   =       436.3252  ANGLE   =       911.6329  DIHED      =      1365.1757
 1-4 NB =       411.6675  1-4 EEL =      4798.6349  VDWAALS    =      9762.0884
 EELEC  =    -98380.2437  EHBOND  =         0.0000  RESTRAINT  =         0.0000
 TEMP0  =       300.0000  REPNUM  =              4  EXCHANGE#  =           2600
 ------------------------------------------------------------------------------


 NSTEP =   660000   TIME(PS) =    2820.000  TEMP(K) =   297.93  PRESS =     0.0
 Etot   =    -68649.1201  EKtot   =     12315.5537  EPtot      =    -80964.6738
 BOND   =       404.6864  ANGLE   =       929.6736  DIHED      =      1377.3709
 1-4 NB =       404.0854  1-4 EEL =      4883.7386  VDWAALS    =      9716.9776
 EELEC  =    -98681.2063  EHBOND  =         0.0000  RESTRAINT  =         0.0000
 TEMP0  =       300.0000  REPNUM  =              4  EXCHANGE#  =           2640
 ------------------------------------------------------------------------------


 NSTEP =   670000   TIME(PS) =    2860.000  TEMP(K) =   301.54  PRESS =     0.0
 Etot   =    -68580.2771  EKtot   =     12464.8516  EPtot      =    -81045.1287
 BOND   =       407.9487  ANGLE   =       931.9857  DIHED      =      1360.7044
 1-4 NB =       414.2377  1-4 EEL =      4857.0786  VDWAALS    =      9720.8243
 EELEC  =    -98737.9082  EHBOND  =         0.0000  RESTRAINT  =         0.0000
 TEMP0  =       300.0000  REPNUM  =              4  EXCHANGE#  =           2680
 ------------------------------------------------------------------------------


 NSTEP =   680000   TIME(PS) =    2900.000  TEMP(K) =   300.97  PRESS =     0.0
 Etot   =    -68380.6497  EKtot   =     12441.1602  EPtot      =    -80821.8098
 BOND   =       422.0994  ANGLE   =       933.4510  DIHED      =      1381.3474
 1-4 NB =       419.3883  1-4 EEL =      4918.2611  VDWAALS    =      9662.4035
 EELEC  =    -98558.7605  EHBOND  =         0.0000  RESTRAINT  =         0.0000
 TEMP0  =       300.0000  REPNUM  =              4  EXCHANGE#  =           2720
 ------------------------------------------------------------------------------


 NSTEP =   690000   TIME(PS) =    2940.000  TEMP(K) =   300.24  PRESS =     0.0
 Etot   =    -68680.6296  EKtot   =     12411.2275  EPtot      =    -81091.8571
 BOND   =       378.5274  ANGLE   =       955.3798  DIHED      =      1337.1584
 1-4 NB =       415.6716  1-4 EEL =      4920.5281  VDWAALS    =      9643.2853
 EELEC  =    -98742.4078  EHBOND  =         0.0000  RESTRAINT  =         0.0000
 TEMP0  =       300.0000  REPNUM  =              4  EXCHANGE#  =           2760
 ------------------------------------------------------------------------------


 NSTEP =   700000   TIME(PS) =    2980.000  TEMP(K) =   302.21  PRESS =     0.0
 Etot   =    -68674.4610  EKtot   =     12492.5273  EPtot      =    -81166.9883
 BOND   =       386.0408  ANGLE   =       943.3166  DIHED      =      1370.4150
 1-4 NB =       405.6552  1-4 EEL =      4821.2608  VDWAALS    =      9856.2538
 EELEC  =    -98949.9305  EHBOND  =         0.0000  RESTRAINT  =         0.0000
 TEMP0  =       300.0000  REPNUM  =              4  EXCHANGE#  =           2800
 ------------------------------------------------------------------------------


 NSTEP =   710000   TIME(PS) =    3020.000  TEMP(K) =   302.21  PRESS =     0.0
 Etot   =    -68603.7304  EKtot   =     12492.6240  EPtot      =    -81096.3544
 BOND   =       400.2501  ANGLE   =       921.2872  DIHED      =      1346.7904
 1-4 NB =       416.3238  1-4 EEL =      4866.9855  VDWAALS    =      9754.4439
 EELEC  =    -98802.4354  EHBOND  =         0.0000  RESTRAINT  =         0.0000
 TEMP0  =       300.0000  REPNUM  =              4  EXCHANGE#  =           2840
 ------------------------------------------------------------------------------


 NSTEP =   720000   TIME(PS) =    3060.000  TEMP(K) =   304.09  PRESS =     0.0
 Etot   =    -68502.9081  EKtot   =     12570.1787  EPtot      =    -81073.0868
 BOND   =       447.7241  ANGLE   =       927.2510  DIHED      =      1337.4371
 1-4 NB =       390.6792  1-4 EEL =      4843.6624  VDWAALS    =      9859.8835
 EELEC  =    -98879.7241  EHBOND  =         0.0000  RESTRAINT  =         0.0000
 TEMP0  =       300.0000  REPNUM  =              4  EXCHANGE#  =           2880
 ------------------------------------------------------------------------------


 NSTEP =   730000   TIME(PS) =    3100.000  TEMP(K) =   298.24  PRESS =     0.0
 Etot   =    -68749.1784  EKtot   =     12328.4209  EPtot      =    -81077.5993
 BOND   =       404.3658  ANGLE   =       921.8123  DIHED      =      1348.4018
 1-4 NB =       401.1934  1-4 EEL =      4801.4109  VDWAALS    =      9822.7046
 EELEC  =    -98777.4881  EHBOND  =         0.0000  RESTRAINT  =         0.0000
 TEMP0  =       300.0000  REPNUM  =              4  EXCHANGE#  =           2920
 ------------------------------------------------------------------------------


 NSTEP =   740000   TIME(PS) =    3140.000  TEMP(K) =   298.88  PRESS =     0.0
 Etot   =    -68738.3248  EKtot   =     12355.0293  EPtot      =    -81093.3541
 BOND   =       419.5430  ANGLE   =       946.9650  DIHED      =      1368.4434
 1-4 NB =       401.3212  1-4 EEL =      4861.7780  VDWAALS    =      9990.2239
 EELEC  =    -99081.6286  EHBOND  =         0.0000  RESTRAINT  =         0.0000
 TEMP0  =       300.0000  REPNUM  =              4  EXCHANGE#  =           2960
 ------------------------------------------------------------------------------


 NSTEP =   750000   TIME(PS) =    3180.000  TEMP(K) =   299.09  PRESS =     0.0
 Etot   =    -68442.3825  EKtot   =     12363.7119  EPtot      =    -80806.0944
 BOND   =       431.1587  ANGLE   =       928.1860  DIHED      =      1380.6777
 1-4 NB =       411.0186  1-4 EEL =      4851.4592  VDWAALS    =      9862.1685
 EELEC  =    -98670.7631  EHBOND  =         0.0000  RESTRAINT  =         0.0000
 TEMP0  =       300.0000  REPNUM  =              4  EXCHANGE#  =           3000
 ------------------------------------------------------------------------------


 NSTEP =   760000   TIME(PS) =    3220.000  TEMP(K) =   299.05  PRESS =     0.0
 Etot   =    -68503.7891  EKtot   =     12361.7959  EPtot      =    -80865.5850
 BOND   =       395.9058  ANGLE   =       950.4069  DIHED      =      1343.5331
 1-4 NB =       400.8987  1-4 EEL =      4810.4360  VDWAALS    =      9749.4946
 EELEC  =    -98516.2601  EHBOND  =         0.0000  RESTRAINT  =         0.0000
 TEMP0  =       300.0000  REPNUM  =              4  EXCHANGE#  =           3040
 ------------------------------------------------------------------------------


 NSTEP =   770000   TIME(PS) =    3260.000  TEMP(K) =   300.85  PRESS =     0.0
 Etot   =    -68692.7342  EKtot   =     12436.4551  EPtot      =    -81129.1893
 BOND   =       435.0234  ANGLE   =       920.8364  DIHED      =      1379.2847
 1-4 NB =       405.5079  1-4 EEL =      4829.1455  VDWAALS    =      9985.4406
 EELEC  =    -99084.4277  EHBOND  =         0.0000  RESTRAINT  =         0.0000
 TEMP0  =       300.0000  REPNUM  =              4  EXCHANGE#  =           3080
 ------------------------------------------------------------------------------


 NSTEP =   780000   TIME(PS) =    3300.000  TEMP(K) =   305.92  PRESS =     0.0
 Etot   =    -68371.2799  EKtot   =     12646.0957  EPtot      =    -81017.3756
 BOND   =       460.3862  ANGLE   =       928.5462  DIHED      =      1349.8372
 1-4 NB =       412.3027  1-4 EEL =      4806.3431  VDWAALS    =     10204.9498
 EELEC  =    -99179.7407  EHBOND  =         0.0000  RESTRAINT  =         0.0000
 TEMP0  =       300.0000  REPNUM  =              4  EXCHANGE#  =           3120
 ------------------------------------------------------------------------------


 NSTEP =   790000   TIME(PS) =    3340.000  TEMP(K) =   296.79  PRESS =     0.0
 Etot   =    -68500.4595  EKtot   =     12268.6201  EPtot      =    -80769.0796
 BOND   =       424.0213  ANGLE   =       896.0793  DIHED      =      1377.1872
 1-4 NB =       404.5350  1-4 EEL =      4886.9618  VDWAALS    =      9648.2659
 EELEC  =    -98406.1302  EHBOND  =         0.0000  RESTRAINT  =         0.0000
 TEMP0  =       300.0000  REPNUM  =              4  EXCHANGE#  =           3160
 ------------------------------------------------------------------------------


 NSTEP =   800000   TIME(PS) =    3380.000  TEMP(K) =   302.56  PRESS =     0.0
 Etot   =    -68283.1510  EKtot   =     12507.2686  EPtot      =    -80790.4196
 BOND   =       413.4413  ANGLE   =       946.0010  DIHED      =      1367.5638
 1-4 NB =       392.1699  1-4 EEL =      4843.3255  VDWAALS    =      9441.7181
 EELEC  =    -98194.6393  EHBOND  =         0.0000  RESTRAINT  =         0.0000
 TEMP0  =       300.0000  REPNUM  =              4  EXCHANGE#  =           3200
 ------------------------------------------------------------------------------


 NSTEP =   810000   TIME(PS) =    3420.000  TEMP(K) =   300.07  PRESS =     0.0
 Etot   =    -68345.0013  EKtot   =     12404.1660  EPtot      =    -80749.1673
 BOND   =       430.6525  ANGLE   =       948.9343  DIHED      =      1347.3985
 1-4 NB =       392.2404  1-4 EEL =      4826.4242  VDWAALS    =      9675.9852
 EELEC  =    -98370.8023  EHBOND  =         0.0000  RESTRAINT  =         0.0000
 TEMP0  =       300.0000  REPNUM  =              4  EXCHANGE#  =           3240
 ------------------------------------------------------------------------------


 NSTEP =   820000   TIME(PS) =    3460.000  TEMP(K) =   299.13  PRESS =     0.0
 Etot   =    -68820.0759  EKtot   =     12365.3828  EPtot      =    -81185.4587
 BOND   =       391.3655  ANGLE   =       947.6377  DIHED      =      1356.9204
 1-4 NB =       401.6767  1-4 EEL =      4871.0447  VDWAALS    =     10132.1351
 EELEC  =    -99286.2389  EHBOND  =         0.0000  RESTRAINT  =         0.0000
 TEMP0  =       300.0000  REPNUM  =              4  EXCHANGE#  =           3280
 ------------------------------------------------------------------------------


 NSTEP =   830000   TIME(PS) =    3500.000  TEMP(K) =   298.30  PRESS =     0.0
 Etot   =    -68648.9039  EKtot   =     12331.1611  EPtot      =    -80980.0650
 BOND   =       418.1186  ANGLE   =       942.1076  DIHED      =      1375.1329
 1-4 NB =       394.1393  1-4 EEL =      4843.7851  VDWAALS    =      9797.1610
 EELEC  =    -98750.5095  EHBOND  =         0.0000  RESTRAINT  =         0.0000
 TEMP0  =       300.0000  REPNUM  =              4  EXCHANGE#  =           3320
 ------------------------------------------------------------------------------


 NSTEP =   840000   TIME(PS) =    3540.000  TEMP(K) =   304.24  PRESS =     0.0
 Etot   =    -68584.4682  EKtot   =     12576.4395  EPtot      =    -81160.9077
 BOND   =       417.7122  ANGLE   =       959.7262  DIHED      =      1379.6605
 1-4 NB =       397.9455  1-4 EEL =      4871.2928  VDWAALS    =      9833.6230
 EELEC  =    -99020.8680  EHBOND  =         0.0000  RESTRAINT  =         0.0000
 TEMP0  =       300.0000  REPNUM  =              4  EXCHANGE#  =           3360
 ------------------------------------------------------------------------------


 NSTEP =   850000   TIME(PS) =    3580.000  TEMP(K) =   297.03  PRESS =     0.0
 Etot   =    -68690.5840  EKtot   =     12278.5127  EPtot      =    -80969.0967
 BOND   =       433.9447  ANGLE   =       894.9544  DIHED      =      1347.2790
 1-4 NB =       406.4718  1-4 EEL =      4823.9461  VDWAALS    =      9463.3037
 EELEC  =    -98338.9965  EHBOND  =         0.0000  RESTRAINT  =         0.0000
 TEMP0  =       300.0000  REPNUM  =              4  EXCHANGE#  =           3400
 ------------------------------------------------------------------------------


 NSTEP =   860000   TIME(PS) =    3620.000  TEMP(K) =   298.23  PRESS =     0.0
 Etot   =    -68539.8948  EKtot   =     12327.9629  EPtot      =    -80867.8577
 BOND   =       429.8546  ANGLE   =       923.9347  DIHED      =      1354.8113
 1-4 NB =       412.5524  1-4 EEL =      4879.4425  VDWAALS    =      9638.4430
 EELEC  =    -98506.8962  EHBOND  =         0.0000  RESTRAINT  =         0.0000
 TEMP0  =       300.0000  REPNUM  =              4  EXCHANGE#  =           3440
 ------------------------------------------------------------------------------


 NSTEP =   870000   TIME(PS) =    3660.000  TEMP(K) =   297.52  PRESS =     0.0
 Etot   =    -68880.2560  EKtot   =     12298.5713  EPtot      =    -81178.8273
 BOND   =       423.2746  ANGLE   =       917.4936  DIHED      =      1359.5159
 1-4 NB =       405.5434  1-4 EEL =      4832.7313  VDWAALS    =      9811.9135
 EELEC  =    -98929.2996  EHBOND  =         0.0000  RESTRAINT  =         0.0000
 TEMP0  =       300.0000  REPNUM  =              4  EXCHANGE#  =           3480
 ------------------------------------------------------------------------------


 NSTEP =   880000   TIME(PS) =    3700.000  TEMP(K) =   299.61  PRESS =     0.0
 Etot   =    -68552.4258  EKtot   =     12385.1885  EPtot      =    -80937.6143
 BOND   =       434.3182  ANGLE   =       917.7026  DIHED      =      1353.8046
 1-4 NB =       408.8780  1-4 EEL =      4826.2218  VDWAALS    =      9885.2776
 EELEC  =    -98763.8171  EHBOND  =         0.0000  RESTRAINT  =         0.0000
 TEMP0  =       300.0000  REPNUM  =              4  EXCHANGE#  =           3520
 ------------------------------------------------------------------------------


 NSTEP =   890000   TIME(PS) =    3740.000  TEMP(K) =   299.03  PRESS =     0.0
 Etot   =    -68534.9267  EKtot   =     12361.0195  EPtot      =    -80895.9462
 BOND   =       398.7654  ANGLE   =       921.3960  DIHED      =      1343.3885
 1-4 NB =       427.7928  1-4 EEL =      4835.6911  VDWAALS    =      9803.4953
 EELEC  =    -98626.4753  EHBOND  =         0.0000  RESTRAINT  =         0.0000
 TEMP0  =       300.0000  REPNUM  =              4  EXCHANGE#  =           3560
 ------------------------------------------------------------------------------


 NSTEP =   900000   TIME(PS) =    3780.000  TEMP(K) =   297.45  PRESS =     0.0
 Etot   =    -68863.1893  EKtot   =     12295.9697  EPtot      =    -81159.1590
 BOND   =       437.0794  ANGLE   =       910.0604  DIHED      =      1358.0587
 1-4 NB =       390.4439  1-4 EEL =      4754.4326  VDWAALS    =     10212.2364
 EELEC  =    -99221.4705  EHBOND  =         0.0000  RESTRAINT  =         0.0000
 TEMP0  =       300.0000  REPNUM  =              4  EXCHANGE#  =           3600
 ------------------------------------------------------------------------------


 NSTEP =   910000   TIME(PS) =    3820.000  TEMP(K) =   302.45  PRESS =     0.0
 Etot   =    -68618.5003  EKtot   =     12502.6387  EPtot      =    -81121.1389
 BOND   =       417.7657  ANGLE   =       953.5161  DIHED      =      1347.7798
 1-4 NB =       398.2414  1-4 EEL =      4785.6981  VDWAALS    =      9982.9942
 EELEC  =    -99007.1343  EHBOND  =         0.0000  RESTRAINT  =         0.0000
 TEMP0  =       300.0000  REPNUM  =              4  EXCHANGE#  =           3640
 ------------------------------------------------------------------------------


 NSTEP =   920000   TIME(PS) =    3860.000  TEMP(K) =   299.94  PRESS =     0.0
 Etot   =    -68437.0326  EKtot   =     12398.5938  EPtot      =    -80835.6263
 BOND   =       406.5580  ANGLE   =       907.2074  DIHED      =      1377.0755
 1-4 NB =       408.2904  1-4 EEL =      4809.0146  VDWAALS    =      9735.6243
 EELEC  =    -98479.3965  EHBOND  =         0.0000  RESTRAINT  =         0.0000
 TEMP0  =       300.0000  REPNUM  =              4  EXCHANGE#  =           3680
 ------------------------------------------------------------------------------


 NSTEP =   930000   TIME(PS) =    3900.000  TEMP(K) =   300.86  PRESS =     0.0
 Etot   =    -68667.8494  EKtot   =     12436.8076  EPtot      =    -81104.6570
 BOND   =       428.3305  ANGLE   =       917.4154  DIHED      =      1362.9644
 1-4 NB =       400.2338  1-4 EEL =      4797.5717  VDWAALS    =      9995.0982
 EELEC  =    -99006.2710  EHBOND  =         0.0000  RESTRAINT  =         0.0000
 TEMP0  =       300.0000  REPNUM  =              4  EXCHANGE#  =           3720
 ------------------------------------------------------------------------------


 NSTEP =   940000   TIME(PS) =    3940.000  TEMP(K) =   295.83  PRESS =     0.0
 Etot   =    -68723.8094  EKtot   =     12228.8389  EPtot      =    -80952.6483
 BOND   =       408.9811  ANGLE   =       957.3970  DIHED      =      1352.5808
 1-4 NB =       389.8216  1-4 EEL =      4806.3670  VDWAALS    =     10093.1539
 EELEC  =    -98960.9496  EHBOND  =         0.0000  RESTRAINT  =         0.0000
 TEMP0  =       300.0000  REPNUM  =              4  EXCHANGE#  =           3760
 ------------------------------------------------------------------------------


 NSTEP =   950000   TIME(PS) =    3980.000  TEMP(K) =   299.87  PRESS =     0.0
 Etot   =    -68589.7870  EKtot   =     12395.8066  EPtot      =    -80985.5936
 BOND   =       416.0419  ANGLE   =       917.6019  DIHED      =      1341.8192
 1-4 NB =       400.6440  1-4 EEL =      4809.6859  VDWAALS    =      9894.8460
 EELEC  =    -98766.2324  EHBOND  =         0.0000  RESTRAINT  =         0.0000
 TEMP0  =       300.0000  REPNUM  =              4  EXCHANGE#  =           3800
 ------------------------------------------------------------------------------


 NSTEP =   960000   TIME(PS) =    4020.000  TEMP(K) =   302.49  PRESS =     0.0
 Etot   =    -68469.5562  EKtot   =     12504.0605  EPtot      =    -80973.6168
 BOND   =       436.3290  ANGLE   =       959.4842  DIHED      =      1371.9723
 1-4 NB =       426.0117  1-4 EEL =      4815.1838  VDWAALS    =      9593.7480
 EELEC  =    -98576.3459  EHBOND  =         0.0000  RESTRAINT  =         0.0000
 TEMP0  =       300.0000  REPNUM  =              4  EXCHANGE#  =           3840
 ------------------------------------------------------------------------------


 NSTEP =   970000   TIME(PS) =    4060.000  TEMP(K) =   299.15  PRESS =     0.0
 Etot   =    -68385.3378  EKtot   =     12365.9365  EPtot      =    -80751.2743
 BOND   =       436.3592  ANGLE   =       946.0311  DIHED      =      1344.7102
 1-4 NB =       404.0484  1-4 EEL =      4801.4012  VDWAALS    =      9730.9378
 EELEC  =    -98414.7622  EHBOND  =         0.0000  RESTRAINT  =         0.0000
 TEMP0  =       300.0000  REPNUM  =              4  EXCHANGE#  =           3880
 ------------------------------------------------------------------------------


 NSTEP =   980000   TIME(PS) =    4100.000  TEMP(K) =   302.26  PRESS =     0.0
 Etot   =    -68577.9983  EKtot   =     12494.7051  EPtot      =    -81072.7034
 BOND   =       412.5175  ANGLE   =       902.2947  DIHED      =      1334.8725
 1-4 NB =       402.1847  1-4 EEL =      4759.5318  VDWAALS    =      9697.9124
 EELEC  =    -98582.0170  EHBOND  =         0.0000  RESTRAINT  =         0.0000
 TEMP0  =       300.0000  REPNUM  =              4  EXCHANGE#  =           3920
 ------------------------------------------------------------------------------


 NSTEP =   990000   TIME(PS) =    4140.000  TEMP(K) =   297.61  PRESS =     0.0
 Etot   =    -68375.3855  EKtot   =     12302.5791  EPtot      =    -80677.9646
 BOND   =       448.6969  ANGLE   =       930.4560  DIHED      =      1352.3532
 1-4 NB =       410.9137  1-4 EEL =      4842.3205  VDWAALS    =      9701.1664
 EELEC  =    -98363.8713  EHBOND  =         0.0000  RESTRAINT  =         0.0000
 TEMP0  =       300.0000  REPNUM  =              4  EXCHANGE#  =           3960
 ------------------------------------------------------------------------------


 NSTEP =  1000000   TIME(PS) =    4180.000  TEMP(K) =   299.98  PRESS =     0.0
 Etot   =    -68559.4165  EKtot   =     12400.5273  EPtot      =    -80959.9439
 BOND   =       459.6986  ANGLE   =       925.8612  DIHED      =      1336.5227
 1-4 NB =       402.4018  1-4 EEL =      4778.2482  VDWAALS    =      9647.5272
 EELEC  =    -98510.2035  EHBOND  =         0.0000  RESTRAINT  =         0.0000
 TEMP0  =       300.0000  REPNUM  =              4  EXCHANGE#  =           4000
 ------------------------------------------------------------------------------


 NSTEP =  1010000   TIME(PS) =    4220.000  TEMP(K) =   300.16  PRESS =     0.0
 Etot   =    -68475.4257  EKtot   =     12407.7432  EPtot      =    -80883.1689
 BOND   =       419.9892  ANGLE   =       957.7631  DIHED      =      1360.2245
 1-4 NB =       402.0963  1-4 EEL =      4800.2931  VDWAALS    =      9923.6638
 EELEC  =    -98747.1989  EHBOND  =         0.0000  RESTRAINT  =         0.0000
 TEMP0  =       300.0000  REPNUM  =              4  EXCHANGE#  =           4040
 ------------------------------------------------------------------------------


 NSTEP =  1020000   TIME(PS) =    4260.000  TEMP(K) =   300.20  PRESS =     0.0
 Etot   =    -68511.1127  EKtot   =     12409.4170  EPtot      =    -80920.5297
 BOND   =       439.6226  ANGLE   =       901.2953  DIHED      =      1351.0016
 1-4 NB =       403.4267  1-4 EEL =      4794.0885  VDWAALS    =      9961.3556
 EELEC  =    -98771.3199  EHBOND  =         0.0000  RESTRAINT  =         0.0000
 TEMP0  =       300.0000  REPNUM  =              4  EXCHANGE#  =           4080
 ------------------------------------------------------------------------------


 NSTEP =  1030000   TIME(PS) =    4300.000  TEMP(K) =   300.56  PRESS =     0.0
 Etot   =    -68838.4783  EKtot   =     12424.3594  EPtot      =    -81262.8377
 BOND   =       406.9263  ANGLE   =       941.3375  DIHED      =      1338.7818
 1-4 NB =       407.2806  1-4 EEL =      4818.2062  VDWAALS    =      9849.4425
 EELEC  =    -99024.8126  EHBOND  =         0.0000  RESTRAINT  =         0.0000
 TEMP0  =       300.0000  REPNUM  =              4  EXCHANGE#  =           4120
 ------------------------------------------------------------------------------


 NSTEP =  1040000   TIME(PS) =    4340.000  TEMP(K) =   298.40  PRESS =     0.0
 Etot   =    -68569.9425  EKtot   =     12335.0342  EPtot      =    -80904.9767
 BOND   =       404.0554  ANGLE   =       912.6820  DIHED      =      1332.1750
 1-4 NB =       409.0139  1-4 EEL =      4843.6498  VDWAALS    =      9927.0566
 EELEC  =    -98733.6093  EHBOND  =         0.0000  RESTRAINT  =         0.0000
 TEMP0  =       300.0000  REPNUM  =              4  EXCHANGE#  =           4160
 ------------------------------------------------------------------------------


 NSTEP =  1050000   TIME(PS) =    4380.000  TEMP(K) =   300.62  PRESS =     0.0
 Etot   =    -68715.1931  EKtot   =     12426.8184  EPtot      =    -81142.0114
 BOND   =       395.6752  ANGLE   =       922.0335  DIHED      =      1362.3520
 1-4 NB =       405.6922  1-4 EEL =      4814.2110  VDWAALS    =     10007.6080
 EELEC  =    -99049.5834  EHBOND  =         0.0000  RESTRAINT  =         0.0000
 TEMP0  =       300.0000  REPNUM  =              4  EXCHANGE#  =           4200
 ------------------------------------------------------------------------------


 NSTEP =  1060000   TIME(PS) =    4420.000  TEMP(K) =   299.68  PRESS =     0.0
 Etot   =    -68324.0738  EKtot   =     12387.9551  EPtot      =    -80712.0288
 BOND   =       411.1801  ANGLE   =       963.4901  DIHED      =      1344.8370
 1-4 NB =       401.6950  1-4 EEL =      4776.0919  VDWAALS    =      9725.7601
 EELEC  =    -98335.0830  EHBOND  =         0.0000  RESTRAINT  =         0.0000
 TEMP0  =       300.0000  REPNUM  =              4  EXCHANGE#  =           4240
 ------------------------------------------------------------------------------


 NSTEP =  1070000   TIME(PS) =    4460.000  TEMP(K) =   298.16  PRESS =     0.0
 Etot   =    -68586.2081  EKtot   =     12325.1650  EPtot      =    -80911.3731
 BOND   =       421.2156  ANGLE   =       877.0429  DIHED      =      1348.7520
 1-4 NB =       422.9503  1-4 EEL =      4834.0096  VDWAALS    =      9841.8534
 EELEC  =    -98657.1969  EHBOND  =         0.0000  RESTRAINT  =         0.0000
 TEMP0  =       300.0000  REPNUM  =              4  EXCHANGE#  =           4280
 ------------------------------------------------------------------------------


 NSTEP =  1080000   TIME(PS) =    4500.000  TEMP(K) =   303.41  PRESS =     0.0
 Etot   =    -68485.9058  EKtot   =     12542.1416  EPtot      =    -81028.0474
 BOND   =       424.0659  ANGLE   =       947.5451  DIHED      =      1376.3507
 1-4 NB =       404.2333  1-4 EEL =      4827.9084  VDWAALS    =      9893.8970
 EELEC  =    -98902.0477  EHBOND  =         0.0000  RESTRAINT  =         0.0000
 TEMP0  =       300.0000  REPNUM  =              4  EXCHANGE#  =           4320
 ------------------------------------------------------------------------------


 NSTEP =  1090000   TIME(PS) =    4540.000  TEMP(K) =   297.79  PRESS =     0.0
 Etot   =    -68559.6592  EKtot   =     12309.8848  EPtot      =    -80869.5440
 BOND   =       440.4805  ANGLE   =       940.9062  DIHED      =      1348.5443
 1-4 NB =       390.1940  1-4 EEL =      4807.7728  VDWAALS    =      9905.1450
 EELEC  =    -98702.5869  EHBOND  =         0.0000  RESTRAINT  =         0.0000
 TEMP0  =       300.0000  REPNUM  =              4  EXCHANGE#  =           4360
 ------------------------------------------------------------------------------


 NSTEP =  1100000   TIME(PS) =    4580.000  TEMP(K) =   303.00  PRESS =     0.0
 Etot   =    -68231.6599  EKtot   =     12525.4238  EPtot      =    -80757.0838
 BOND   =       425.0226  ANGLE   =       885.8525  DIHED      =      1382.4874
 1-4 NB =       409.3200  1-4 EEL =      4851.1483  VDWAALS    =     10067.8262
 EELEC  =    -98778.7407  EHBOND  =         0.0000  RESTRAINT  =         0.0000
 TEMP0  =       300.0000  REPNUM  =              4  EXCHANGE#  =           4400
 ------------------------------------------------------------------------------


 NSTEP =  1110000   TIME(PS) =    4620.000  TEMP(K) =   299.78  PRESS =     0.0
 Etot   =    -68655.0601  EKtot   =     12392.1982  EPtot      =    -81047.2583
 BOND   =       424.2738  ANGLE   =       928.6972  DIHED      =      1372.3827
 1-4 NB =       402.3492  1-4 EEL =      4818.2493  VDWAALS    =      9948.3803
 EELEC  =    -98941.5908  EHBOND  =         0.0000  RESTRAINT  =         0.0000
 TEMP0  =       300.0000  REPNUM  =              4  EXCHANGE#  =           4440
 ------------------------------------------------------------------------------


 NSTEP =  1120000   TIME(PS) =    4660.000  TEMP(K) =   300.28  PRESS =     0.0
 Etot   =    -68491.4854  EKtot   =     12412.6602  EPtot      =    -80904.1456
 BOND   =       415.5033  ANGLE   =       962.7292  DIHED      =      1368.4590
 1-4 NB =       398.4188  1-4 EEL =      4837.8285  VDWAALS    =      9663.4809
 EELEC  =    -98550.5654  EHBOND  =         0.0000  RESTRAINT  =         0.0000
 TEMP0  =       300.0000  REPNUM  =              4  EXCHANGE#  =           4480
 ------------------------------------------------------------------------------


 NSTEP =  1130000   TIME(PS) =    4700.000  TEMP(K) =   302.00  PRESS =     0.0
 Etot   =    -68456.2860  EKtot   =     12484.0938  EPtot      =    -80940.3798
 BOND   =       428.0848  ANGLE   =       897.3135  DIHED      =      1373.8964
 1-4 NB =       394.5058  1-4 EEL =      4811.3853  VDWAALS    =     10064.9242
 EELEC  =    -98910.4898  EHBOND  =         0.0000  RESTRAINT  =         0.0000
 TEMP0  =       300.0000  REPNUM  =              4  EXCHANGE#  =           4520
 ------------------------------------------------------------------------------


 NSTEP =  1140000   TIME(PS) =    4740.000  TEMP(K) =   306.12  PRESS =     0.0
 Etot   =    -68110.3570  EKtot   =     12654.4551  EPtot      =    -80764.8120
 BOND   =       398.2083  ANGLE   =       970.9329  DIHED      =      1349.3270
 1-4 NB =       419.6028  1-4 EEL =      4869.0505  VDWAALS    =      9980.8928
 EELEC  =    -98752.8263  EHBOND  =         0.0000  RESTRAINT  =         0.0000
 TEMP0  =       300.0000  REPNUM  =              4  EXCHANGE#  =           4560
 ------------------------------------------------------------------------------


 NSTEP =  1150000   TIME(PS) =    4780.000  TEMP(K) =   302.03  PRESS =     0.0
 Etot   =    -68717.1030  EKtot   =     12485.2715  EPtot      =    -81202.3744
 BOND   =       421.4035  ANGLE   =       973.9457  DIHED      =      1345.6962
 1-4 NB =       409.9417  1-4 EEL =      4809.6160  VDWAALS    =      9792.8710
 EELEC  =    -98955.8485  EHBOND  =         0.0000  RESTRAINT  =         0.0000
 TEMP0  =       300.0000  REPNUM  =              4  EXCHANGE#  =           4600
 ------------------------------------------------------------------------------


 NSTEP =  1160000   TIME(PS) =    4820.000  TEMP(K) =   301.28  PRESS =     0.0
 Etot   =    -68586.4387  EKtot   =     12454.1270  EPtot      =    -81040.5656
 BOND   =       398.8412  ANGLE   =       926.7026  DIHED      =      1360.4593
 1-4 NB =       392.7104  1-4 EEL =      4850.3514  VDWAALS    =      9750.5837
 EELEC  =    -98720.2142  EHBOND  =         0.0000  RESTRAINT  =         0.0000
 TEMP0  =       300.0000  REPNUM  =              4  EXCHANGE#  =           4640
 ------------------------------------------------------------------------------


 NSTEP =  1170000   TIME(PS) =    4860.000  TEMP(K) =   300.08  PRESS =     0.0
 Etot   =    -68343.4084  EKtot   =     12404.4717  EPtot      =    -80747.8801
 BOND   =       423.1466  ANGLE   =       917.9252  DIHED      =      1349.4276
 1-4 NB =       397.9741  1-4 EEL =      4815.4368  VDWAALS    =      9893.9048
 EELEC  =    -98545.6951  EHBOND  =         0.0000  RESTRAINT  =         0.0000
 TEMP0  =       300.0000  REPNUM  =              4  EXCHANGE#  =           4680
 ------------------------------------------------------------------------------


 NSTEP =  1180000   TIME(PS) =    4900.000  TEMP(K) =   299.77  PRESS =     0.0
 Etot   =    -68411.1620  EKtot   =     12391.7109  EPtot      =    -80802.8729
 BOND   =       407.0063  ANGLE   =       902.6319  DIHED      =      1353.4987
 1-4 NB =       410.5845  1-4 EEL =      4830.1860  VDWAALS    =      9857.2183
 EELEC  =    -98563.9987  EHBOND  =         0.0000  RESTRAINT  =         0.0000
 TEMP0  =       300.0000  REPNUM  =              4  EXCHANGE#  =           4720
 ------------------------------------------------------------------------------


 NSTEP =  1190000   TIME(PS) =    4940.000  TEMP(K) =   300.82  PRESS =     0.0
 Etot   =    -68645.6231  EKtot   =     12435.1553  EPtot      =    -81080.7784
 BOND   =       428.9230  ANGLE   =       912.4001  DIHED      =      1356.2636
 1-4 NB =       413.2830  1-4 EEL =      4874.7022  VDWAALS    =     10069.3130
 EELEC  =    -99135.6633  EHBOND  =         0.0000  RESTRAINT  =         0.0000
 TEMP0  =       300.0000  REPNUM  =              4  EXCHANGE#  =           4760
 ------------------------------------------------------------------------------


 NSTEP =  1200000   TIME(PS) =    4980.000  TEMP(K) =   300.25  PRESS =     0.0
 Etot   =    -68709.9127  EKtot   =     12411.6494  EPtot      =    -81121.5621
 BOND   =       420.8385  ANGLE   =       958.0633  DIHED      =      1359.8272
 1-4 NB =       393.3835  1-4 EEL =      4845.1776  VDWAALS    =      9818.0079
 EELEC  =    -98916.8601  EHBOND  =         0.0000  RESTRAINT  =         0.0000
 TEMP0  =       300.0000  REPNUM  =              4  EXCHANGE#  =           4800
 ------------------------------------------------------------------------------


 NSTEP =  1210000   TIME(PS) =    5020.000  TEMP(K) =   300.63  PRESS =     0.0
 Etot   =    -68549.6978  EKtot   =     12427.2910  EPtot      =    -80976.9888
 BOND   =       428.1297  ANGLE   =       935.4748  DIHED      =      1338.2983
 1-4 NB =       406.0094  1-4 EEL =      4759.0800  VDWAALS    =      9783.1591
 EELEC  =    -98627.1402  EHBOND  =         0.0000  RESTRAINT  =         0.0000
 TEMP0  =       300.0000  REPNUM  =              4  EXCHANGE#  =           4840
 ------------------------------------------------------------------------------


 NSTEP =  1220000   TIME(PS) =    5060.000  TEMP(K) =   299.17  PRESS =     0.0
 Etot   =    -68392.9866  EKtot   =     12366.8203  EPtot      =    -80759.8069
 BOND   =       453.1416  ANGLE   =       965.8800  DIHED      =      1346.9553
 1-4 NB =       416.7634  1-4 EEL =      4774.8077  VDWAALS    =      9632.4306
 EELEC  =    -98349.7854  EHBOND  =         0.0000  RESTRAINT  =         0.0000
 TEMP0  =       300.0000  REPNUM  =              4  EXCHANGE#  =           4880
 ------------------------------------------------------------------------------


 NSTEP =  1230000   TIME(PS) =    5100.000  TEMP(K) =   302.65  PRESS =     0.0
 Etot   =    -68451.5225  EKtot   =     12511.0137  EPtot      =    -80962.5362
 BOND   =       390.1965  ANGLE   =       890.6042  DIHED      =      1372.7660
 1-4 NB =       407.3666  1-4 EEL =      4843.6067  VDWAALS    =      9834.6576
 EELEC  =    -98701.7337  EHBOND  =         0.0000  RESTRAINT  =         0.0000
 TEMP0  =       300.0000  REPNUM  =              4  EXCHANGE#  =           4920
 ------------------------------------------------------------------------------


 NSTEP =  1240000   TIME(PS) =    5140.000  TEMP(K) =   298.57  PRESS =     0.0
 Etot   =    -68372.0886  EKtot   =     12342.3535  EPtot      =    -80714.4421
 BOND   =       456.7640  ANGLE   =       925.8906  DIHED      =      1351.9701
 1-4 NB =       418.0279  1-4 EEL =      4820.1577  VDWAALS    =      9638.9918
 EELEC  =    -98326.2442  EHBOND  =         0.0000  RESTRAINT  =         0.0000
 TEMP0  =       300.0000  REPNUM  =              4  EXCHANGE#  =           4960
 ------------------------------------------------------------------------------


 NSTEP =  1250000   TIME(PS) =    5180.000  TEMP(K) =   298.13  PRESS =     0.0
 Etot   =    -68402.2363  EKtot   =     12323.8350  EPtot      =    -80726.0713
 BOND   =       429.2425  ANGLE   =       931.1226  DIHED      =      1345.4447
 1-4 NB =       408.2957  1-4 EEL =      4835.4238  VDWAALS    =      9548.8345
 EELEC  =    -98224.4350  EHBOND  =         0.0000  RESTRAINT  =         0.0000
 TEMP0  =       300.0000  REPNUM  =              4  EXCHANGE#  =           5000
 ------------------------------------------------------------------------------

--------------------------------------------------------------------------------
   5.  TIMINGS
--------------------------------------------------------------------------------

|  NonSetup CPU Time in Major Routines, Average for All Tasks:
|
|     Routine           Sec        %
|     ------------------------------
|     DataDistrib       0.50    0.01
|     Nonbond        2170.83   27.25
|     Bond              0.00    0.00
|     Angle             0.00    0.00
|     Dihedral          0.00    0.00
|     Shake             1.81    0.02
|     RunMD          5684.83   71.36
|     Other           108.18    1.36
|     ------------------------------
|     Total          7966.16

|  PME Nonbond Pairlist CPU Time, Average for All Tasks:
|
|     Routine              Sec        %
|     ---------------------------------
|     Set Up Cit           0.00    0.00
|     Build List           0.00    0.00
|     ---------------------------------
|     Total                0.00    0.00

|  PME Direct Force CPU Time, Average for All Tasks:
|
|     Routine              Sec        %
|     ---------------------------------
|     NonBonded Calc       0.00    0.00
|     Exclude Masked       0.00    0.00
|     Other                0.60    0.01
|     ---------------------------------
|     Total                0.60    0.01

|  PME Reciprocal Force CPU Time, Average for All Tasks:
|
|     Routine              Sec        %
|     ---------------------------------
|     1D bspline           0.00    0.00
|     Grid Charges         0.00    0.00
|     Scalar Sum           0.00    0.00
|     Gradient Sum         0.00    0.00
|     FFT                  0.00    0.00
|     ---------------------------------
|     Total                0.00    0.00

|  PME Load Balancing CPU Time, Average for All Tasks:
|
|     Routine                 Sec        %
|     ------------------------------------
|     Atom Reassign           0.00    0.00
|     Image Reassign          0.00    0.00
|     FFT Reassign            0.00    0.00
|     ------------------------------------
|     Total                   0.00    0.00

|  Final Performance Info:
|     -----------------------------------------------------
|     Average timings for last       1 steps:
|     Elapsed(s) =       0.00 Per Step(ms) =       0.14
|         ns/day =    2541.43   seconds/ns =      34.00
|
|     Average timings for all steps:
|     Elapsed(s) =    7965.79 Per Step(ms) =       6.37
|         ns/day =      54.23   seconds/ns =    1593.16
|     -----------------------------------------------------

|  Master Setup CPU time:            1.12 seconds
|  Master NonSetup CPU time:      7966.16 seconds
|  Master Total CPU time:         7967.28 seconds     2.21 hours

|  Master Setup wall time:           2    seconds
|  Master NonSetup wall time:     7965    seconds
|  Master Total wall time:        7967    seconds     2.21 hours
