
          -------------------------------------------------------
          Amber 20 PMEMD                              2020
          -------------------------------------------------------

| PMEMD implementation of SANDER, Release 18

|  Compiled date/time: Fri Dec  3 18:13:40 2021
| Run on 12/01/2023 at 13:21:11

|   Executable path: pmemd.cuda
| Working directory: /home/web_service/b-zacharias-website/scripts/rsremd/s100pmatch3_327f9f26-d380-4ab1-8e31-c00249900b3e
|          Hostname: Unknown
  [-O]verwriting output

File Assignments:
|   MDIN: ../mdwat3.in                                                          
|  MDOUT: mdwat3.out                                                            
| INPCRD: mdwat2.rst                                                            
|   PARM: myprotein_hrpt.prmtop                                                 
| RESTRT: mdwat3.rst                                                            
|   REFC: myprotein.rst                                                         
|  MDVEL: mdvel                                                                 
|   MDEN: mden                                                                  
|  MDCRD: mdwat3.nc                                                             
| MDINFO: mdinfo                                                                
|  MDFRC: mdfrc                                                                 


 Here is the input file:

# restraints stage 1, Heating to 200, molecular dynamics long time run (PME, re
 &cntrl                                                                        
                                                                               
	! GENERAL FLAGS DESCRIBING THE CALCULATION                                    
  	imin=0, 			! Flag to run minimzation (=1 perform energy minimizatin)        
	                                                                              
	                                                                              
	! NATURE AND FORMAT OF THE INPUT                                              
	ntx=5,				! Flag to read the coordinates and velocities from an ASCII coordina
	irest=1,			! Flag to restart the simulations with velocities and step counter 
	                                                                              
	! NATURE AND FORMAT OF THE OUTPUT	                                            
	ntpr=500,			! Num of Timesteps to Print Readable energy information           
	ntwx=500,				! freq of writing coordinates to the mdcrd file                  
        iwrap=0,			! If iwrap = 1, the coordinates written to the restart and t
			  		! box, may be required to keep the coordinate output from overflowing; I
                                                                               
	! FROZEN OR RESTRAINED ATOMS                                                  
	ntr=1,				! Flag for restraining specified atoms in Cartesian space using a ha
	restraint_wt=5.0,		! The weight (in kcal/mol−Å^2) for the positional restra
	restraintmask='(:1-287 & !@H=)',! String that specifies the restrained atoms w
	                                                                              
	! MOLECULAR DYNAMICS                                                          
	nstlim=5000, 			! Number of MD-steps to be performed. Default 1.              
	dt=0.004,			! time step (psec), 0.004 possible if prmtop parmed with the HMass
	                                                                              
	! TEMPERATURE REGULATION                                                      
	ntt=1,				! Specifies temperature scaling. =0: Constant total energy, assuming
	temp0=200.0,			! Reference temperature at which the system is to be kept, if n
	tautp=0.1,			! Specifies the time constant (in ps) when ntt = 1. Values should
                                                                               
	! PRESSURE REGULATION                                                         
	ntp=1,				! Flag for constant pressure dynamics. =0 No pressure scaling (Defau
	taup=0.1,			! Specifies the pressure relaxation time when nto> 0. Recommended 
	                                                                              
	! SHAKE BOND LENGTH CONTRAINTS                                                
	ntc=2,				! Flag for SHAKE to perform bond length constraints. =1 SHAKE is not
					! = 3 all bonds are constrained (not available for parallel or qmmm runs i
	                                                                              
	! GENERIC PARAMETERS                                                          
	ntf=2,				! Force evaluation. If SHAKE is used (see NTC), it is not necessary 
					! = 1 complete interaction is calculated (default)                        
					! = 2 bond interactions involving H-atoms omitted (use with NTC=2)        
					! = 3 all the bond interactions are omitted (use with NTC=3)              
	ntb=2,				! Flag for periodic boundaries. = 0 no periodicity is applied and PM
					! = 1 constant volume (default when igb and ntp are both 0, which are thei
					! = 2 constant pressure (default when ntp > 0)                            
	dielc=1.0,			! Dielectric multiplicative constant for the electrostatic intera
	cut=8.5,			! Flag that specifies the nonbonded cutoff in Angstrom             
 &end                                                                          
eof                                                                            


Note: ig = -1. Setting random seed to   327514 based on wallclock time in 
      microseconds.
| irandom = 1, using AMBER's internal random number generator (default).
 
|--------------------- INFORMATION ----------------------
| GPU (CUDA) Version of PMEMD in use: NVIDIA GPU IN USE.
|                    Version 18.0.0
| 
|                      03/25/2018
| 
| Implementation by:
|                    Ross C. Walker     (SDSC)
|                    Scott Le Grand     (nVIDIA)
| 
| Version 18 performance extensions by:
|                    David Cerutti     (Rutgers)
| 
| Precision model in use:
|      [SPFP] - Single Precision Forces, 64-bit Fixed Point
|               Accumulation. (Default)
| 
|--------------------------------------------------------
 
|----------------- CITATION INFORMATION -----------------
|
|    When publishing work that utilized the CUDA version
|    of AMBER, please cite the following in addition to
|    the regular AMBER citations:
|
|  - Romelia Salomon-Ferrer; Andreas W. Goetz; Duncan
|    Poole; Scott Le Grand; Ross C. Walker "Routine
|    microsecond molecular dynamics simulations with
|    AMBER - Part II: Particle Mesh Ewald", J. Chem.
|    Theory Comput., 2013, 9 (9), pp3878-3888,
|    DOI: 10.1021/ct400314y.
|
|  - Andreas W. Goetz; Mark J. Williamson; Dong Xu;
|    Duncan Poole; Scott Le Grand; Ross C. Walker
|    "Routine microsecond molecular dynamics simulations
|    with AMBER - Part I: Generalized Born", J. Chem.
|    Theory Comput., 2012, 8 (5), pp1542-1555.
|
|  - Scott Le Grand; Andreas W. Goetz; Ross C. Walker
|    "SPFP: Speed without compromise - a mixed precision
|    model for GPU accelerated molecular dynamics
|    simulations.", Comp. Phys. Comm., 2013, 184
|    pp374-380, DOI: 10.1016/j.cpc.2012.09.022
|
|--------------------------------------------------------
 
|------------------- GPU DEVICE INFO --------------------
|
|            CUDA_VISIBLE_DEVICES: not set
|   CUDA Capable Devices Detected:      1
|           CUDA Device ID in use:      0
|                CUDA Device Name: NVIDIA GeForce RTX 3070
|     CUDA Device Global Mem Size:   7965 MB
| CUDA Device Num Multiprocessors:     46
|           CUDA Device Core Freq:   1.75 GHz
|
|--------------------------------------------------------
 
 
| Conditional Compilation Defines Used:
| PUBFFT
| BINTRAJ
| CUDA
| EMIL

| Largest sphere to fit in unit cell has radius =    26.248

| New format PARM file being parsed.
| Version =    1.000 Date = 12/01/23 Time = 13:20:53

| Note: 1-4 EEL scale factors are being read from the topology file.

| Note: 1-4 VDW scale factors are being read from the topology file.
| Duplicated    0 dihedrals

| Duplicated    0 dihedrals

--------------------------------------------------------------------------------
   1.  RESOURCE   USE: 
--------------------------------------------------------------------------------

 getting box info from netcdf restart file
 NATOM  =   26538 NTYPES =      19 NBONH =   19446 MBONA  =    7080
 NTHETH =    2012 MTHETA =    1194 NPHIH =    3991 MPHIA  =    3764
 NHPARM =       0 NPARM  =       0 NNB   =   53013 NRES   =    6325
 NBONA  =    7080 NTHETA =    1194 NPHIA =    3764 NUMBND =      69
 NUMANG =     156 NPTRA  =     206 NATYP =      38 NPHB   =       1
 IFBOX  =       2 NMXRS  =      26 IFCAP =       0 NEXTRA =    6188
 NCOPY  =       0

| Coordinate Index Table dimensions:    12   12   12
| Direct force subcell size =     5.3578    5.3578    5.3578

     BOX TYPE: TRUNCATED OCTAHEDRON

--------------------------------------------------------------------------------
   2.  CONTROL  DATA  FOR  THE  RUN
--------------------------------------------------------------------------------

default_name                                                                    

General flags:
     imin    =       0, nmropt  =       0

Nature and format of input:
     ntx     =       5, irest   =       1, ntrx    =       1

Nature and format of output:
     ntxo    =       2, ntpr    =     500, ntrx    =       1, ntwr    =    5000
     iwrap   =       0, ntwx    =     500, ntwv    =       0, ntwe    =       0
     ioutfm  =       1, ntwprt  =       0, idecomp =       0, rbornstat=      0

Potential function:
     ntf     =       2, ntb     =       2, igb     =       0, nsnb    =      25
     ipol    =       0, gbsa    =       0, iesp    =       0
     dielc   =   1.00000, cut     =   8.50000, intdiel =   1.00000

Frozen or restrained atoms:
     ibelly  =       0, ntr     =       1
     restraint_wt =   5.00000

Molecular dynamics:
     nstlim  =      5000, nscm    =         0, nrespa  =         1
     t       =   0.00000, dt      =   0.00400, vlimit  =  -1.00000

Berendsen (weak-coupling) temperature regulation:
     temp0   = 200.00000, tempi   =   0.00000, tautp   =   0.10000

Pressure regulation:
     ntp     =       1
     pres0   =   1.00000, comp    =  44.60000, taup    =   0.10000

SHAKE:
     ntc     =       2, jfastw  =       0
     tol     =   0.00001

| Intermolecular bonds treatment:
|     no_intermolecular_bonds =       1

| Energy averages sample interval:
|     ene_avg_sampling =     500

Extra-points options:
     frameon =       1, chngmask=       1

Ewald parameters:
     verbose =       0, ew_type =       0, nbflag  =       1, use_pme =       1
     vdwmeth =       1, eedmeth =       1, netfrc  =       1
     Box X =   64.294   Box Y =   64.294   Box Z =   64.294
     Alpha =  109.471   Beta  =  109.471   Gamma =  109.471
     NFFT1 =   64       NFFT2 =   64       NFFT3 =   64
     Cutoff=    8.500   Tol   =0.100E-04
     Ewald Coefficient =  0.32692
     Interpolation order =    4

    LOADING THE CONSTRAINED ATOMS AS GROUPS


   5.  REFERENCE ATOM COORDINATES

  default_name                                                                    
     Mask (:1-287 & !@H=); matches  1204 atoms
|      EXTRA_PTS, trim_bonds: num bonds BEFORE trim = 19446     0
|      EXTRA_PTS, trim_bonds: num bonds AFTER  trim = 19446     0
|      EXTRA_PTS, trim_bonds: num bonds BEFORE trim =  7080     0
|      EXTRA_PTS, trim_bonds: num bonds AFTER  trim =   892     0
|      EXTRA_PTS, trim_theta: num angle BEFORE trim =  2012     0
|      EXTRA_PTS, trim_theta: num angle AFTER  trim =  2012     0
|      EXTRA_PTS, trim_theta: num angle BEFORE trim =  1194     0
|      EXTRA_PTS, trim_theta: num angle AFTER  trim =  1194     0
|      EXTRA_PTS, trim_phi:  num diheds BEFORE trim =  3991     0
|      EXTRA_PTS, trim_phi:  num diheds AFTER  trim =  3991     0
|      EXTRA_PTS, trim_phi:  num diheds BEFORE trim =  3764     0
|      EXTRA_PTS, trim_phi:  num diheds AFTER  trim =  3764     0

--------------------------------------------------------------------------------
   3.  ATOMIC COORDINATES AND VELOCITIES
--------------------------------------------------------------------------------

default_name                                                                    
 begin time read from input coords =    20.000 ps

 
 Number of triangulated 3-point waters found:     6188

     Sum of charges from parm topology file =   0.00003388
     Forcing neutrality...

| Dynamic Memory, Types Used:
| Reals             1270645
| Integers          1711411

| Nonbonded Pairs Initial Allocation:     5199042

| GPU memory information (estimate):
| KB of GPU memory in use:    111379
| KB of CPU memory in use:     47066

--------------------------------------------------------------------------------
   4.  RESULTS
--------------------------------------------------------------------------------


 NSTEP =      500   TIME(PS) =      22.000  TEMP(K) =   195.84  PRESS =   223.0
 Etot   =    -78613.4948  EKtot   =      8095.4648  EPtot      =    -86708.9596
 BOND   =       207.8245  ANGLE   =       729.8603  DIHED      =      1498.2494
 1-4 NB =       460.3554  1-4 EEL =      4988.7076  VDWAALS    =     13893.7152
 EELEC  =   -109883.8819  EHBOND  =         0.0000  RESTRAINT  =      1396.2099
 EAMBER (non-restraint)  =    -88105.1695
 EKCMT  =      4026.5203  VIRIAL  =      3022.4758  VOLUME     =    208487.6283
                                                    Density    =         0.9940
 ------------------------------------------------------------------------------


 NSTEP =     1000   TIME(PS) =      24.000  TEMP(K) =   200.35  PRESS =    75.6
 Etot   =    -78930.2125  EKtot   =      8282.1455  EPtot      =    -87212.3580
 BOND   =       265.4753  ANGLE   =       771.1327  DIHED      =      1448.4242
 1-4 NB =       428.7129  1-4 EEL =      4989.8142  VDWAALS    =     13492.3937
 EELEC  =   -109249.8286  EHBOND  =         0.0000  RESTRAINT  =       641.5176
 EAMBER (non-restraint)  =    -87853.8756
 EKCMT  =      3820.5812  VIRIAL  =      3484.4746  VOLUME     =    206028.0196
                                                    Density    =         1.0059
 ------------------------------------------------------------------------------


 NSTEP =     1500   TIME(PS) =      26.000  TEMP(K) =   202.07  PRESS =   -69.4
 Etot   =    -79380.8583  EKtot   =      8352.9092  EPtot      =    -87733.7675
 BOND   =       254.9717  ANGLE   =       731.1508  DIHED      =      1425.4041
 1-4 NB =       422.6711  1-4 EEL =      4999.0605  VDWAALS    =     13448.9451
 EELEC  =   -109573.3722  EHBOND  =         0.0000  RESTRAINT  =       557.4014
 EAMBER (non-restraint)  =    -88291.1689
 EKCMT  =      3887.8097  VIRIAL  =      4194.7770  VOLUME     =    204942.2938
                                                    Density    =         1.0112
 ------------------------------------------------------------------------------


 NSTEP =     2000   TIME(PS) =      28.000  TEMP(K) =   201.99  PRESS =   -43.6
 Etot   =    -79579.4552  EKtot   =      8349.7832  EPtot      =    -87929.2384
 BOND   =       267.2270  ANGLE   =       682.4455  DIHED      =      1403.7989
 1-4 NB =       438.2185  1-4 EEL =      4982.5000  VDWAALS    =     13419.5343
 EELEC  =   -109629.9928  EHBOND  =         0.0000  RESTRAINT  =       507.0301
 EAMBER (non-restraint)  =    -88436.2685
 EKCMT  =      3830.1014  VIRIAL  =      4023.0261  VOLUME     =    204971.2163
                                                    Density    =         1.0111
 ------------------------------------------------------------------------------


 NSTEP =     2500   TIME(PS) =      30.000  TEMP(K) =   199.15  PRESS =    22.1
 Etot   =    -79802.0657  EKtot   =      8232.2734  EPtot      =    -88034.3392
 BOND   =       253.7649  ANGLE   =       701.3147  DIHED      =      1402.2758
 1-4 NB =       415.0740  1-4 EEL =      5024.6687  VDWAALS    =     13434.8109
 EELEC  =   -109782.1281  EHBOND  =         0.0000  RESTRAINT  =       515.8799
 EAMBER (non-restraint)  =    -88550.2190
 EKCMT  =      3784.8125  VIRIAL  =      3687.5136  VOLUME     =    203820.8628
                                                    Density    =         1.0168
 ------------------------------------------------------------------------------


 NSTEP =     3000   TIME(PS) =      32.000  TEMP(K) =   201.22  PRESS =    10.6
 Etot   =    -79914.6458  EKtot   =      8317.9004  EPtot      =    -88232.5462
 BOND   =       249.6448  ANGLE   =       653.4289  DIHED      =      1402.6589
 1-4 NB =       432.6328  1-4 EEL =      5008.7290  VDWAALS    =     13672.3712
 EELEC  =   -110137.4360  EHBOND  =         0.0000  RESTRAINT  =       485.4240
 EAMBER (non-restraint)  =    -88717.9702
 EKCMT  =      3815.4252  VIRIAL  =      3768.8950  VOLUME     =    203676.1319
                                                    Density    =         1.0175
 ------------------------------------------------------------------------------


 NSTEP =     3500   TIME(PS) =      34.000  TEMP(K) =   200.68  PRESS =    68.4
 Etot   =    -79985.1397  EKtot   =      8295.5410  EPtot      =    -88280.6807
 BOND   =       247.1515  ANGLE   =       667.0270  DIHED      =      1408.7600
 1-4 NB =       423.7268  1-4 EEL =      4999.4034  VDWAALS    =     13617.3213
 EELEC  =   -110144.2146  EHBOND  =         0.0000  RESTRAINT  =       500.1439
 EAMBER (non-restraint)  =    -88780.8246
 EKCMT  =      3848.7282  VIRIAL  =      3547.6243  VOLUME     =    203929.9211
                                                    Density    =         1.0162
 ------------------------------------------------------------------------------


 NSTEP =     4000   TIME(PS) =      36.000  TEMP(K) =   200.43  PRESS =   -11.1
 Etot   =    -80068.3701  EKtot   =      8285.2500  EPtot      =    -88353.6201
 BOND   =       254.0607  ANGLE   =       664.7261  DIHED      =      1402.7935
 1-4 NB =       423.1850  1-4 EEL =      4976.0985  VDWAALS    =     13655.3784
 EELEC  =   -110244.6580  EHBOND  =         0.0000  RESTRAINT  =       514.7957
 EAMBER (non-restraint)  =    -88868.4158
 EKCMT  =      3854.7348  VIRIAL  =      3903.8006  VOLUME     =    204057.1648
                                                    Density    =         1.0156
 ------------------------------------------------------------------------------


 NSTEP =     4500   TIME(PS) =      38.000  TEMP(K) =   198.67  PRESS =    78.5
 Etot   =    -80118.6589  EKtot   =      8212.6465  EPtot      =    -88331.3054
 BOND   =       238.0923  ANGLE   =       689.1914  DIHED      =      1407.1124
 1-4 NB =       411.4980  1-4 EEL =      4971.4083  VDWAALS    =     13599.4811
 EELEC  =   -110189.5287  EHBOND  =         0.0000  RESTRAINT  =       541.4398
 EAMBER (non-restraint)  =    -88872.7451
 EKCMT  =      3805.6907  VIRIAL  =      3460.7562  VOLUME     =    203634.2637
                                                    Density    =         1.0177
 ------------------------------------------------------------------------------


 NSTEP =     5000   TIME(PS) =      40.000  TEMP(K) =   199.35  PRESS =    73.1
 Etot   =    -80221.6821  EKtot   =      8240.6113  EPtot      =    -88462.2934
 BOND   =       237.2556  ANGLE   =       629.3571  DIHED      =      1398.1448
 1-4 NB =       422.0303  1-4 EEL =      4970.4408  VDWAALS    =     13490.5805
 EELEC  =   -110112.4696  EHBOND  =         0.0000  RESTRAINT  =       502.3673
 EAMBER (non-restraint)  =    -88964.6607
 EKCMT  =      3818.2701  VIRIAL  =      3495.9734  VOLUME     =    204228.8885
                                                    Density    =         1.0148
 ------------------------------------------------------------------------------


      A V E R A G E S   O V E R      10 S T E P S


 NSTEP =     5000   TIME(PS) =      40.000  TEMP(K) =   199.97  PRESS =    42.7
 Etot   =    -79661.4583  EKtot   =      8266.4525  EPtot      =    -87927.9108
 BOND   =       247.5468  ANGLE   =       691.9635  DIHED      =      1419.7622
 1-4 NB =       427.8105  1-4 EEL =      4991.0831  VDWAALS    =     13572.4532
 EELEC  =   -109894.7511  EHBOND  =         0.0000  RESTRAINT  =       616.2209
 EAMBER (non-restraint)  =    -88544.1318
 EKCMT  =      3849.2674  VIRIAL  =      3658.9317  VOLUME     =    204777.6391
                                                    Density    =         1.0121
 ------------------------------------------------------------------------------


      R M S  F L U C T U A T I O N S


 NSTEP =     5000   TIME(PS) =      40.000  TEMP(K) =     1.75  PRESS =    78.0
 Etot   =       509.4618  EKtot   =        72.4426  EPtot      =       537.9264
 BOND   =        16.1947  ANGLE   =        40.2411  DIHED      =        29.8379
 1-4 NB =        13.1064  1-4 EEL =        16.4040  VDWAALS    =       139.1077
 EELEC  =       313.0442  EHBOND  =         0.0000  RESTRAINT  =       263.4193
 EAMBER (non-restraint)  =       274.5071
 EKCMT  =        65.0262  VIRIAL  =       317.2214  VOLUME     =      1427.1278
                                                    Density    =         0.0070
 ------------------------------------------------------------------------------

--------------------------------------------------------------------------------
   5.  TIMINGS
--------------------------------------------------------------------------------

|  NonSetup CPU Time in Major Routines:
|
|     Routine           Sec        %
|     ------------------------------
|     Nonbond           2.99   83.27
|     Bond              0.00    0.00
|     Angle             0.00    0.00
|     Dihedral          0.00    0.00
|     Shake             0.01    0.20
|     RunMD             0.59   16.46
|     Other             0.00    0.08
|     ------------------------------
|     Total             3.59

|  PME Nonbond Pairlist CPU Time:
|
|     Routine              Sec        %
|     ---------------------------------
|     Set Up Cit           0.00    0.00
|     Build List           0.00    0.00
|     ---------------------------------
|     Total                0.00    0.00

|  PME Direct Force CPU Time:
|
|     Routine              Sec        %
|     ---------------------------------
|     NonBonded Calc       0.00    0.00
|     Exclude Masked       0.00    0.00
|     Other                0.00    0.05
|     ---------------------------------
|     Total                0.00    0.05

|  PME Reciprocal Force CPU Time:
|
|     Routine              Sec        %
|     ---------------------------------
|     1D bspline           0.00    0.00
|     Grid Charges         0.00    0.00
|     Scalar Sum           0.00    0.00
|     Gradient Sum         0.00    0.00
|     FFT                  0.00    0.00
|     ---------------------------------
|     Total                0.00    0.00

|  Final Performance Info:
|     -----------------------------------------------------
|     Average timings for last    4500 steps:
|     Elapsed(s) =       3.21 Per Step(ms) =       0.71
|         ns/day =     484.41   seconds/ns =     178.36
|
|     Average timings for all steps:
|     Elapsed(s) =       3.59 Per Step(ms) =       0.72
|         ns/day =     481.32   seconds/ns =     179.51
|     -----------------------------------------------------

|  Setup CPU time:            0.86 seconds
|  NonSetup CPU time:         3.59 seconds
|  Total CPU time:            4.45 seconds     0.00 hours

|  Setup wall time:           1    seconds
|  NonSetup wall time:        4    seconds
|  Total wall time:           5    seconds     0.00 hours
