# Replica Exchange log file
# numexchg is         50
# REMD filenames:
#   remlog= rem.log
#   remtype= rem.type
# Rep#, Neibr#, Temp0, PotE(x_1), PotE(x_2), left_fe, right_fe, Success, Success rate (i,i+1)
# exchange        1
     1     8    300.00 -80847.31 -80847.31   -169.14      0.00    T        0.00
     2     3    300.00 -80844.70 -80844.70      0.00     -7.06    T        2.00
     3     2    300.00 -80837.64 -80837.64      7.06      0.00    T        0.00
     4     5    300.00 -80825.95 -80825.95      0.00    -13.87    T        2.00
     5     4    300.00 -80812.08 -80812.08     13.87      0.00    T        0.00
     6     7    300.00 -80795.88 -80795.88      0.00    -29.94    T        2.00
     7     6    300.00 -80765.94 -80765.94     29.94      0.00    T        0.00
     8     1    300.00 -80678.17 -80678.17      0.00    169.14    T        2.00
# exchange        2
     1     2    300.00 -80685.42 -80829.81   -169.14     -1.59    T        1.00
     2     1    300.00 -80828.27 -80683.83      1.54     -7.06    T        1.00
     3     4    300.00 -80705.00 -80760.47      7.06     -7.50    F        0.00
     4     3    300.00 -80755.76 -80697.50      4.71    -13.87    F        1.00
     5     6    300.00 -80941.20 -80587.64     13.87     -4.55    F        0.00
     6     5    300.00 -80584.26 -80936.65      3.39    -29.94    F        1.00
     7     8    300.00 -80743.10 -80697.49     29.94    -16.08    F        0.00
     8     7    300.00 -80690.67 -80727.02      6.82    169.14    F        1.00
# exchange        3
     1     8    300.00 -80697.23 -80527.28   -104.71     -1.59    F        0.67
     2     3    300.00 -80893.21 -80761.26      1.54     -3.06    T        1.33
     3     2    300.00 -80756.75 -80890.56      6.65     -7.50    T        0.00
     4     5    300.00 -80678.12 -80741.59      4.71     -4.88    F        0.67
     5     4    300.00 -80737.63 -80673.66     13.46     -4.55    F        0.00
     6     7    300.00 -80752.53 -80640.86      3.39     -5.07    F        0.67
     7     6    300.00 -80638.10 -80747.88     29.53    -16.08    F        0.00
     8     1    300.00 -80517.20 -80592.93      6.82    168.72    F        0.67
# exchange        4
     1     2    300.00 -80642.92 -80906.30   -104.71     -1.54    T        1.00
     2     1    300.00 -80904.97 -80641.42      1.44     -3.06    T        1.00
     3     4    300.00 -80847.77 -80777.17      6.65     -4.53    F        0.00
     4     3    300.00 -80774.75 -80843.65      4.31     -4.88    F        0.50
     5     6    300.00 -80824.73 -80767.45     13.46     -4.29    F        0.00
     6     5    300.00 -80765.12 -80820.62      3.07     -5.07    F        0.50
     7     8    300.00 -80694.65 -80831.79     29.53    -12.43    F        0.00
     8     7    300.00 -80828.49 -80682.63      6.41    168.72    F        0.50
# exchange        5
     1     8    300.00 -80792.36 -80888.93   -104.95     -1.54    F        0.80
     2     3    300.00 -80828.73 -80885.83      1.44     -3.30    F        0.80
     3     2    300.00 -80883.16 -80823.52      6.41     -4.53    F        0.00
     4     5    300.00 -80646.69 -80856.07      4.31     -3.65    T        0.80
     5     4    300.00 -80852.41 -80643.64     13.22     -4.29    T        0.00
     6     7    300.00 -80858.46 -80731.19      3.07     -5.14    T        0.80
     7     6    300.00 -80728.17 -80853.14     29.29    -12.43    T        0.00
     8     1    300.00 -80878.56 -80655.42      6.41    168.48    F        0.40
# exchange        6
     1     2    300.00 -80861.30 -80980.66   -104.95     -1.66    T        1.00
     2     1    300.00 -80979.23 -80859.27      1.44     -3.30    T        0.67
     3     4    300.00 -80781.89 -80948.81      6.41     -4.22    F        0.00
     4     3    300.00 -80946.45 -80778.02      4.08     -3.65    F        0.67
     5     6    300.00 -80852.19 -80897.47     13.22     -4.06    F        0.00
     6     5    300.00 -80894.40 -80848.43      3.07     -5.14    F        0.67
     7     8    300.00 -80667.21 -80886.99     29.29    -11.63    F        0.00
     8     7    300.00 -80882.53 -80656.12      6.18    168.48    F        0.33
# exchange        7
     1     8    300.00 -81007.45 -80965.85    -75.30     -1.66    F        0.86
     2     3    300.00 -81001.95 -81031.98      1.44     -3.28    F        0.57
     3     2    300.00 -81029.69 -80998.71      6.24     -4.22    F        0.00
     4     5    300.00 -80932.15 -81015.19      4.08     -3.69    T        0.86
     5     4    300.00 -81010.72 -80928.33     13.05     -4.06    T        0.00
     6     7    300.00 -80727.25 -80692.75      3.07     -5.17    F        0.57
     7     6    300.00 -80689.83 -80721.96     29.12    -11.63    F        0.00
     8     1    300.00 -80960.70 -80932.98      6.18    168.31    F        0.29
# exchange        8
     1     2    300.00 -80945.56 -80826.08    -75.30     -1.71    F        0.75
     2     1    300.00 -80824.63 -80943.68      1.44     -3.28    F        0.50
     3     4    300.00 -80857.06 -80651.66      6.24     -4.16    T        0.25
     4     3    300.00 -80647.78 -80853.05      4.03     -3.69    T        0.75
     5     6    300.00 -80849.12 -80950.78     13.05     -3.83    T        0.25
     6     5    300.00 -80947.66 -80845.69      3.08     -5.17    T        0.50
     7     8    300.00 -80615.67 -80710.10     29.12    -11.69    F        0.00
     8     7    300.00 -80704.24 -80603.74      6.11    168.31    F        0.25
# exchange        9
     1     8    300.00 -80676.77 -80716.37    -75.43     -1.71    F        0.67
     2     3    300.00 -80760.53 -80609.17      1.44     -3.33    F        0.44
     3     2    300.00 -80607.10 -80756.96      6.11     -4.16    F        0.22
     4     5    300.00 -80939.67 -81041.34      4.03     -3.80    F        0.67
     5     4    300.00 -81039.00 -80934.77     12.91     -3.83    F        0.22
     6     7    300.00 -80930.80 -80867.23      3.08     -4.95    F        0.44
     7     6    300.00 -80864.97 -80926.34     28.98    -11.69    F        0.00
     8     1    300.00 -80710.27 -80562.84      6.11    168.18    F        0.22
# exchange       10
     1     2    300.00 -80743.52 -80717.37    -75.43     -1.59    T        0.80
     2     1    300.00 -80716.11 -80742.26      1.41     -3.33    T        0.40
     3     4    300.00 -80776.70 -80926.87      6.11     -3.96    T        0.40
     4     3    300.00 -80922.15 -80773.19      4.25     -3.80    T        0.60
     5     6    300.00 -81109.72 -80774.83     12.91     -3.55    F        0.20
     6     5    300.00 -80773.06 -81106.71      2.97     -4.95    F        0.40
     7     8    300.00 -80717.82 -80708.93     28.98    -11.50    F        0.00
     8     7    300.00 -80705.00 -80706.75      5.98    168.18    F        0.20
# exchange       11
     1     8    300.00 -80658.77 -80975.65    -75.54     -1.59    F        0.73
     2     3    300.00 -80879.49 -80739.74      1.41     -3.32    F        0.36
     3     2    300.00 -80738.90 -80876.24      6.00     -3.96    F        0.36
     4     5    300.00 -80926.45 -80810.45      4.25     -3.77    F        0.55
     5     4    300.00 -80808.34 -80922.83     12.80     -3.55    F        0.18
     6     7    300.00 -80867.66 -80565.60      2.97     -4.13    T        0.55
     7     6    300.00 -80562.62 -80864.45     28.88    -11.50    T        0.00
     8     1    300.00 -80970.40 -80579.83      5.98    168.07    F        0.18
# exchange       12
     1     2    300.00 -80700.06 -80418.42    -75.54     -1.61    T        0.83
     2     1    300.00 -80417.03 -80698.36      1.41     -3.32    T        0.33
     3     4    300.00 -80662.39 -80912.50      6.00     -3.73    T        0.50
     4     3    300.00 -80909.29 -80659.22      4.16     -3.77    T        0.50
     5     6    300.00 -80823.75 -80819.97     12.80     -3.58    F        0.17
     6     5    300.00 -80817.20 -80819.98      2.94     -4.13    F        0.50
     7     8    300.00 -80900.07 -81080.62     28.88     -9.20    F        0.00
     8     7    300.00 -81076.38 -80891.93      5.88    168.07    F        0.17
# exchange       13
     1     8    300.00 -80839.64 -80968.30    -75.63     -1.61    F        0.77
     2     3    300.00 -80650.20 -80715.11      1.41     -3.21    F        0.31
     3     2    300.00 -80714.69 -80647.40      5.91     -3.73    F        0.46
     4     5    300.00 -80577.03 -80944.15      4.16     -3.85    F        0.46
     5     4    300.00 -80941.60 -80572.12     12.71     -3.58    F        0.15
     6     7    300.00 -80926.56 -80914.48      2.94     -3.97    T        0.62
     7     6    300.00 -80908.70 -80923.12     28.78     -9.20    T        0.00
     8     1    300.00 -80959.19 -80729.77      5.88    167.98    F        0.15
# exchange       14
     1     2    300.00 -80516.44 -80831.08    -75.63     -1.59    T        0.86
     2     1    300.00 -80829.56 -80514.96      1.42     -3.21    T        0.29
     3     4    300.00 -80693.16 -80827.58      5.91     -3.76    F        0.43
     4     3    300.00 -80823.63 -80689.17      4.14     -3.85    F        0.43
     5     6    300.00 -80860.05 -81007.85     12.71     -3.60    F        0.14
     6     5    300.00 -81006.05 -80856.33      2.86     -3.97    F        0.57
     7     8    300.00 -80945.19 -81043.55     28.78     -9.28    F        0.00
     8     7    300.00 -81039.14 -80934.56      5.80    167.98    F        0.14
# exchange       15
     1     8    300.00 -81028.49 -80865.53    -75.71     -1.59    F        0.80
     2     3    300.00 -80767.42 -80730.16      1.42     -3.11    F        0.27
     3     2    300.00 -80728.94 -80764.76      5.83     -3.76    F        0.40
     4     5    300.00 -80699.29 -80947.95      4.14     -3.84    F        0.40
     5     4    300.00 -80946.06 -80695.49     12.63     -3.60    F        0.13
     6     7    300.00 -80900.74 -80707.38      2.86     -4.02    F        0.53
     7     6    300.00 -80704.69 -80896.06     28.70     -9.28    F        0.00
     8     1    300.00 -80857.35 -80933.96      5.80    167.90    F        0.13
# exchange       16
     1     2    300.00 -80995.41 -80837.54    -75.71     -1.57    T        0.88
     2     1    300.00 -80836.48 -80993.92      1.39     -3.11    T        0.25
     3     4    300.00 -80727.48 -80987.99      5.83     -3.65    T        0.50
     4     3    300.00 -80983.60 -80724.29      4.17     -3.84    T        0.38
     5     6    300.00 -81169.33 -80985.37     12.63     -3.21    T        0.25
     6     5    300.00 -80982.14 -81166.99      2.92     -4.02    T        0.50
     7     8    300.00 -80899.85 -80830.02     28.70     -8.78    F        0.00
     8     7    300.00 -80827.05 -80892.03      5.72    167.90    F        0.12
# exchange       17
     1     8    300.00 -80969.72 -80871.30    -75.73     -1.57    F        0.82
     2     3    300.00 -81064.05 -80783.18      1.39     -3.06    T        0.35
     3     2    300.00 -80780.04 -81061.29      5.76     -3.65    T        0.47
     4     5    300.00 -80650.34 -80934.04      4.17     -3.81    F        0.35
     5     4    300.00 -80931.35 -80646.72     12.56     -3.21    F        0.24
     6     7    300.00 -81074.53 -80725.74      2.92     -4.07    F        0.47
     7     6    300.00 -80722.24 -81069.70     28.63     -8.78    F        0.00
     8     1    300.00 -80863.78 -80893.75      5.72    167.83    F        0.12
# exchange       18
     1     2    300.00 -81044.67 -80923.42    -75.73     -1.53    T        0.89
     2     1    300.00 -80922.33 -81043.43      1.36     -3.06    T        0.33
     3     4    300.00 -80930.67 -80719.33      5.76     -3.71    F        0.44
     4     3    300.00 -80717.32 -80925.96      4.10     -3.81    F        0.33
     5     6    300.00 -80793.57 -80850.85     12.56     -3.19    F        0.22
     6     5    300.00 -80849.19 -80790.53      2.86     -4.07    F        0.44
     7     8    300.00 -80967.72 -80682.43     28.63     -8.85    F        0.00
     8     7    300.00 -80678.60 -80956.23      5.65    167.83    F        0.11
# exchange       19
     1     8    300.00 -81009.64 -80854.58    -62.72     -1.53    F        0.84
     2     3    300.00 -81161.38 -80805.46      1.36     -3.01    F        0.32
     3     2    300.00 -80803.61 -81158.70      5.69     -3.71    F        0.42
     4     5    300.00 -80747.46 -80859.31      4.10     -3.57    T        0.42
     5     4    300.00 -80855.69 -80744.70     12.50     -3.19    T        0.21
     6     7    300.00 -80852.62 -80889.60      2.86     -4.05    T        0.53
     7     6    300.00 -80886.50 -80848.76     28.57     -8.85    T        0.00
     8     1    300.00 -80848.27 -80948.29      5.65    167.76    F        0.11
# exchange       20
     1     2    300.00 -80827.77 -80849.81    -62.72     -1.47    T        0.90
     2     1    300.00 -80848.87 -80826.63      1.33     -3.01    T        0.30
     3     4    300.00 -80841.32 -80709.87      5.69     -3.75    F        0.40
     4     3    300.00 -80707.00 -80837.11      4.05     -3.57    F        0.40
     5     6    300.00 -80798.00 -80732.73     12.50     -3.08    F        0.20
     6     5    300.00 -80731.17 -80795.47      2.80     -4.05    F        0.50
     7     8    300.00 -80790.68 -80804.23     28.57     -8.91    F        0.00
     8     7    300.00 -80800.01 -80777.57      5.60    167.76    F        0.10
# exchange       21
     1     8    300.00 -80575.33 -80690.00    -62.78     -1.47    F        0.86
     2     3    300.00 -80671.64 -80911.40      1.33     -2.85    T        0.38
     3     2    300.00 -80909.26 -80669.51      5.64     -3.75    T        0.38
     4     5    300.00 -80886.32 -80736.58      4.05     -3.51    F        0.38
     5     4    300.00 -80734.57 -80883.25     12.44     -3.08    F        0.19
     6     7    300.00 -80796.76 -80748.98      2.80     -4.03    F        0.48
     7     6    300.00 -80745.81 -80792.91     28.51     -8.91    F        0.00
     8     1    300.00 -80686.10 -80482.86      5.60    167.71    F        0.10
# exchange       22
     1     2    300.00 -80451.19 -80707.07    -62.78     -1.42    T        0.91
     2     1    300.00 -80705.81 -80450.15      1.32     -2.85    T        0.36
     3     4    300.00 -80863.61 -81077.20      5.64     -3.79    F        0.36
     4     3    300.00 -81074.46 -80859.08      4.00     -3.51    F        0.36
     5     6    300.00 -80977.73 -80694.79     12.44     -3.03    T        0.27
     6     5    300.00 -80692.56 -80975.08      2.77     -4.03    T        0.45
     7     8    300.00 -80834.09 -80932.78     28.51     -8.84    F        0.00
     8     7    300.00 -80929.52 -80825.70      5.54    167.71    F        0.09
# exchange       23
     1     8    300.00 -80776.65 -80755.73    -58.33     -1.42    F        0.87
     2     3    300.00 -80694.64 -80825.07      1.32     -2.72    F        0.35
     3     2    300.00 -80823.61 -80692.59      5.59     -3.79    F        0.35
     4     5    300.00 -80825.82 -80851.58      4.00     -3.40    F        0.35
     5     4    300.00 -80849.30 -80823.02     12.39     -3.03    F        0.26
     6     7    300.00 -80683.52 -81002.46      2.77     -4.05    F        0.43
     7     6    300.00 -80999.86 -80679.11     28.46     -8.84    F        0.00
     8     1    300.00 -80748.56 -80719.80      5.54    167.65    F        0.09
# exchange       24
     1     2    300.00 -80665.55 -80591.34    -58.33     -1.40    F        0.83
     2     1    300.00 -80590.34 -80664.33      1.30     -2.72    F        0.33
     3     4    300.00 -80846.73 -80820.35      5.59     -3.82    F        0.33
     4     3    300.00 -80818.83 -80842.37      3.95     -3.40    F        0.33
     5     6    300.00 -80892.17 -80988.93     12.39     -3.00    T        0.33
     6     5    300.00 -80985.93 -80889.37      2.79     -4.05    T        0.42
     7     8    300.00 -80977.14 -80825.38     28.46     -8.89    F        0.00
     8     7    300.00 -80821.73 -80966.26      5.49    167.65    F        0.08
# exchange       25
     1     8    300.00 -80737.31 -80857.34    -58.38     -1.40    F        0.80
     2     3    300.00 -80690.89 -80926.50      1.30     -2.61    T        0.40
     3     2    300.00 -80923.21 -80688.97      5.54     -3.82    T        0.32
     4     5    300.00 -80742.13 -80901.07      3.95     -3.26    T        0.40
     5     4    300.00 -80899.64 -80739.62     12.34     -3.00    T        0.32
     6     7    300.00 -80877.24 -80771.17      2.79     -3.53    F        0.40
     7     6    300.00 -80769.50 -80874.96     28.41     -8.89    F        0.00
     8     1    300.00 -80853.29 -80661.47      5.49    167.61    F        0.08
# exchange       26
     1     2    300.00 -80659.83 -80700.48    -58.38     -1.39    T        0.85
     2     1    300.00 -80698.96 -80658.51      1.32     -2.61    T        0.38
     3     4    300.00 -80799.77 -80752.43      5.54     -3.40    T        0.38
     4     3    300.00 -80749.79 -80797.52      3.91     -3.26    T        0.38
     5     6    300.00 -80672.34 -80700.68     12.34     -2.96    F        0.31
     6     5    300.00 -80698.68 -80669.73      2.76     -3.53    F        0.38
     7     8    300.00 -80930.67 -80974.92     28.41     -8.80    F        0.00
     8     7    300.00 -80972.06 -80922.44      5.44    167.61    F        0.08
# exchange       27
     1     8    300.00 -80640.02 -80897.36    -58.42     -1.39    F        0.81
     2     3    300.00 -80892.32 -81141.10      1.32     -2.62    F        0.37
     3     2    300.00 -81139.60 -80889.54      5.49     -3.40    F        0.37
     4     5    300.00 -80914.24 -80898.77      3.91     -3.30    F        0.37
     5     4    300.00 -80897.49 -80909.90     12.30     -2.96    F        0.30
     6     7    300.00 -80909.24 -80854.87      2.76     -3.29    T        0.44
     7     6    300.00 -80852.43 -80906.93     28.37     -8.80    T        0.00
     8     1    300.00 -80892.36 -80564.24      5.44    167.56    F        0.07
# exchange       28
     1     2    300.00 -80810.33 -80966.32    -58.42     -1.39    T        0.86
     2     1    300.00 -80965.20 -80808.95      1.31     -2.62    T        0.36
     3     4    300.00 -80954.06 -80776.15      5.49     -3.31    T        0.43
     4     3    300.00 -80773.06 -80951.38      3.87     -3.30    T        0.36
     5     6    300.00 -80982.67 -80864.56     12.30     -2.99    F        0.29
     6     5    300.00 -80862.93 -80978.97      2.72     -3.29    F        0.43
     7     8    300.00 -80833.17 -80821.59     28.37     -8.74    F        0.00
     8     7    300.00 -80817.94 -80824.97      5.40    167.56    F        0.07
# exchange       29
     1     8    300.00 -80702.63 -80751.64    -58.46     -1.39    F        0.83
     2     3    300.00 -80505.58 -80748.82      1.31     -2.62    T        0.41
     3     2    300.00 -80746.59 -80502.95      5.45     -3.31    T        0.41
     4     5    300.00 -80854.47 -80835.33      3.87     -3.24    F        0.34
     5     4    300.00 -80833.00 -80851.75     12.26     -2.99    F        0.28
     6     7    300.00 -80747.21 -80774.88      2.72     -3.31    F        0.41
     7     6    300.00 -80772.34 -80743.54     28.33     -8.74    F        0.00
     8     1    300.00 -80744.38 -80623.34      5.40    167.52    F        0.07
# exchange       30
     1     2    300.00 -80754.48 -80998.33    -58.46     -1.37    T        0.87
     2     1    300.00 -80997.25 -80753.35      1.30     -2.62    T        0.40
     3     4    300.00 -80753.94 -80932.55      5.45     -3.35    F        0.40
     4     3    300.00 -80929.46 -80748.37      3.84     -3.24    F        0.33
     5     6    300.00 -80906.69 -80668.22     12.26     -2.82    T        0.33
     6     5    300.00 -80665.90 -80904.77      2.70     -3.31    T        0.40
     7     8    300.00 -80983.52 -80860.72     28.33     -5.05    T        0.07
     8     7    300.00 -80856.77 -80980.08      5.36    167.52    T        0.07
# exchange       31
     1     8    300.00 -80942.27 -81062.49    -58.50     -1.37    F        0.84
     2     3    300.00 -80735.69 -81061.48      1.30     -2.57    T        0.45
     3     2    300.00 -81058.74 -80733.59      5.42     -3.35    T        0.39
     4     5    300.00 -80863.85 -80897.11      3.84     -3.26    F        0.32
     5     4    300.00 -80894.29 -80859.84     12.22     -2.82    F        0.32
     6     7    300.00 -81056.70 -80785.14      2.70     -3.17    F        0.39
     7     6    300.00 -80783.18 -81054.40     28.29     -5.05    F        0.06
     8     1    300.00 -81057.54 -80857.92      5.36    167.48    F        0.06
# exchange       32
     1     2    300.00 -80805.07 -80913.71    -58.50     -1.35    T        0.88
     2     1    300.00 -80912.44 -80803.94      1.30     -2.57    T        0.44
     3     4    300.00 -80732.22 -80978.98      5.42     -3.38    F        0.38
     4     3    300.00 -80977.32 -80728.19      3.81     -3.26    F        0.31
     5     6    300.00 -80985.85 -81196.10     12.22     -2.77    T        0.38
     6     5    300.00 -81193.30 -80983.56      2.71     -3.17    T        0.38
     7     8    300.00 -80787.49 -80950.56     28.29     -5.09    F        0.06
     8     7    300.00 -80947.29 -80780.00      5.33    167.48    F        0.06
# exchange       33
     1     8    300.00 -81005.56 -80961.03    -58.54     -1.35    F        0.85
     2     3    300.00 -80668.20 -80965.29      1.30     -2.36    T        0.48
     3     2    300.00 -80963.35 -80666.88      5.38     -3.38    T        0.36
     4     5    300.00 -80850.72 -81004.27      3.81     -2.92    T        0.36
     5     4    300.00 -81002.26 -80849.03     12.18     -2.77    T        0.36
     6     7    300.00 -80960.87 -80648.16      2.71     -3.20    F        0.36
     7     6    300.00 -80644.70 -80955.71     28.25     -5.09    F        0.06
     8     1    300.00 -80957.02 -80931.09      5.33    167.45    F        0.06
# exchange       34
     1     2    300.00 -80976.62 -80774.21    -58.54     -1.36    T        0.88
     2     1    300.00 -80772.93 -80975.04      1.29     -2.36    T        0.47
     3     4    300.00 -80719.19 -81022.63      5.38     -3.39    F        0.35
     4     3    300.00 -81020.15 -80715.47      3.77     -2.92    F        0.35
     5     6    300.00 -80643.67 -81026.06     12.18     -2.70    T        0.41
     6     5    300.00 -81023.79 -80641.58      2.69     -3.20    T        0.35
     7     8    300.00 -80912.96 -81050.26     28.25     -5.10    F        0.06
     8     7    300.00 -81048.28 -80907.55      5.29    167.45    F        0.06
# exchange       35
     1     8    300.00 -80839.69 -81041.83    -56.81     -1.36    F        0.86
     2     3    300.00 -80854.51 -80910.40      1.29     -2.38    T        0.51
     3     2    300.00 -80907.39 -80851.48      5.35     -3.39    T        0.34
     4     5    300.00 -80828.81 -80854.59      3.77     -2.90    T        0.40
     5     4    300.00 -80852.31 -80826.17     12.15     -2.70    T        0.40
     6     7    300.00 -80745.66 -80968.84      2.69     -3.20    F        0.34
     7     6    300.00 -80965.86 -80742.44     28.22     -5.10    F        0.06
     8     1    300.00 -81035.45 -80784.57      5.29    167.41    F        0.06
# exchange       36
     1     2    300.00 -80909.50 -80891.17    -56.81     -1.35    T        0.89
     2     1    300.00 -80889.87 -80908.30      1.29     -2.38    T        0.50
     3     4    300.00 -80912.78 -80947.69      5.35     -3.42    F        0.33
     4     3    300.00 -80945.28 -80908.19      3.74     -2.90    F        0.39
     5     6    300.00 -80911.83 -80887.14     12.15     -2.53    T        0.44
     6     5    300.00 -80885.61 -80910.29      2.66     -3.20    T        0.33
     7     8    300.00 -80885.47 -81044.24     28.22     -5.13    F        0.06
     8     7    300.00 -81043.14 -80876.21      5.26    167.41    F        0.06
# exchange       37
     1     8    300.00 -80845.48 -80808.91    -56.85     -1.35    F        0.86
     2     3    300.00 -80831.34 -80787.70      1.29     -2.41    T        0.54
     3     2    300.00 -80785.17 -80828.14      5.31     -3.42    T        0.32
     4     5    300.00 -80981.23 -80932.90      3.74     -2.92    F        0.38
     5     4    300.00 -80931.20 -80977.88     12.12     -2.53    F        0.43
     6     7    300.00 -80819.02 -80700.46      2.66     -3.23    F        0.32
     7     6    300.00 -80697.59 -80814.46     28.19     -5.13    F        0.05
     8     1    300.00 -80804.56 -80786.01      5.26    167.38    F        0.05
# exchange       38
     1     2    300.00 -80961.13 -80853.51    -56.85     -1.33    T        0.89
     2     1    300.00 -80852.28 -80960.16      1.29     -2.41    T        0.53
     3     4    300.00 -80656.33 -80837.63      5.31     -3.44    F        0.32
     4     3    300.00 -80835.14 -80652.28      3.72     -2.92    F        0.37
     5     6    300.00 -80916.09 -80793.11     12.12     -2.54    T        0.47
     6     5    300.00 -80791.08 -80913.31      2.64     -3.23    T        0.32
     7     8    300.00 -80844.89 -81175.62     28.19     -5.17    F        0.05
     8     7    300.00 -81173.20 -80837.11      5.22    167.38    F        0.05
# exchange       39
     1     8    300.00 -80793.28 -80806.52    -56.88     -1.33    F        0.87
     2     3    300.00 -81181.07 -80772.66      1.29     -2.40    T        0.56
     3     2    300.00 -80770.66 -81178.72      5.28     -3.44    T        0.31
     4     5    300.00 -80941.68 -80794.51      3.72     -2.95    F        0.36
     5     4    300.00 -80792.33 -80937.67     12.09     -2.54    F        0.46
     6     7    300.00 -80908.98 -80780.01      2.64     -3.23    F        0.31
     7     6    300.00 -80777.58 -80905.71     28.16     -5.17    F        0.05
     8     1    300.00 -80803.74 -80672.21      5.22    167.35    F        0.05
# exchange       40
     1     2    300.00 -80968.06 -80955.22    -56.88     -1.33    T        0.90
     2     1    300.00 -80954.27 -80966.73      1.28     -2.40    T        0.55
     3     4    300.00 -80798.19 -80992.98      5.28     -3.47    F        0.30
     4     3    300.00 -80989.97 -80793.76      3.69     -2.95    F        0.35
     5     6    300.00 -80983.29 -81083.64     12.09     -2.41    T        0.50
     6     5    300.00 -81080.66 -80981.81      2.66     -3.23    T        0.30
     7     8    300.00 -80833.99 -80878.88     28.16     -5.20    F        0.05
     8     7    300.00 -80877.17 -80824.43      5.19    167.35    F        0.05
# exchange       41
     1     8    300.00 -80919.28 -80729.21    -56.90     -1.33    F        0.88
     2     3    300.00 -80698.32 -80819.87      1.28     -2.42    F        0.54
     3     2    300.00 -80818.03 -80695.38      5.25     -3.47    F        0.29
     4     5    300.00 -80818.19 -80941.97      3.69     -2.93    T        0.39
     5     4    300.00 -80939.47 -80815.54     12.06     -2.41    T        0.49
     6     7    300.00 -80995.45 -80767.84      2.66     -3.15    T        0.34
     7     6    300.00 -80765.26 -80993.07     28.13     -5.20    T        0.05
     8     1    300.00 -80726.66 -80843.51      5.19    167.32    F        0.05
# exchange       42
     1     2    300.00 -80762.54 -80889.58    -56.90     -1.33    T        0.90
     2     1    300.00 -80888.30 -80761.17      1.28     -2.42    T        0.52
     3     4    300.00 -81024.90 -80982.10      5.25     -3.49    F        0.29
     4     3    300.00 -80980.53 -81020.82      3.67     -2.93    F        0.38
     5     6    300.00 -80767.22 -80860.83     12.06     -2.42    F        0.48
     6     5    300.00 -80859.51 -80764.15      2.64     -3.15    F        0.33
     7     8    300.00 -80754.74 -80897.04     28.13     -4.70    F        0.05
     8     7    300.00 -80895.96 -80751.53      5.16    167.32    F        0.05
# exchange       43
     1     8    300.00 -80857.32 -80870.80    -56.93     -1.33    F        0.88
     2     3    300.00 -80818.36 -80945.98      1.28     -2.38    T        0.56
     3     2    300.00 -80944.18 -80816.52      5.23     -3.49    T        0.28
     4     5    300.00 -80915.91 -80852.16      3.67     -2.92    F        0.37
     5     4    300.00 -80849.94 -80913.08     12.03     -2.42    F        0.47
     6     7    300.00 -80739.30 -80754.81      2.64     -3.17    F        0.33
     7     6    300.00 -80754.29 -80735.31     28.10     -4.70    F        0.05
     8     1    300.00 -80867.29 -80785.45      5.16    167.29    F        0.05
# exchange       44
     1     2    300.00 -81029.62 -80852.66    -56.93     -1.32    T        0.91
     2     1    300.00 -80851.37 -81028.42      1.28     -2.38    T        0.55
     3     4    300.00 -80877.50 -80679.52      5.23     -3.51    F        0.27
     4     3    300.00 -80677.49 -80872.68      3.64     -2.92    F        0.36
     5     6    300.00 -80757.57 -80798.30     12.03     -2.43    T        0.50
     6     5    300.00 -80795.94 -80754.95      2.63     -3.17    T        0.32
     7     8    300.00 -80995.77 -80714.31     28.10     -4.73    F        0.05
     8     7    300.00 -80713.02 -80989.63      5.14    167.29    F        0.05
# exchange       45
     1     8    300.00 -81118.74 -80968.33    -56.96     -1.32    F        0.89
     2     3    300.00 -80778.48 -80969.69      1.28     -2.38    T        0.58
     3     2    300.00 -80967.70 -80776.12      5.20     -3.51    T        0.27
     4     5    300.00 -80913.05 -80678.93      3.64     -2.92    F        0.36
     5     4    300.00 -80676.48 -80910.27     12.00     -2.43    F        0.49
     6     7    300.00 -80759.24 -80879.74      2.63     -3.19    F        0.31
     7     6    300.00 -80878.02 -80754.70     28.07     -4.73    F        0.04
     8     1    300.00 -80965.50 -81041.13      5.14    167.27    F        0.04
# exchange       46
     1     2    300.00 -80857.10 -80811.18    -56.96     -1.32    T        0.91
     2     1    300.00 -80810.22 -80855.87      1.27     -2.38    T        0.57
     3     4    300.00 -80874.51 -80799.01      5.20     -3.42    T        0.30
     4     3    300.00 -80796.39 -80871.91      3.62     -2.92    T        0.35
     5     6    300.00 -81021.15 -80864.19     12.00     -2.45    T        0.52
     6     5    300.00 -80861.36 -81018.07      2.64     -3.19    T        0.30
     7     8    300.00 -80733.84 -81088.72     28.07     -4.75    F        0.04
     8     7    300.00 -81087.62 -80727.14      5.11    167.27    F        0.04
# exchange       47
     1     8    300.00 -80828.03 -81043.90    -44.49     -1.32    F        0.89
     2     3    300.00 -81042.08 -80847.54      1.27     -2.40    F        0.55
     3     2    300.00 -80846.39 -81038.87      5.17     -3.42    F        0.30
     4     5    300.00 -80796.83 -81015.22      3.62     -2.91    T        0.38
     5     4    300.00 -81012.89 -80793.98     11.98     -2.45    T        0.51
     6     7    300.00 -80874.59 -80749.52      2.64     -3.21    F        0.30
     7     6    300.00 -80747.82 -80870.17     28.05     -4.75    F        0.04
     8     1    300.00 -81041.57 -80785.43      5.11    167.24    F        0.04
# exchange       48
     1     2    300.00 -80775.00 -80703.13    -44.49     -1.32    T        0.92
     2     1    300.00 -80702.10 -80773.64      1.26     -2.40    T        0.54
     3     4    300.00 -80770.53 -81057.04      5.17     -3.41    T        0.33
     4     3    300.00 -81054.71 -80767.30      3.60     -2.91    T        0.38
     5     6    300.00 -80797.31 -80870.75     11.98     -2.48    F        0.50
     6     5    300.00 -80868.03 -80792.33      2.64     -3.21    F        0.29
     7     8    300.00 -80780.68 -80965.53     28.05     -4.42    F        0.04
     8     7    300.00 -80963.11 -80777.68      5.09    167.24    F        0.04
# exchange       49
     1     8    300.00 -80834.76 -81094.20    -44.51     -1.32    F        0.90
     2     3    300.00 -80791.19 -80786.66      1.26     -2.32    F        0.53
     3     2    300.00 -80785.27 -80789.70      5.15     -3.41    F        0.33
     4     5    300.00 -80787.91 -81129.77      3.60     -2.91    F        0.37
     5     4    300.00 -81127.11 -80784.97     11.95     -2.48    F        0.49
     6     7    300.00 -80718.16 -80657.54      2.64     -3.23    F        0.29
     7     6    300.00 -80654.72 -80714.36     28.02     -4.42    F        0.04
     8     1    300.00 -81094.49 -80773.77      5.09    167.22    F        0.04
# exchange       50
     1     2    300.00 -81036.61 -80848.86    -44.51     -1.31    T        0.92
     2     1    300.00 -80847.46 -81035.40      1.27     -2.32    T        0.52
     3     4    300.00 -80893.48 -80894.81      5.15     -3.38    F        0.32
     4     3    300.00 -80892.49 -80890.57      3.58     -2.91    F        0.36
     5     6    300.00 -81024.67 -80799.00     11.95     -2.49    T        0.52
     6     5    300.00 -80796.12 -81021.60      2.65     -3.23    T        0.28
     7     8    300.00 -80733.56 -80979.08     28.02     -4.45    F        0.04
     8     7    300.00 -80977.85 -80725.56      5.06    167.22    F        0.04
